[INFO ] 2017-10-31 17:31:06,034 com.webtest.util.Log - hello
[INFO ] 2017-10-31 17:47:24,105 com.webtest.util.Log - Using Firefox
[INFO ] 2017-10-31 17:47:24,111 com.webtest.util.Log - firefox
[INFO ] 2017-10-31 17:47:33,530 com.webtest.util.Log - Opened url https://www.baidu.com/
[INFO ] 2017-10-31 17:47:48,399 com.webtest.util.Log - Quitted Browser
[INFO ] 2017-11-21 10:05:55,167 com.webtest.util.Log - Using Firefox
[INFO ] 2017-11-21 10:05:55,183 com.webtest.util.Log - firefox
[INFO ] 2017-11-21 10:05:55,860 com.webtest.util.Log - org.openqa.selenium.NoSuchElementException: Unable to locate element: #\.\/\/\*\[\@id\=\'s\-menu\-2\'\]\/button
For documentation on this error, please visit: http://seleniumhq.org/exceptions/no_such_element.html
Build info: version: '3.6.0', revision: '6fbf3ec767', time: '2017-09-27T16:15:40.131Z'
System info: host: 'LENOVO', ip: '10.7.90.232', os.name: 'Windows 10', os.arch: 'amd64', os.version: '10.0', java.version: '1.8.0_121'
Driver info: org.openqa.selenium.firefox.FirefoxDriver
Capabilities [{moz:profile=C:\Users\pc\AppData\Local\Temp\rust_mozprofile.hqPueIyLg8NW, rotatable=false, timeouts={implicit=0, pageLoad=300000, script=30000}, pageLoadStrategy=normal, platform=XP, specificationLevel=0, moz:accessibilityChecks=false, acceptInsecureCerts=true, browserVersion=55.0.3, platformVersion=10.0, moz:processID=13556, browserName=firefox, javascriptEnabled=true, platformName=XP}]
Session ID: 46e3af42-0ed2-408d-b690-b746244a6ca7
*** Element info: {Using=id, value=.//*[@id='s-menu-2']/button}
[INFO ] 2017-11-21 10:06:02,502 com.webtest.util.Log - Opened url http://127.0.0.1/ranzhi/sys/user-login-L3JhbnpoaS9zeXMv.html
[INFO ] 2017-11-21 10:06:02,950 com.webtest.util.Log - org.openqa.selenium.NoSuchElementException: Unable to locate element: #\.\/\/\*\[\@id\=\'submit\'\]
For documentation on this error, please visit: http://seleniumhq.org/exceptions/no_such_element.html
Build info: version: '3.6.0', revision: '6fbf3ec767', time: '2017-09-27T16:15:40.131Z'
System info: host: 'LENOVO', ip: '10.7.90.232', os.name: 'Windows 10', os.arch: 'amd64', os.version: '10.0', java.version: '1.8.0_121'
Driver info: org.openqa.selenium.firefox.FirefoxDriver
Capabilities [{moz:profile=C:\Users\pc\AppData\Local\Temp\rust_mozprofile.hqPueIyLg8NW, rotatable=false, timeouts={implicit=0, pageLoad=300000, script=30000}, pageLoadStrategy=normal, platform=XP, specificationLevel=0, moz:accessibilityChecks=false, acceptInsecureCerts=true, browserVersion=55.0.3, platformVersion=10.0, moz:processID=13556, browserName=firefox, javascriptEnabled=true, platformName=XP}]
Session ID: 46e3af42-0ed2-408d-b690-b746244a6ca7
*** Element info: {Using=id, value=.//*[@id='submit']}
[INFO ] 2017-11-21 10:06:02,984 com.webtest.util.Log - org.openqa.selenium.NoSuchElementException: Unable to locate element: #\.\/\/\*\[\@id\=\'mainNavbar\'\]\/ul\/li\[4\]\/a
For documentation on this error, please visit: http://seleniumhq.org/exceptions/no_such_element.html
Build info: version: '3.6.0', revision: '6fbf3ec767', time: '2017-09-27T16:15:40.131Z'
System info: host: 'LENOVO', ip: '10.7.90.232', os.name: 'Windows 10', os.arch: 'amd64', os.version: '10.0', java.version: '1.8.0_121'
Driver info: org.openqa.selenium.firefox.FirefoxDriver
Capabilities [{moz:profile=C:\Users\pc\AppData\Local\Temp\rust_mozprofile.hqPueIyLg8NW, rotatable=false, timeouts={implicit=0, pageLoad=300000, script=30000}, pageLoadStrategy=normal, platform=XP, specificationLevel=0, moz:accessibilityChecks=false, acceptInsecureCerts=true, browserVersion=55.0.3, platformVersion=10.0, moz:processID=13556, browserName=firefox, javascriptEnabled=true, platformName=XP}]
Session ID: 46e3af42-0ed2-408d-b690-b746244a6ca7
*** Element info: {Using=id, value=.//*[@id='mainNavbar']/ul/li[4]/a}
[INFO ] 2017-11-21 10:06:02,985 com.webtest.util.Log - linktest=¿¼ÇÚÃ÷Ï¸can't find element by prefix.
[INFO ] 2017-11-21 10:06:06,024 com.webtest.util.Log - org.openqa.selenium.NoSuchElementException: Unable to locate element: #\.\/\/\*\[\@id\=\'start\'\]
For documentation on this error, please visit: http://seleniumhq.org/exceptions/no_such_element.html
Build info: version: '3.6.0', revision: '6fbf3ec767', time: '2017-09-27T16:15:40.131Z'
System info: host: 'LENOVO', ip: '10.7.90.232', os.name: 'Windows 10', os.arch: 'amd64', os.version: '10.0', java.version: '1.8.0_121'
Driver info: org.openqa.selenium.firefox.FirefoxDriver
Capabilities [{moz:profile=C:\Users\pc\AppData\Local\Temp\rust_mozprofile.hqPueIyLg8NW, rotatable=false, timeouts={implicit=0, pageLoad=300000, script=30000}, pageLoadStrategy=normal, platform=XP, specificationLevel=0, moz:accessibilityChecks=false, acceptInsecureCerts=true, browserVersion=55.0.3, platformVersion=10.0, moz:processID=13556, browserName=firefox, javascriptEnabled=true, platformName=XP}]
Session ID: 46e3af42-0ed2-408d-b690-b746244a6ca7
*** Element info: {Using=id, value=.//*[@id='start']}
[INFO ] 2017-11-21 10:06:06,036 com.webtest.util.Log - org.openqa.selenium.NoSuchElementException: Unable to locate element: #\.\/\/\*\[\@id\=\'submit\'\]
For documentation on this error, please visit: http://seleniumhq.org/exceptions/no_such_element.html
Build info: version: '3.6.0', revision: '6fbf3ec767', time: '2017-09-27T16:15:40.131Z'
System info: host: 'LENOVO', ip: '10.7.90.232', os.name: 'Windows 10', os.arch: 'amd64', os.version: '10.0', java.version: '1.8.0_121'
Driver info: org.openqa.selenium.firefox.FirefoxDriver
Capabilities [{moz:profile=C:\Users\pc\AppData\Local\Temp\rust_mozprofile.hqPueIyLg8NW, rotatable=false, timeouts={implicit=0, pageLoad=300000, script=30000}, pageLoadStrategy=normal, platform=XP, specificationLevel=0, moz:accessibilityChecks=false, acceptInsecureCerts=true, browserVersion=55.0.3, platformVersion=10.0, moz:processID=13556, browserName=firefox, javascriptEnabled=true, platformName=XP}]
Session ID: 46e3af42-0ed2-408d-b690-b746244a6ca7
*** Element info: {Using=id, value=.//*[@id='submit']}
[INFO ] 2017-11-21 10:06:09,066 com.webtest.util.Log - org.openqa.selenium.NoSuchElementException: Unable to locate element: #\.\/\/\*\[\@id\=\'account_chosen\'\]\/a\/div
For documentation on this error, please visit: http://seleniumhq.org/exceptions/no_such_element.html
Build info: version: '3.6.0', revision: '6fbf3ec767', time: '2017-09-27T16:15:40.131Z'
System info: host: 'LENOVO', ip: '10.7.90.232', os.name: 'Windows 10', os.arch: 'amd64', os.version: '10.0', java.version: '1.8.0_121'
Driver info: org.openqa.selenium.firefox.FirefoxDriver
Capabilities [{moz:profile=C:\Users\pc\AppData\Local\Temp\rust_mozprofile.hqPueIyLg8NW, rotatable=false, timeouts={implicit=0, pageLoad=300000, script=30000}, pageLoadStrategy=normal, platform=XP, specificationLevel=0, moz:accessibilityChecks=false, acceptInsecureCerts=true, browserVersion=55.0.3, platformVersion=10.0, moz:processID=13556, browserName=firefox, javascriptEnabled=true, platformName=XP}]
Session ID: 46e3af42-0ed2-408d-b690-b746244a6ca7
*** Element info: {Using=id, value=.//*[@id='account_chosen']/a/div}
[INFO ] 2017-11-21 10:06:15,678 com.webtest.util.Log - Quitted Browser
[INFO ] 2017-11-21 10:06:42,972 com.webtest.util.Log - Using Firefox
[INFO ] 2017-11-21 10:06:42,984 com.webtest.util.Log - firefox
[INFO ] 2017-11-21 10:06:43,157 com.webtest.util.Log - org.openqa.selenium.NoSuchElementException: Unable to locate element: #\.\/\/\*\[\@id\=\'s\-menu\-2\'\]\/button
For documentation on this error, please visit: http://seleniumhq.org/exceptions/no_such_element.html
Build info: version: '3.6.0', revision: '6fbf3ec767', time: '2017-09-27T16:15:40.131Z'
System info: host: 'LENOVO', ip: '10.7.90.232', os.name: 'Windows 10', os.arch: 'amd64', os.version: '10.0', java.version: '1.8.0_121'
Driver info: org.openqa.selenium.firefox.FirefoxDriver
Capabilities [{moz:profile=C:\Users\pc\AppData\Local\Temp\rust_mozprofile.Fkvtk3izOaCh, rotatable=false, timeouts={implicit=0, pageLoad=300000, script=30000}, pageLoadStrategy=normal, platform=XP, specificationLevel=0, moz:accessibilityChecks=false, acceptInsecureCerts=true, browserVersion=55.0.3, platformVersion=10.0, moz:processID=3520, browserName=firefox, javascriptEnabled=true, platformName=XP}]
Session ID: 2a1d291d-af93-4d0f-a67c-a0cdf0478dcc
*** Element info: {Using=id, value=.//*[@id='s-menu-2']/button}
[INFO ] 2017-11-21 10:06:46,189 com.webtest.util.Log - org.openqa.selenium.NoSuchElementException: Unable to locate element: #\.\/\/\*\[\@id\=\'mainNavbar\'\]\/ul\/li\[4\]\/a
For documentation on this error, please visit: http://seleniumhq.org/exceptions/no_such_element.html
Build info: version: '3.6.0', revision: '6fbf3ec767', time: '2017-09-27T16:15:40.131Z'
System info: host: 'LENOVO', ip: '10.7.90.232', os.name: 'Windows 10', os.arch: 'amd64', os.version: '10.0', java.version: '1.8.0_121'
Driver info: org.openqa.selenium.firefox.FirefoxDriver
Capabilities [{moz:profile=C:\Users\pc\AppData\Local\Temp\rust_mozprofile.Fkvtk3izOaCh, rotatable=false, timeouts={implicit=0, pageLoad=300000, script=30000}, pageLoadStrategy=normal, platform=XP, specificationLevel=0, moz:accessibilityChecks=false, acceptInsecureCerts=true, browserVersion=55.0.3, platformVersion=10.0, moz:processID=3520, browserName=firefox, javascriptEnabled=true, platformName=XP}]
Session ID: 2a1d291d-af93-4d0f-a67c-a0cdf0478dcc
*** Element info: {Using=id, value=.//*[@id='mainNavbar']/ul/li[4]/a}
[INFO ] 2017-11-21 10:06:46,205 com.webtest.util.Log - linktest=¿¼ÇÚÃ÷Ï¸can't find element by prefix.
[INFO ] 2017-11-21 10:06:49,229 com.webtest.util.Log - org.openqa.selenium.NoSuchElementException: Unable to locate element: #\.\/\/\*\[\@id\=\'start\'\]
For documentation on this error, please visit: http://seleniumhq.org/exceptions/no_such_element.html
Build info: version: '3.6.0', revision: '6fbf3ec767', time: '2017-09-27T16:15:40.131Z'
System info: host: 'LENOVO', ip: '10.7.90.232', os.name: 'Windows 10', os.arch: 'amd64', os.version: '10.0', java.version: '1.8.0_121'
Driver info: org.openqa.selenium.firefox.FirefoxDriver
Capabilities [{moz:profile=C:\Users\pc\AppData\Local\Temp\rust_mozprofile.Fkvtk3izOaCh, rotatable=false, timeouts={implicit=0, pageLoad=300000, script=30000}, pageLoadStrategy=normal, platform=XP, specificationLevel=0, moz:accessibilityChecks=false, acceptInsecureCerts=true, browserVersion=55.0.3, platformVersion=10.0, moz:processID=3520, browserName=firefox, javascriptEnabled=true, platformName=XP}]
Session ID: 2a1d291d-af93-4d0f-a67c-a0cdf0478dcc
*** Element info: {Using=id, value=.//*[@id='start']}
[INFO ] 2017-11-21 10:06:49,249 com.webtest.util.Log - org.openqa.selenium.NoSuchElementException: Unable to locate element: #\.\/\/\*\[\@id\=\'submit\'\]
For documentation on this error, please visit: http://seleniumhq.org/exceptions/no_such_element.html
Build info: version: '3.6.0', revision: '6fbf3ec767', time: '2017-09-27T16:15:40.131Z'
System info: host: 'LENOVO', ip: '10.7.90.232', os.name: 'Windows 10', os.arch: 'amd64', os.version: '10.0', java.version: '1.8.0_121'
Driver info: org.openqa.selenium.firefox.FirefoxDriver
Capabilities [{moz:profile=C:\Users\pc\AppData\Local\Temp\rust_mozprofile.Fkvtk3izOaCh, rotatable=false, timeouts={implicit=0, pageLoad=300000, script=30000}, pageLoadStrategy=normal, platform=XP, specificationLevel=0, moz:accessibilityChecks=false, acceptInsecureCerts=true, browserVersion=55.0.3, platformVersion=10.0, moz:processID=3520, browserName=firefox, javascriptEnabled=true, platformName=XP}]
Session ID: 2a1d291d-af93-4d0f-a67c-a0cdf0478dcc
*** Element info: {Using=id, value=.//*[@id='submit']}
[INFO ] 2017-11-21 10:06:52,311 com.webtest.util.Log - org.openqa.selenium.NoSuchElementException: Unable to locate element: #\.\/\/\*\[\@id\=\'account_chosen\'\]\/a\/div
For documentation on this error, please visit: http://seleniumhq.org/exceptions/no_such_element.html
Build info: version: '3.6.0', revision: '6fbf3ec767', time: '2017-09-27T16:15:40.131Z'
System info: host: 'LENOVO', ip: '10.7.90.232', os.name: 'Windows 10', os.arch: 'amd64', os.version: '10.0', java.version: '1.8.0_121'
Driver info: org.openqa.selenium.firefox.FirefoxDriver
Capabilities [{moz:profile=C:\Users\pc\AppData\Local\Temp\rust_mozprofile.Fkvtk3izOaCh, rotatable=false, timeouts={implicit=0, pageLoad=300000, script=30000}, pageLoadStrategy=normal, platform=XP, specificationLevel=0, moz:accessibilityChecks=false, acceptInsecureCerts=true, browserVersion=55.0.3, platformVersion=10.0, moz:processID=3520, browserName=firefox, javascriptEnabled=true, platformName=XP}]
Session ID: 2a1d291d-af93-4d0f-a67c-a0cdf0478dcc
*** Element info: {Using=id, value=.//*[@id='account_chosen']/a/div}
[INFO ] 2017-11-21 10:06:54,772 com.webtest.util.Log - Quitted Browser
[INFO ] 2017-11-21 10:07:16,954 com.webtest.util.Log - Using Firefox
[INFO ] 2017-11-21 10:07:16,964 com.webtest.util.Log - firefox
[INFO ] 2017-11-21 10:07:17,239 com.webtest.util.Log - org.openqa.selenium.NoSuchElementException: Unable to locate element: #\.\/\/\*\[\@id\=\'s\-menu\-2\'\]\/button
For documentation on this error, please visit: http://seleniumhq.org/exceptions/no_such_element.html
Build info: version: '3.6.0', revision: '6fbf3ec767', time: '2017-09-27T16:15:40.131Z'
System info: host: 'LENOVO', ip: '10.7.90.232', os.name: 'Windows 10', os.arch: 'amd64', os.version: '10.0', java.version: '1.8.0_121'
Driver info: org.openqa.selenium.firefox.FirefoxDriver
Capabilities [{moz:profile=C:\Users\pc\AppData\Local\Temp\rust_mozprofile.JmDpUGqwwYx4, rotatable=false, timeouts={implicit=0, pageLoad=300000, script=30000}, pageLoadStrategy=normal, platform=XP, specificationLevel=0, moz:accessibilityChecks=false, acceptInsecureCerts=true, browserVersion=55.0.3, platformVersion=10.0, moz:processID=12592, browserName=firefox, javascriptEnabled=true, platformName=XP}]
Session ID: 199dc36e-2a29-45c8-8486-61b6baa98b73
*** Element info: {Using=id, value=.//*[@id='s-menu-2']/button}
[INFO ] 2017-11-21 10:07:25,136 com.webtest.util.Log - Opened url http://127.0.0.1/ranzhi/sys/user-login-L3JhbnpoaS9zeXMv.html
[INFO ] 2017-11-21 10:07:28,363 com.webtest.util.Log - org.openqa.selenium.NoSuchElementException: Unable to locate element: #\.\/\/\*\[\@id\=\'submit\'\]
For documentation on this error, please visit: http://seleniumhq.org/exceptions/no_such_element.html
Build info: version: '3.6.0', revision: '6fbf3ec767', time: '2017-09-27T16:15:40.131Z'
System info: host: 'LENOVO', ip: '10.7.90.232', os.name: 'Windows 10', os.arch: 'amd64', os.version: '10.0', java.version: '1.8.0_121'
Driver info: org.openqa.selenium.firefox.FirefoxDriver
Capabilities [{moz:profile=C:\Users\pc\AppData\Local\Temp\rust_mozprofile.JmDpUGqwwYx4, rotatable=false, timeouts={implicit=0, pageLoad=300000, script=30000}, pageLoadStrategy=normal, platform=XP, specificationLevel=0, moz:accessibilityChecks=false, acceptInsecureCerts=true, browserVersion=55.0.3, platformVersion=10.0, moz:processID=12592, browserName=firefox, javascriptEnabled=true, platformName=XP}]
Session ID: 199dc36e-2a29-45c8-8486-61b6baa98b73
*** Element info: {Using=id, value=.//*[@id='submit']}
[INFO ] 2017-11-21 10:07:28,389 com.webtest.util.Log - org.openqa.selenium.NoSuchElementException: Unable to locate element: #\.\/\/\*\[\@id\=\'mainNavbar\'\]\/ul\/li\[4\]\/a
For documentation on this error, please visit: http://seleniumhq.org/exceptions/no_such_element.html
Build info: version: '3.6.0', revision: '6fbf3ec767', time: '2017-09-27T16:15:40.131Z'
System info: host: 'LENOVO', ip: '10.7.90.232', os.name: 'Windows 10', os.arch: 'amd64', os.version: '10.0', java.version: '1.8.0_121'
Driver info: org.openqa.selenium.firefox.FirefoxDriver
Capabilities [{moz:profile=C:\Users\pc\AppData\Local\Temp\rust_mozprofile.JmDpUGqwwYx4, rotatable=false, timeouts={implicit=0, pageLoad=300000, script=30000}, pageLoadStrategy=normal, platform=XP, specificationLevel=0, moz:accessibilityChecks=false, acceptInsecureCerts=true, browserVersion=55.0.3, platformVersion=10.0, moz:processID=12592, browserName=firefox, javascriptEnabled=true, platformName=XP}]
Session ID: 199dc36e-2a29-45c8-8486-61b6baa98b73
*** Element info: {Using=id, value=.//*[@id='mainNavbar']/ul/li[4]/a}
[INFO ] 2017-11-21 10:07:28,389 com.webtest.util.Log - linktest=¿¼ÇÚÃ÷Ï¸can't find element by prefix.
[INFO ] 2017-11-21 10:07:31,413 com.webtest.util.Log - org.openqa.selenium.NoSuchElementException: Unable to locate element: #\.\/\/\*\[\@id\=\'start\'\]
For documentation on this error, please visit: http://seleniumhq.org/exceptions/no_such_element.html
Build info: version: '3.6.0', revision: '6fbf3ec767', time: '2017-09-27T16:15:40.131Z'
System info: host: 'LENOVO', ip: '10.7.90.232', os.name: 'Windows 10', os.arch: 'amd64', os.version: '10.0', java.version: '1.8.0_121'
Driver info: org.openqa.selenium.firefox.FirefoxDriver
Capabilities [{moz:profile=C:\Users\pc\AppData\Local\Temp\rust_mozprofile.JmDpUGqwwYx4, rotatable=false, timeouts={implicit=0, pageLoad=300000, script=30000}, pageLoadStrategy=normal, platform=XP, specificationLevel=0, moz:accessibilityChecks=false, acceptInsecureCerts=true, browserVersion=55.0.3, platformVersion=10.0, moz:processID=12592, browserName=firefox, javascriptEnabled=true, platformName=XP}]
Session ID: 199dc36e-2a29-45c8-8486-61b6baa98b73
*** Element info: {Using=id, value=.//*[@id='start']}
[INFO ] 2017-11-21 10:07:31,426 com.webtest.util.Log - org.openqa.selenium.NoSuchElementException: Unable to locate element: #\.\/\/\*\[\@id\=\'submit\'\]
For documentation on this error, please visit: http://seleniumhq.org/exceptions/no_such_element.html
Build info: version: '3.6.0', revision: '6fbf3ec767', time: '2017-09-27T16:15:40.131Z'
System info: host: 'LENOVO', ip: '10.7.90.232', os.name: 'Windows 10', os.arch: 'amd64', os.version: '10.0', java.version: '1.8.0_121'
Driver info: org.openqa.selenium.firefox.FirefoxDriver
Capabilities [{moz:profile=C:\Users\pc\AppData\Local\Temp\rust_mozprofile.JmDpUGqwwYx4, rotatable=false, timeouts={implicit=0, pageLoad=300000, script=30000}, pageLoadStrategy=normal, platform=XP, specificationLevel=0, moz:accessibilityChecks=false, acceptInsecureCerts=true, browserVersion=55.0.3, platformVersion=10.0, moz:processID=12592, browserName=firefox, javascriptEnabled=true, platformName=XP}]
Session ID: 199dc36e-2a29-45c8-8486-61b6baa98b73
*** Element info: {Using=id, value=.//*[@id='submit']}
[INFO ] 2017-11-21 10:07:34,473 com.webtest.util.Log - org.openqa.selenium.NoSuchElementException: Unable to locate element: #\.\/\/\*\[\@id\=\'account_chosen\'\]\/a\/div
For documentation on this error, please visit: http://seleniumhq.org/exceptions/no_such_element.html
Build info: version: '3.6.0', revision: '6fbf3ec767', time: '2017-09-27T16:15:40.131Z'
System info: host: 'LENOVO', ip: '10.7.90.232', os.name: 'Windows 10', os.arch: 'amd64', os.version: '10.0', java.version: '1.8.0_121'
Driver info: org.openqa.selenium.firefox.FirefoxDriver
Capabilities [{moz:profile=C:\Users\pc\AppData\Local\Temp\rust_mozprofile.JmDpUGqwwYx4, rotatable=false, timeouts={implicit=0, pageLoad=300000, script=30000}, pageLoadStrategy=normal, platform=XP, specificationLevel=0, moz:accessibilityChecks=false, acceptInsecureCerts=true, browserVersion=55.0.3, platformVersion=10.0, moz:processID=12592, browserName=firefox, javascriptEnabled=true, platformName=XP}]
Session ID: 199dc36e-2a29-45c8-8486-61b6baa98b73
*** Element info: {Using=id, value=.//*[@id='account_chosen']/a/div}
[INFO ] 2017-11-21 10:07:36,942 com.webtest.util.Log - Quitted Browser
[INFO ] 2017-11-21 10:10:48,784 com.webtest.util.Log - Using Firefox
[INFO ] 2017-11-21 10:10:48,796 com.webtest.util.Log - firefox
[INFO ] 2017-11-21 10:10:48,984 com.webtest.util.Log - org.openqa.selenium.NoSuchElementException: Unable to locate element: #\.\/\/\*\[\@id\=\'s\-menu\-2\'\]\/button
For documentation on this error, please visit: http://seleniumhq.org/exceptions/no_such_element.html
Build info: version: '3.6.0', revision: '6fbf3ec767', time: '2017-09-27T16:15:40.131Z'
System info: host: 'LENOVO', ip: '10.7.90.232', os.name: 'Windows 10', os.arch: 'amd64', os.version: '10.0', java.version: '1.8.0_121'
Driver info: org.openqa.selenium.firefox.FirefoxDriver
Capabilities [{moz:profile=C:\Users\pc\AppData\Local\Temp\rust_mozprofile.q9BuwFQBIUKN, rotatable=false, timeouts={implicit=0, pageLoad=300000, script=30000}, pageLoadStrategy=normal, platform=XP, specificationLevel=0, moz:accessibilityChecks=false, acceptInsecureCerts=true, browserVersion=55.0.3, platformVersion=10.0, moz:processID=3976, browserName=firefox, javascriptEnabled=true, platformName=XP}]
Session ID: 19dd1869-cca0-41aa-92eb-4849c84f7f16
*** Element info: {Using=id, value=.//*[@id='s-menu-2']/button}
[INFO ] 2017-11-21 10:10:56,485 com.webtest.util.Log - Opened url http://127.0.0.1/ranzhi/sys/user-login-L3JhbnpoaS9zeXMv.html
[INFO ] 2017-11-21 10:10:56,732 com.webtest.util.Log - org.openqa.selenium.NoSuchElementException: Unable to locate element: #\.\/\/\*\[\@id\=\'submit\'\]
For documentation on this error, please visit: http://seleniumhq.org/exceptions/no_such_element.html
Build info: version: '3.6.0', revision: '6fbf3ec767', time: '2017-09-27T16:15:40.131Z'
System info: host: 'LENOVO', ip: '10.7.90.232', os.name: 'Windows 10', os.arch: 'amd64', os.version: '10.0', java.version: '1.8.0_121'
Driver info: org.openqa.selenium.firefox.FirefoxDriver
Capabilities [{moz:profile=C:\Users\pc\AppData\Local\Temp\rust_mozprofile.q9BuwFQBIUKN, rotatable=false, timeouts={implicit=0, pageLoad=300000, script=30000}, pageLoadStrategy=normal, platform=XP, specificationLevel=0, moz:accessibilityChecks=false, acceptInsecureCerts=true, browserVersion=55.0.3, platformVersion=10.0, moz:processID=3976, browserName=firefox, javascriptEnabled=true, platformName=XP}]
Session ID: 19dd1869-cca0-41aa-92eb-4849c84f7f16
*** Element info: {Using=id, value=.//*[@id='submit']}
[INFO ] 2017-11-21 10:10:56,770 com.webtest.util.Log - org.openqa.selenium.NoSuchElementException: Unable to locate element: #\.\/\/\*\[\@id\=\'mainNavbar\'\]\/ul\/li\[4\]\/a
For documentation on this error, please visit: http://seleniumhq.org/exceptions/no_such_element.html
Build info: version: '3.6.0', revision: '6fbf3ec767', time: '2017-09-27T16:15:40.131Z'
System info: host: 'LENOVO', ip: '10.7.90.232', os.name: 'Windows 10', os.arch: 'amd64', os.version: '10.0', java.version: '1.8.0_121'
Driver info: org.openqa.selenium.firefox.FirefoxDriver
Capabilities [{moz:profile=C:\Users\pc\AppData\Local\Temp\rust_mozprofile.q9BuwFQBIUKN, rotatable=false, timeouts={implicit=0, pageLoad=300000, script=30000}, pageLoadStrategy=normal, platform=XP, specificationLevel=0, moz:accessibilityChecks=false, acceptInsecureCerts=true, browserVersion=55.0.3, platformVersion=10.0, moz:processID=3976, browserName=firefox, javascriptEnabled=true, platformName=XP}]
Session ID: 19dd1869-cca0-41aa-92eb-4849c84f7f16
*** Element info: {Using=id, value=.//*[@id='mainNavbar']/ul/li[4]/a}
[INFO ] 2017-11-21 10:10:56,770 com.webtest.util.Log - linktest=¿¼ÇÚÃ÷Ï¸can't find element by prefix.
[INFO ] 2017-11-21 10:10:59,803 com.webtest.util.Log - org.openqa.selenium.NoSuchElementException: Unable to locate element: #\.\/\/\*\[\@id\=\'start\'\]
For documentation on this error, please visit: http://seleniumhq.org/exceptions/no_such_element.html
Build info: version: '3.6.0', revision: '6fbf3ec767', time: '2017-09-27T16:15:40.131Z'
System info: host: 'LENOVO', ip: '10.7.90.232', os.name: 'Windows 10', os.arch: 'amd64', os.version: '10.0', java.version: '1.8.0_121'
Driver info: org.openqa.selenium.firefox.FirefoxDriver
Capabilities [{moz:profile=C:\Users\pc\AppData\Local\Temp\rust_mozprofile.q9BuwFQBIUKN, rotatable=false, timeouts={implicit=0, pageLoad=300000, script=30000}, pageLoadStrategy=normal, platform=XP, specificationLevel=0, moz:accessibilityChecks=false, acceptInsecureCerts=true, browserVersion=55.0.3, platformVersion=10.0, moz:processID=3976, browserName=firefox, javascriptEnabled=true, platformName=XP}]
Session ID: 19dd1869-cca0-41aa-92eb-4849c84f7f16
*** Element info: {Using=id, value=.//*[@id='start']}
[INFO ] 2017-11-21 10:10:59,813 com.webtest.util.Log - org.openqa.selenium.NoSuchElementException: Unable to locate element: #\.\/\/\*\[\@id\=\'submit\'\]
For documentation on this error, please visit: http://seleniumhq.org/exceptions/no_such_element.html
Build info: version: '3.6.0', revision: '6fbf3ec767', time: '2017-09-27T16:15:40.131Z'
System info: host: 'LENOVO', ip: '10.7.90.232', os.name: 'Windows 10', os.arch: 'amd64', os.version: '10.0', java.version: '1.8.0_121'
Driver info: org.openqa.selenium.firefox.FirefoxDriver
Capabilities [{moz:profile=C:\Users\pc\AppData\Local\Temp\rust_mozprofile.q9BuwFQBIUKN, rotatable=false, timeouts={implicit=0, pageLoad=300000, script=30000}, pageLoadStrategy=normal, platform=XP, specificationLevel=0, moz:accessibilityChecks=false, acceptInsecureCerts=true, browserVersion=55.0.3, platformVersion=10.0, moz:processID=3976, browserName=firefox, javascriptEnabled=true, platformName=XP}]
Session ID: 19dd1869-cca0-41aa-92eb-4849c84f7f16
*** Element info: {Using=id, value=.//*[@id='submit']}
[INFO ] 2017-11-21 10:11:02,417 com.webtest.util.Log - Quitted Browser
[INFO ] 2017-11-21 10:11:32,540 com.webtest.util.Log - Using Firefox
[INFO ] 2017-11-21 10:11:32,544 com.webtest.util.Log - firefox
[INFO ] 2017-11-21 10:11:32,756 com.webtest.util.Log - org.openqa.selenium.NoSuchElementException: Unable to locate element: #\.\/\/\*\[\@id\=\'s\-menu\-2\'\]\/button
For documentation on this error, please visit: http://seleniumhq.org/exceptions/no_such_element.html
Build info: version: '3.6.0', revision: '6fbf3ec767', time: '2017-09-27T16:15:40.131Z'
System info: host: 'LENOVO', ip: '10.7.90.232', os.name: 'Windows 10', os.arch: 'amd64', os.version: '10.0', java.version: '1.8.0_121'
Driver info: org.openqa.selenium.firefox.FirefoxDriver
Capabilities [{moz:profile=C:\Users\pc\AppData\Local\Temp\rust_mozprofile.MsG7ZS7B6ErN, rotatable=false, timeouts={implicit=0, pageLoad=300000, script=30000}, pageLoadStrategy=normal, platform=XP, specificationLevel=0, moz:accessibilityChecks=false, acceptInsecureCerts=true, browserVersion=55.0.3, platformVersion=10.0, moz:processID=7228, browserName=firefox, javascriptEnabled=true, platformName=XP}]
Session ID: 69732390-c79c-4226-9cbc-35c314901db2
*** Element info: {Using=id, value=.//*[@id='s-menu-2']/button}
[INFO ] 2017-11-21 10:11:39,245 com.webtest.util.Log - Opened url http://127.0.0.1/ranzhi/sys/user-login-L3JhbnpoaS9zeXMv.html
[INFO ] 2017-11-21 10:11:39,560 com.webtest.util.Log - org.openqa.selenium.NoSuchElementException: Unable to locate element: #\.\/\/\*\[\@id\=\'submit\'\]
For documentation on this error, please visit: http://seleniumhq.org/exceptions/no_such_element.html
Build info: version: '3.6.0', revision: '6fbf3ec767', time: '2017-09-27T16:15:40.131Z'
System info: host: 'LENOVO', ip: '10.7.90.232', os.name: 'Windows 10', os.arch: 'amd64', os.version: '10.0', java.version: '1.8.0_121'
Driver info: org.openqa.selenium.firefox.FirefoxDriver
Capabilities [{moz:profile=C:\Users\pc\AppData\Local\Temp\rust_mozprofile.MsG7ZS7B6ErN, rotatable=false, timeouts={implicit=0, pageLoad=300000, script=30000}, pageLoadStrategy=normal, platform=XP, specificationLevel=0, moz:accessibilityChecks=false, acceptInsecureCerts=true, browserVersion=55.0.3, platformVersion=10.0, moz:processID=7228, browserName=firefox, javascriptEnabled=true, platformName=XP}]
Session ID: 69732390-c79c-4226-9cbc-35c314901db2
*** Element info: {Using=id, value=.//*[@id='submit']}
[INFO ] 2017-11-21 10:11:39,575 com.webtest.util.Log - org.openqa.selenium.NoSuchElementException: Unable to locate element: #\.\/\/\*\[\@id\=\'mainNavbar\'\]\/ul\/li\[4\]\/a
For documentation on this error, please visit: http://seleniumhq.org/exceptions/no_such_element.html
Build info: version: '3.6.0', revision: '6fbf3ec767', time: '2017-09-27T16:15:40.131Z'
System info: host: 'LENOVO', ip: '10.7.90.232', os.name: 'Windows 10', os.arch: 'amd64', os.version: '10.0', java.version: '1.8.0_121'
Driver info: org.openqa.selenium.firefox.FirefoxDriver
Capabilities [{moz:profile=C:\Users\pc\AppData\Local\Temp\rust_mozprofile.MsG7ZS7B6ErN, rotatable=false, timeouts={implicit=0, pageLoad=300000, script=30000}, pageLoadStrategy=normal, platform=XP, specificationLevel=0, moz:accessibilityChecks=false, acceptInsecureCerts=true, browserVersion=55.0.3, platformVersion=10.0, moz:processID=7228, browserName=firefox, javascriptEnabled=true, platformName=XP}]
Session ID: 69732390-c79c-4226-9cbc-35c314901db2
*** Element info: {Using=id, value=.//*[@id='mainNavbar']/ul/li[4]/a}
[INFO ] 2017-11-21 10:11:39,575 com.webtest.util.Log - linktest=¿¼ÇÚÃ÷Ï¸can't find element by prefix.
[INFO ] 2017-11-21 10:11:42,613 com.webtest.util.Log - org.openqa.selenium.NoSuchElementException: Unable to locate element: #\.\/\/\*\[\@id\=\'start\'\]
For documentation on this error, please visit: http://seleniumhq.org/exceptions/no_such_element.html
Build info: version: '3.6.0', revision: '6fbf3ec767', time: '2017-09-27T16:15:40.131Z'
System info: host: 'LENOVO', ip: '10.7.90.232', os.name: 'Windows 10', os.arch: 'amd64', os.version: '10.0', java.version: '1.8.0_121'
Driver info: org.openqa.selenium.firefox.FirefoxDriver
Capabilities [{moz:profile=C:\Users\pc\AppData\Local\Temp\rust_mozprofile.MsG7ZS7B6ErN, rotatable=false, timeouts={implicit=0, pageLoad=300000, script=30000}, pageLoadStrategy=normal, platform=XP, specificationLevel=0, moz:accessibilityChecks=false, acceptInsecureCerts=true, browserVersion=55.0.3, platformVersion=10.0, moz:processID=7228, browserName=firefox, javascriptEnabled=true, platformName=XP}]
Session ID: 69732390-c79c-4226-9cbc-35c314901db2
*** Element info: {Using=id, value=.//*[@id='start']}
[INFO ] 2017-11-21 10:11:42,627 com.webtest.util.Log - org.openqa.selenium.NoSuchElementException: Unable to locate element: #\.\/\/\*\[\@id\=\'submit\'\]
For documentation on this error, please visit: http://seleniumhq.org/exceptions/no_such_element.html
Build info: version: '3.6.0', revision: '6fbf3ec767', time: '2017-09-27T16:15:40.131Z'
System info: host: 'LENOVO', ip: '10.7.90.232', os.name: 'Windows 10', os.arch: 'amd64', os.version: '10.0', java.version: '1.8.0_121'
Driver info: org.openqa.selenium.firefox.FirefoxDriver
Capabilities [{moz:profile=C:\Users\pc\AppData\Local\Temp\rust_mozprofile.MsG7ZS7B6ErN, rotatable=false, timeouts={implicit=0, pageLoad=300000, script=30000}, pageLoadStrategy=normal, platform=XP, specificationLevel=0, moz:accessibilityChecks=false, acceptInsecureCerts=true, browserVersion=55.0.3, platformVersion=10.0, moz:processID=7228, browserName=firefox, javascriptEnabled=true, platformName=XP}]
Session ID: 69732390-c79c-4226-9cbc-35c314901db2
*** Element info: {Using=id, value=.//*[@id='submit']}
[INFO ] 2017-11-21 10:11:45,164 com.webtest.util.Log - Quitted Browser
[INFO ] 2017-11-21 10:12:45,869 com.webtest.util.Log - Using Firefox
[INFO ] 2017-11-21 10:12:45,889 com.webtest.util.Log - firefox
[INFO ] 2017-11-21 10:12:46,070 com.webtest.util.Log - org.openqa.selenium.NoSuchElementException: Unable to locate element: #\.\/\/\*\[\@id\=\'s\-menu\-2\'\]\/button
For documentation on this error, please visit: http://seleniumhq.org/exceptions/no_such_element.html
Build info: version: '3.6.0', revision: '6fbf3ec767', time: '2017-09-27T16:15:40.131Z'
System info: host: 'LENOVO', ip: '10.7.90.232', os.name: 'Windows 10', os.arch: 'amd64', os.version: '10.0', java.version: '1.8.0_121'
Driver info: org.openqa.selenium.firefox.FirefoxDriver
Capabilities [{moz:profile=C:\Users\pc\AppData\Local\Temp\rust_mozprofile.QOBSLEWkTqRq, rotatable=false, timeouts={implicit=0, pageLoad=300000, script=30000}, pageLoadStrategy=normal, platform=XP, specificationLevel=0, moz:accessibilityChecks=false, acceptInsecureCerts=true, browserVersion=55.0.3, platformVersion=10.0, moz:processID=3060, browserName=firefox, javascriptEnabled=true, platformName=XP}]
Session ID: f3bffa93-24a6-4c24-a0f0-f264d09ee0a1
*** Element info: {Using=id, value=.//*[@id='s-menu-2']/button}
[INFO ] 2017-11-21 10:12:52,537 com.webtest.util.Log - Opened url http://127.0.0.1/ranzhi/sys/user-login-L3JhbnpoaS9zeXMv.html
[INFO ] 2017-11-21 10:12:55,746 com.webtest.util.Log - org.openqa.selenium.NoSuchElementException: Unable to locate element: #\.\/\/\*\[\@id\=\'submit\'\]
For documentation on this error, please visit: http://seleniumhq.org/exceptions/no_such_element.html
Build info: version: '3.6.0', revision: '6fbf3ec767', time: '2017-09-27T16:15:40.131Z'
System info: host: 'LENOVO', ip: '10.7.90.232', os.name: 'Windows 10', os.arch: 'amd64', os.version: '10.0', java.version: '1.8.0_121'
Driver info: org.openqa.selenium.firefox.FirefoxDriver
Capabilities [{moz:profile=C:\Users\pc\AppData\Local\Temp\rust_mozprofile.QOBSLEWkTqRq, rotatable=false, timeouts={implicit=0, pageLoad=300000, script=30000}, pageLoadStrategy=normal, platform=XP, specificationLevel=0, moz:accessibilityChecks=false, acceptInsecureCerts=true, browserVersion=55.0.3, platformVersion=10.0, moz:processID=3060, browserName=firefox, javascriptEnabled=true, platformName=XP}]
Session ID: f3bffa93-24a6-4c24-a0f0-f264d09ee0a1
*** Element info: {Using=id, value=.//*[@id='submit']}
[INFO ] 2017-11-21 10:12:55,777 com.webtest.util.Log - org.openqa.selenium.NoSuchElementException: Unable to locate element: #\.\/\/\*\[\@id\=\'mainNavbar\'\]\/ul\/li\[4\]\/a
For documentation on this error, please visit: http://seleniumhq.org/exceptions/no_such_element.html
Build info: version: '3.6.0', revision: '6fbf3ec767', time: '2017-09-27T16:15:40.131Z'
System info: host: 'LENOVO', ip: '10.7.90.232', os.name: 'Windows 10', os.arch: 'amd64', os.version: '10.0', java.version: '1.8.0_121'
Driver info: org.openqa.selenium.firefox.FirefoxDriver
Capabilities [{moz:profile=C:\Users\pc\AppData\Local\Temp\rust_mozprofile.QOBSLEWkTqRq, rotatable=false, timeouts={implicit=0, pageLoad=300000, script=30000}, pageLoadStrategy=normal, platform=XP, specificationLevel=0, moz:accessibilityChecks=false, acceptInsecureCerts=true, browserVersion=55.0.3, platformVersion=10.0, moz:processID=3060, browserName=firefox, javascriptEnabled=true, platformName=XP}]
Session ID: f3bffa93-24a6-4c24-a0f0-f264d09ee0a1
*** Element info: {Using=id, value=.//*[@id='mainNavbar']/ul/li[4]/a}
[INFO ] 2017-11-21 10:12:55,777 com.webtest.util.Log - linktest=¿¼ÇÚÃ÷Ï¸can't find element by prefix.
[INFO ] 2017-11-21 10:12:58,814 com.webtest.util.Log - org.openqa.selenium.NoSuchElementException: Unable to locate element: #\.\/\/\*\[\@id\=\'start\'\]
For documentation on this error, please visit: http://seleniumhq.org/exceptions/no_such_element.html
Build info: version: '3.6.0', revision: '6fbf3ec767', time: '2017-09-27T16:15:40.131Z'
System info: host: 'LENOVO', ip: '10.7.90.232', os.name: 'Windows 10', os.arch: 'amd64', os.version: '10.0', java.version: '1.8.0_121'
Driver info: org.openqa.selenium.firefox.FirefoxDriver
Capabilities [{moz:profile=C:\Users\pc\AppData\Local\Temp\rust_mozprofile.QOBSLEWkTqRq, rotatable=false, timeouts={implicit=0, pageLoad=300000, script=30000}, pageLoadStrategy=normal, platform=XP, specificationLevel=0, moz:accessibilityChecks=false, acceptInsecureCerts=true, browserVersion=55.0.3, platformVersion=10.0, moz:processID=3060, browserName=firefox, javascriptEnabled=true, platformName=XP}]
Session ID: f3bffa93-24a6-4c24-a0f0-f264d09ee0a1
*** Element info: {Using=id, value=.//*[@id='start']}
[INFO ] 2017-11-21 10:12:58,821 com.webtest.util.Log - org.openqa.selenium.NoSuchElementException: Unable to locate element: #\.\/\/\*\[\@id\=\'submit\'\]
For documentation on this error, please visit: http://seleniumhq.org/exceptions/no_such_element.html
Build info: version: '3.6.0', revision: '6fbf3ec767', time: '2017-09-27T16:15:40.131Z'
System info: host: 'LENOVO', ip: '10.7.90.232', os.name: 'Windows 10', os.arch: 'amd64', os.version: '10.0', java.version: '1.8.0_121'
Driver info: org.openqa.selenium.firefox.FirefoxDriver
Capabilities [{moz:profile=C:\Users\pc\AppData\Local\Temp\rust_mozprofile.QOBSLEWkTqRq, rotatable=false, timeouts={implicit=0, pageLoad=300000, script=30000}, pageLoadStrategy=normal, platform=XP, specificationLevel=0, moz:accessibilityChecks=false, acceptInsecureCerts=true, browserVersion=55.0.3, platformVersion=10.0, moz:processID=3060, browserName=firefox, javascriptEnabled=true, platformName=XP}]
Session ID: f3bffa93-24a6-4c24-a0f0-f264d09ee0a1
*** Element info: {Using=id, value=.//*[@id='submit']}
[INFO ] 2017-11-21 10:13:01,376 com.webtest.util.Log - Quitted Browser
[INFO ] 2017-11-21 10:31:20,791 com.webtest.util.Log - Using Firefox
[INFO ] 2017-11-21 10:31:20,795 com.webtest.util.Log - firefox
[INFO ] 2017-11-21 10:31:20,973 com.webtest.util.Log - org.openqa.selenium.NoSuchElementException: Unable to locate element: #\.\/\/\*\[\@id\=\'s\-menu\-2\'\]\/button
For documentation on this error, please visit: http://seleniumhq.org/exceptions/no_such_element.html
Build info: version: '3.6.0', revision: '6fbf3ec767', time: '2017-09-27T16:15:40.131Z'
System info: host: 'LENOVO', ip: '10.7.90.232', os.name: 'Windows 10', os.arch: 'amd64', os.version: '10.0', java.version: '1.8.0_121'
Driver info: org.openqa.selenium.firefox.FirefoxDriver
Capabilities [{moz:profile=C:\Users\pc\AppData\Local\Temp\rust_mozprofile.rqYJDcjea6Id, rotatable=false, timeouts={implicit=0, pageLoad=300000, script=30000}, pageLoadStrategy=normal, platform=XP, specificationLevel=0, moz:accessibilityChecks=false, acceptInsecureCerts=true, browserVersion=55.0.3, platformVersion=10.0, moz:processID=12788, browserName=firefox, javascriptEnabled=true, platformName=XP}]
Session ID: 1659ae2e-1ff5-40f3-affe-1da76bd8405d
*** Element info: {Using=id, value=.//*[@id='s-menu-2']/button}
[INFO ] 2017-11-21 10:31:29,291 com.webtest.util.Log - Opened url http://127.0.0.1/ranzhi/sys/user-login-L3JhbnpoaS9zeXMv.html
[INFO ] 2017-11-21 10:31:32,518 com.webtest.util.Log - org.openqa.selenium.NoSuchElementException: Unable to locate element: #\.\/\/\*\[\@id\=\'submit\'\]
For documentation on this error, please visit: http://seleniumhq.org/exceptions/no_such_element.html
Build info: version: '3.6.0', revision: '6fbf3ec767', time: '2017-09-27T16:15:40.131Z'
System info: host: 'LENOVO', ip: '10.7.90.232', os.name: 'Windows 10', os.arch: 'amd64', os.version: '10.0', java.version: '1.8.0_121'
Driver info: org.openqa.selenium.firefox.FirefoxDriver
Capabilities [{moz:profile=C:\Users\pc\AppData\Local\Temp\rust_mozprofile.rqYJDcjea6Id, rotatable=false, timeouts={implicit=0, pageLoad=300000, script=30000}, pageLoadStrategy=normal, platform=XP, specificationLevel=0, moz:accessibilityChecks=false, acceptInsecureCerts=true, browserVersion=55.0.3, platformVersion=10.0, moz:processID=12788, browserName=firefox, javascriptEnabled=true, platformName=XP}]
Session ID: 1659ae2e-1ff5-40f3-affe-1da76bd8405d
*** Element info: {Using=id, value=.//*[@id='submit']}
[INFO ] 2017-11-21 10:31:32,551 com.webtest.util.Log - org.openqa.selenium.NoSuchElementException: Unable to locate element: #\.\/\/\*\[\@id\=\'mainNavbar\'\]\/ul\/li\[4\]\/a
For documentation on this error, please visit: http://seleniumhq.org/exceptions/no_such_element.html
Build info: version: '3.6.0', revision: '6fbf3ec767', time: '2017-09-27T16:15:40.131Z'
System info: host: 'LENOVO', ip: '10.7.90.232', os.name: 'Windows 10', os.arch: 'amd64', os.version: '10.0', java.version: '1.8.0_121'
Driver info: org.openqa.selenium.firefox.FirefoxDriver
Capabilities [{moz:profile=C:\Users\pc\AppData\Local\Temp\rust_mozprofile.rqYJDcjea6Id, rotatable=false, timeouts={implicit=0, pageLoad=300000, script=30000}, pageLoadStrategy=normal, platform=XP, specificationLevel=0, moz:accessibilityChecks=false, acceptInsecureCerts=true, browserVersion=55.0.3, platformVersion=10.0, moz:processID=12788, browserName=firefox, javascriptEnabled=true, platformName=XP}]
Session ID: 1659ae2e-1ff5-40f3-affe-1da76bd8405d
*** Element info: {Using=id, value=.//*[@id='mainNavbar']/ul/li[4]/a}
[INFO ] 2017-11-21 10:31:32,551 com.webtest.util.Log - linktest=¿¼ÇÚÃ÷Ï¸can't find element by prefix.
[INFO ] 2017-11-21 10:31:35,571 com.webtest.util.Log - org.openqa.selenium.NoSuchElementException: Unable to locate element: #\.\/\/\*\[\@id\=\'start\'\]
For documentation on this error, please visit: http://seleniumhq.org/exceptions/no_such_element.html
Build info: version: '3.6.0', revision: '6fbf3ec767', time: '2017-09-27T16:15:40.131Z'
System info: host: 'LENOVO', ip: '10.7.90.232', os.name: 'Windows 10', os.arch: 'amd64', os.version: '10.0', java.version: '1.8.0_121'
Driver info: org.openqa.selenium.firefox.FirefoxDriver
Capabilities [{moz:profile=C:\Users\pc\AppData\Local\Temp\rust_mozprofile.rqYJDcjea6Id, rotatable=false, timeouts={implicit=0, pageLoad=300000, script=30000}, pageLoadStrategy=normal, platform=XP, specificationLevel=0, moz:accessibilityChecks=false, acceptInsecureCerts=true, browserVersion=55.0.3, platformVersion=10.0, moz:processID=12788, browserName=firefox, javascriptEnabled=true, platformName=XP}]
Session ID: 1659ae2e-1ff5-40f3-affe-1da76bd8405d
*** Element info: {Using=id, value=.//*[@id='start']}
[INFO ] 2017-11-21 10:31:35,584 com.webtest.util.Log - org.openqa.selenium.NoSuchElementException: Unable to locate element: #\.\/\/\*\[\@id\=\'submit\'\]
For documentation on this error, please visit: http://seleniumhq.org/exceptions/no_such_element.html
Build info: version: '3.6.0', revision: '6fbf3ec767', time: '2017-09-27T16:15:40.131Z'
System info: host: 'LENOVO', ip: '10.7.90.232', os.name: 'Windows 10', os.arch: 'amd64', os.version: '10.0', java.version: '1.8.0_121'
Driver info: org.openqa.selenium.firefox.FirefoxDriver
Capabilities [{moz:profile=C:\Users\pc\AppData\Local\Temp\rust_mozprofile.rqYJDcjea6Id, rotatable=false, timeouts={implicit=0, pageLoad=300000, script=30000}, pageLoadStrategy=normal, platform=XP, specificationLevel=0, moz:accessibilityChecks=false, acceptInsecureCerts=true, browserVersion=55.0.3, platformVersion=10.0, moz:processID=12788, browserName=firefox, javascriptEnabled=true, platformName=XP}]
Session ID: 1659ae2e-1ff5-40f3-affe-1da76bd8405d
*** Element info: {Using=id, value=.//*[@id='submit']}
[INFO ] 2017-11-21 10:31:38,510 com.webtest.util.Log - Quitted Browser
[INFO ] 2017-11-21 10:32:38,483 com.webtest.util.Log - Using Firefox
[INFO ] 2017-11-21 10:32:38,502 com.webtest.util.Log - firefox
[INFO ] 2017-11-21 10:32:38,683 com.webtest.util.Log - org.openqa.selenium.NoSuchElementException: Unable to locate element: .//*[@id='s-menu-2']/button
For documentation on this error, please visit: http://seleniumhq.org/exceptions/no_such_element.html
Build info: version: '3.6.0', revision: '6fbf3ec767', time: '2017-09-27T16:15:40.131Z'
System info: host: 'LENOVO', ip: '10.7.90.232', os.name: 'Windows 10', os.arch: 'amd64', os.version: '10.0', java.version: '1.8.0_121'
Driver info: org.openqa.selenium.firefox.FirefoxDriver
Capabilities [{moz:profile=C:\Users\pc\AppData\Local\Temp\rust_mozprofile.1ibRfWMJX3IY, rotatable=false, timeouts={implicit=0, pageLoad=300000, script=30000}, pageLoadStrategy=normal, platform=XP, specificationLevel=0, moz:accessibilityChecks=false, acceptInsecureCerts=true, browserVersion=55.0.3, platformVersion=10.0, moz:processID=3824, browserName=firefox, javascriptEnabled=true, platformName=XP}]
Session ID: 94953e83-9c59-4192-88d7-3d9adc10c4da
*** Element info: {Using=xpath, value=.//*[@id='s-menu-2']/button}
[INFO ] 2017-11-21 10:32:45,436 com.webtest.util.Log - Opened url http://127.0.0.1/ranzhi/sys/user-login-L3JhbnpoaS9zeXMv.html
[INFO ] 2017-11-21 10:32:52,330 com.webtest.util.Log - org.openqa.selenium.NoSuchElementException: Unable to locate element: .//*[@id='mainNavbar']/ul/li[4]/a
For documentation on this error, please visit: http://seleniumhq.org/exceptions/no_such_element.html
Build info: version: '3.6.0', revision: '6fbf3ec767', time: '2017-09-27T16:15:40.131Z'
System info: host: 'LENOVO', ip: '10.7.90.232', os.name: 'Windows 10', os.arch: 'amd64', os.version: '10.0', java.version: '1.8.0_121'
Driver info: org.openqa.selenium.firefox.FirefoxDriver
Capabilities [{moz:profile=C:\Users\pc\AppData\Local\Temp\rust_mozprofile.1ibRfWMJX3IY, rotatable=false, timeouts={implicit=0, pageLoad=300000, script=30000}, pageLoadStrategy=normal, platform=XP, specificationLevel=0, moz:accessibilityChecks=false, acceptInsecureCerts=true, browserVersion=55.0.3, platformVersion=10.0, moz:processID=3824, browserName=firefox, javascriptEnabled=true, platformName=XP}]
Session ID: 94953e83-9c59-4192-88d7-3d9adc10c4da
*** Element info: {Using=xpath, value=.//*[@id='mainNavbar']/ul/li[4]/a}
[INFO ] 2017-11-21 10:32:52,331 com.webtest.util.Log - linktest=¿¼ÇÚÃ÷Ï¸can't find element by prefix.
[INFO ] 2017-11-21 10:32:55,549 com.webtest.util.Log - org.openqa.selenium.NoSuchElementException: Unable to locate element: #\.\/\/\*\[\@id\=\'submit\'\]
For documentation on this error, please visit: http://seleniumhq.org/exceptions/no_such_element.html
Build info: version: '3.6.0', revision: '6fbf3ec767', time: '2017-09-27T16:15:40.131Z'
System info: host: 'LENOVO', ip: '10.7.90.232', os.name: 'Windows 10', os.arch: 'amd64', os.version: '10.0', java.version: '1.8.0_121'
Driver info: org.openqa.selenium.firefox.FirefoxDriver
Capabilities [{moz:profile=C:\Users\pc\AppData\Local\Temp\rust_mozprofile.1ibRfWMJX3IY, rotatable=false, timeouts={implicit=0, pageLoad=300000, script=30000}, pageLoadStrategy=normal, platform=XP, specificationLevel=0, moz:accessibilityChecks=false, acceptInsecureCerts=true, browserVersion=55.0.3, platformVersion=10.0, moz:processID=3824, browserName=firefox, javascriptEnabled=true, platformName=XP}]
Session ID: 94953e83-9c59-4192-88d7-3d9adc10c4da
*** Element info: {Using=id, value=.//*[@id='submit']}
[INFO ] 2017-11-21 10:32:58,561 com.webtest.util.Log - Quitted Browser
[INFO ] 2017-11-21 10:34:53,894 com.webtest.util.Log - Using Firefox
[INFO ] 2017-11-21 10:34:53,900 com.webtest.util.Log - firefox
[INFO ] 2017-11-21 10:34:54,163 com.webtest.util.Log - org.openqa.selenium.NoSuchElementException: Unable to locate element: .//*[@id='s-menu-2']/button
For documentation on this error, please visit: http://seleniumhq.org/exceptions/no_such_element.html
Build info: version: '3.6.0', revision: '6fbf3ec767', time: '2017-09-27T16:15:40.131Z'
System info: host: 'LENOVO', ip: '10.7.90.232', os.name: 'Windows 10', os.arch: 'amd64', os.version: '10.0', java.version: '1.8.0_121'
Driver info: org.openqa.selenium.firefox.FirefoxDriver
Capabilities [{moz:profile=C:\Users\pc\AppData\Local\Temp\rust_mozprofile.m2q8dLKxDjTk, rotatable=false, timeouts={implicit=0, pageLoad=300000, script=30000}, pageLoadStrategy=normal, platform=XP, specificationLevel=0, moz:accessibilityChecks=false, acceptInsecureCerts=true, browserVersion=55.0.3, platformVersion=10.0, moz:processID=13116, browserName=firefox, javascriptEnabled=true, platformName=XP}]
Session ID: 43d9381e-5a4d-4cc5-9a87-912bea9c4115
*** Element info: {Using=xpath, value=.//*[@id='s-menu-2']/button}
[INFO ] 2017-11-21 10:35:01,955 com.webtest.util.Log - Opened url http://127.0.0.1/ranzhi/sys/user-login-L3JhbnpoaS9zeXMv.html
[INFO ] 2017-11-21 10:35:08,854 com.webtest.util.Log - org.openqa.selenium.NoSuchElementException: Unable to locate element: .//*[@id='mainNavbar']/ul/li[4]/a
For documentation on this error, please visit: http://seleniumhq.org/exceptions/no_such_element.html
Build info: version: '3.6.0', revision: '6fbf3ec767', time: '2017-09-27T16:15:40.131Z'
System info: host: 'LENOVO', ip: '10.7.90.232', os.name: 'Windows 10', os.arch: 'amd64', os.version: '10.0', java.version: '1.8.0_121'
Driver info: org.openqa.selenium.firefox.FirefoxDriver
Capabilities [{moz:profile=C:\Users\pc\AppData\Local\Temp\rust_mozprofile.m2q8dLKxDjTk, rotatable=false, timeouts={implicit=0, pageLoad=300000, script=30000}, pageLoadStrategy=normal, platform=XP, specificationLevel=0, moz:accessibilityChecks=false, acceptInsecureCerts=true, browserVersion=55.0.3, platformVersion=10.0, moz:processID=13116, browserName=firefox, javascriptEnabled=true, platformName=XP}]
Session ID: 43d9381e-5a4d-4cc5-9a87-912bea9c4115
*** Element info: {Using=xpath, value=.//*[@id='mainNavbar']/ul/li[4]/a}
[INFO ] 2017-11-21 10:35:08,855 com.webtest.util.Log - linktest=¿¼ÇÚÃ÷Ï¸can't find element by prefix.
[INFO ] 2017-11-21 10:35:12,056 com.webtest.util.Log - org.openqa.selenium.NoSuchElementException: Unable to locate element: #\.\/\/\*\[\@id\=\'submit\'\]
For documentation on this error, please visit: http://seleniumhq.org/exceptions/no_such_element.html
Build info: version: '3.6.0', revision: '6fbf3ec767', time: '2017-09-27T16:15:40.131Z'
System info: host: 'LENOVO', ip: '10.7.90.232', os.name: 'Windows 10', os.arch: 'amd64', os.version: '10.0', java.version: '1.8.0_121'
Driver info: org.openqa.selenium.firefox.FirefoxDriver
Capabilities [{moz:profile=C:\Users\pc\AppData\Local\Temp\rust_mozprofile.m2q8dLKxDjTk, rotatable=false, timeouts={implicit=0, pageLoad=300000, script=30000}, pageLoadStrategy=normal, platform=XP, specificationLevel=0, moz:accessibilityChecks=false, acceptInsecureCerts=true, browserVersion=55.0.3, platformVersion=10.0, moz:processID=13116, browserName=firefox, javascriptEnabled=true, platformName=XP}]
Session ID: 43d9381e-5a4d-4cc5-9a87-912bea9c4115
*** Element info: {Using=id, value=.//*[@id='submit']}
[INFO ] 2017-11-21 10:35:15,712 com.webtest.util.Log - Quitted Browser
[INFO ] 2017-11-21 10:36:03,593 com.webtest.util.Log - Using Firefox
[INFO ] 2017-11-21 10:36:03,608 com.webtest.util.Log - firefox
[INFO ] 2017-11-21 10:36:03,878 com.webtest.util.Log - org.openqa.selenium.NoSuchElementException: Unable to locate element: .//*[@id='s-menu-2']/button
For documentation on this error, please visit: http://seleniumhq.org/exceptions/no_such_element.html
Build info: version: '3.6.0', revision: '6fbf3ec767', time: '2017-09-27T16:15:40.131Z'
System info: host: 'LENOVO', ip: '10.7.90.232', os.name: 'Windows 10', os.arch: 'amd64', os.version: '10.0', java.version: '1.8.0_121'
Driver info: org.openqa.selenium.firefox.FirefoxDriver
Capabilities [{moz:profile=C:\Users\pc\AppData\Local\Temp\rust_mozprofile.fQ2w2XA9nR7J, rotatable=false, timeouts={implicit=0, pageLoad=300000, script=30000}, pageLoadStrategy=normal, platform=XP, specificationLevel=0, moz:accessibilityChecks=false, acceptInsecureCerts=true, browserVersion=55.0.3, platformVersion=10.0, moz:processID=1960, browserName=firefox, javascriptEnabled=true, platformName=XP}]
Session ID: f80728ab-b2a8-48f4-bd9d-505b1d0f8044
*** Element info: {Using=xpath, value=.//*[@id='s-menu-2']/button}
[INFO ] 2017-11-21 10:36:11,221 com.webtest.util.Log - Opened url http://127.0.0.1/ranzhi/sys/user-login-L3JhbnpoaS9zeXMv.html
[INFO ] 2017-11-21 10:36:18,322 com.webtest.util.Log - org.openqa.selenium.NoSuchElementException: Unable to locate element: .//*[@id='mainNavbar']/ul/li[4]/a
For documentation on this error, please visit: http://seleniumhq.org/exceptions/no_such_element.html
Build info: version: '3.6.0', revision: '6fbf3ec767', time: '2017-09-27T16:15:40.131Z'
System info: host: 'LENOVO', ip: '10.7.90.232', os.name: 'Windows 10', os.arch: 'amd64', os.version: '10.0', java.version: '1.8.0_121'
Driver info: org.openqa.selenium.firefox.FirefoxDriver
Capabilities [{moz:profile=C:\Users\pc\AppData\Local\Temp\rust_mozprofile.fQ2w2XA9nR7J, rotatable=false, timeouts={implicit=0, pageLoad=300000, script=30000}, pageLoadStrategy=normal, platform=XP, specificationLevel=0, moz:accessibilityChecks=false, acceptInsecureCerts=true, browserVersion=55.0.3, platformVersion=10.0, moz:processID=1960, browserName=firefox, javascriptEnabled=true, platformName=XP}]
Session ID: f80728ab-b2a8-48f4-bd9d-505b1d0f8044
*** Element info: {Using=xpath, value=.//*[@id='mainNavbar']/ul/li[4]/a}
[INFO ] 2017-11-21 10:36:18,323 com.webtest.util.Log - linktest=¿¼ÇÚÃ÷Ï¸can't find element by prefix.
[INFO ] 2017-11-21 10:36:21,504 com.webtest.util.Log - org.openqa.selenium.NoSuchElementException: Unable to locate element: #\.\/\/\*\[\@id\=\'submit\'\]
For documentation on this error, please visit: http://seleniumhq.org/exceptions/no_such_element.html
Build info: version: '3.6.0', revision: '6fbf3ec767', time: '2017-09-27T16:15:40.131Z'
System info: host: 'LENOVO', ip: '10.7.90.232', os.name: 'Windows 10', os.arch: 'amd64', os.version: '10.0', java.version: '1.8.0_121'
Driver info: org.openqa.selenium.firefox.FirefoxDriver
Capabilities [{moz:profile=C:\Users\pc\AppData\Local\Temp\rust_mozprofile.fQ2w2XA9nR7J, rotatable=false, timeouts={implicit=0, pageLoad=300000, script=30000}, pageLoadStrategy=normal, platform=XP, specificationLevel=0, moz:accessibilityChecks=false, acceptInsecureCerts=true, browserVersion=55.0.3, platformVersion=10.0, moz:processID=1960, browserName=firefox, javascriptEnabled=true, platformName=XP}]
Session ID: f80728ab-b2a8-48f4-bd9d-505b1d0f8044
*** Element info: {Using=id, value=.//*[@id='submit']}
[INFO ] 2017-11-21 10:36:24,227 com.webtest.util.Log - Quitted Browser
[INFO ] 2017-11-23 17:02:02,922 com.webtest.util.Log - Using Firefox
[INFO ] 2017-11-23 17:02:02,923 com.webtest.util.Log - Using Firefox
[INFO ] 2017-11-23 17:02:02,938 com.webtest.util.Log - firefox
[INFO ] 2017-11-23 17:02:02,938 com.webtest.util.Log - firefox
[INFO ] 2017-11-23 17:02:03,432 com.webtest.util.Log - org.openqa.selenium.NoSuchElementException: Unable to locate element: .//*[@id='s-menu-2']/button
For documentation on this error, please visit: http://seleniumhq.org/exceptions/no_such_element.html
Build info: version: '3.6.0', revision: '6fbf3ec767', time: '2017-09-27T16:15:40.131Z'
System info: host: 'LENOVO', ip: '10.7.90.232', os.name: 'Windows 10', os.arch: 'amd64', os.version: '10.0', java.version: '1.8.0_121'
Driver info: org.openqa.selenium.firefox.FirefoxDriver
Capabilities [{moz:profile=C:\Users\pc\AppData\Local\Temp\rust_mozprofile.1sikebf4PX9a, rotatable=false, timeouts={implicit=0, pageLoad=300000, script=30000}, pageLoadStrategy=normal, platform=XP, specificationLevel=0, moz:accessibilityChecks=false, acceptInsecureCerts=true, browserVersion=55.0.3, platformVersion=10.0, moz:processID=9888, browserName=firefox, javascriptEnabled=true, platformName=XP}]
Session ID: c56e1a4b-4b72-46f1-ae74-5c5a0534d13c
*** Element info: {Using=xpath, value=.//*[@id='s-menu-2']/button}
[INFO ] 2017-11-23 17:02:03,434 com.webtest.util.Log - org.openqa.selenium.NoSuchElementException: Unable to locate element: .//*[@id='s-menu-2']/button
For documentation on this error, please visit: http://seleniumhq.org/exceptions/no_such_element.html
Build info: version: '3.6.0', revision: '6fbf3ec767', time: '2017-09-27T16:15:40.131Z'
System info: host: 'LENOVO', ip: '10.7.90.232', os.name: 'Windows 10', os.arch: 'amd64', os.version: '10.0', java.version: '1.8.0_121'
Driver info: org.openqa.selenium.firefox.FirefoxDriver
Capabilities [{moz:profile=C:\Users\pc\AppData\Local\Temp\rust_mozprofile.FkajfoSeU0sA, rotatable=false, timeouts={implicit=0, pageLoad=300000, script=30000}, pageLoadStrategy=normal, platform=XP, specificationLevel=0, moz:accessibilityChecks=false, acceptInsecureCerts=true, browserVersion=55.0.3, platformVersion=10.0, moz:processID=12804, browserName=firefox, javascriptEnabled=true, platformName=XP}]
Session ID: 264f5cd2-1773-4480-972b-be3bf9d783e9
*** Element info: {Using=xpath, value=.//*[@id='s-menu-2']/button}
[INFO ] 2017-11-23 17:02:11,792 com.webtest.util.Log - Opened url http://127.0.0.1/ranzhi/sys/user-login-L3JhbnpoaS9zeXMv.html
[INFO ] 2017-11-23 17:02:12,008 com.webtest.util.Log - Opened url http://127.0.0.1/ranzhi/sys/user-login-L3JhbnpoaS9zeXMv.html
[INFO ] 2017-11-23 17:02:19,984 com.webtest.util.Log - org.openqa.selenium.NoSuchElementException: Unable to locate element: .//*[@id='mainNavbar']/ul/li[4]/a
For documentation on this error, please visit: http://seleniumhq.org/exceptions/no_such_element.html
Build info: version: '3.6.0', revision: '6fbf3ec767', time: '2017-09-27T16:15:40.131Z'
System info: host: 'LENOVO', ip: '10.7.90.232', os.name: 'Windows 10', os.arch: 'amd64', os.version: '10.0', java.version: '1.8.0_121'
Driver info: org.openqa.selenium.firefox.FirefoxDriver
Capabilities [{moz:profile=C:\Users\pc\AppData\Local\Temp\rust_mozprofile.FkajfoSeU0sA, rotatable=false, timeouts={implicit=0, pageLoad=300000, script=30000}, pageLoadStrategy=normal, platform=XP, specificationLevel=0, moz:accessibilityChecks=false, acceptInsecureCerts=true, browserVersion=55.0.3, platformVersion=10.0, moz:processID=12804, browserName=firefox, javascriptEnabled=true, platformName=XP}]
Session ID: 264f5cd2-1773-4480-972b-be3bf9d783e9
*** Element info: {Using=xpath, value=.//*[@id='mainNavbar']/ul/li[4]/a}
[INFO ] 2017-11-23 17:02:19,985 com.webtest.util.Log - linktest=¿¼ÇÚÃ÷Ï¸can't find element by prefix.
[INFO ] 2017-11-23 17:02:20,203 com.webtest.util.Log - org.openqa.selenium.NoSuchElementException: Unable to locate element: .//*[@id='mainNavbar']/ul/li[4]/a
For documentation on this error, please visit: http://seleniumhq.org/exceptions/no_such_element.html
Build info: version: '3.6.0', revision: '6fbf3ec767', time: '2017-09-27T16:15:40.131Z'
System info: host: 'LENOVO', ip: '10.7.90.232', os.name: 'Windows 10', os.arch: 'amd64', os.version: '10.0', java.version: '1.8.0_121'
Driver info: org.openqa.selenium.firefox.FirefoxDriver
Capabilities [{moz:profile=C:\Users\pc\AppData\Local\Temp\rust_mozprofile.1sikebf4PX9a, rotatable=false, timeouts={implicit=0, pageLoad=300000, script=30000}, pageLoadStrategy=normal, platform=XP, specificationLevel=0, moz:accessibilityChecks=false, acceptInsecureCerts=true, browserVersion=55.0.3, platformVersion=10.0, moz:processID=9888, browserName=firefox, javascriptEnabled=true, platformName=XP}]
Session ID: c56e1a4b-4b72-46f1-ae74-5c5a0534d13c
*** Element info: {Using=xpath, value=.//*[@id='mainNavbar']/ul/li[4]/a}
[INFO ] 2017-11-23 17:02:20,205 com.webtest.util.Log - linktest=¿¼ÇÚÃ÷Ï¸can't find element by prefix.
[INFO ] 2017-11-23 17:02:23,176 com.webtest.util.Log - org.openqa.selenium.NoSuchElementException: Unable to locate element: #\.\/\/\*\[\@id\=\'submit\'\]
For documentation on this error, please visit: http://seleniumhq.org/exceptions/no_such_element.html
Build info: version: '3.6.0', revision: '6fbf3ec767', time: '2017-09-27T16:15:40.131Z'
System info: host: 'LENOVO', ip: '10.7.90.232', os.name: 'Windows 10', os.arch: 'amd64', os.version: '10.0', java.version: '1.8.0_121'
Driver info: org.openqa.selenium.firefox.FirefoxDriver
Capabilities [{moz:profile=C:\Users\pc\AppData\Local\Temp\rust_mozprofile.FkajfoSeU0sA, rotatable=false, timeouts={implicit=0, pageLoad=300000, script=30000}, pageLoadStrategy=normal, platform=XP, specificationLevel=0, moz:accessibilityChecks=false, acceptInsecureCerts=true, browserVersion=55.0.3, platformVersion=10.0, moz:processID=12804, browserName=firefox, javascriptEnabled=true, platformName=XP}]
Session ID: 264f5cd2-1773-4480-972b-be3bf9d783e9
*** Element info: {Using=id, value=.//*[@id='submit']}
[INFO ] 2017-11-23 17:02:23,413 com.webtest.util.Log - org.openqa.selenium.NoSuchElementException: Unable to locate element: #\.\/\/\*\[\@id\=\'submit\'\]
For documentation on this error, please visit: http://seleniumhq.org/exceptions/no_such_element.html
Build info: version: '3.6.0', revision: '6fbf3ec767', time: '2017-09-27T16:15:40.131Z'
System info: host: 'LENOVO', ip: '10.7.90.232', os.name: 'Windows 10', os.arch: 'amd64', os.version: '10.0', java.version: '1.8.0_121'
Driver info: org.openqa.selenium.firefox.FirefoxDriver
Capabilities [{moz:profile=C:\Users\pc\AppData\Local\Temp\rust_mozprofile.1sikebf4PX9a, rotatable=false, timeouts={implicit=0, pageLoad=300000, script=30000}, pageLoadStrategy=normal, platform=XP, specificationLevel=0, moz:accessibilityChecks=false, acceptInsecureCerts=true, browserVersion=55.0.3, platformVersion=10.0, moz:processID=9888, browserName=firefox, javascriptEnabled=true, platformName=XP}]
Session ID: c56e1a4b-4b72-46f1-ae74-5c5a0534d13c
*** Element info: {Using=id, value=.//*[@id='submit']}
[INFO ] 2017-11-23 17:08:16,966 com.webtest.util.Log - Using Firefox
[INFO ] 2017-11-23 17:08:17,015 com.webtest.util.Log - firefox
[INFO ] 2017-11-23 17:08:17,264 com.webtest.util.Log - org.openqa.selenium.NoSuchElementException: Unable to locate element: .//*[@id='s-menu-2']/button
For documentation on this error, please visit: http://seleniumhq.org/exceptions/no_such_element.html
Build info: version: '3.6.0', revision: '6fbf3ec767', time: '2017-09-27T16:15:40.131Z'
System info: host: 'LENOVO', ip: '10.7.90.232', os.name: 'Windows 10', os.arch: 'amd64', os.version: '10.0', java.version: '1.8.0_121'
Driver info: org.openqa.selenium.firefox.FirefoxDriver
Capabilities [{moz:profile=C:\Users\pc\AppData\Local\Temp\rust_mozprofile.2U7Qpzru7QNZ, rotatable=false, timeouts={implicit=0, pageLoad=300000, script=30000}, pageLoadStrategy=normal, platform=XP, specificationLevel=0, moz:accessibilityChecks=false, acceptInsecureCerts=true, browserVersion=55.0.3, platformVersion=10.0, moz:processID=4300, browserName=firefox, javascriptEnabled=true, platformName=XP}]
Session ID: fac241ee-40cd-4281-9172-bfe85ca05738
*** Element info: {Using=xpath, value=.//*[@id='s-menu-2']/button}
[INFO ] 2017-11-23 17:08:20,315 com.webtest.util.Log - org.openqa.selenium.NoSuchElementException: Unable to locate element: .//*[@id='mainNavbar']/ul/li[4]/a
For documentation on this error, please visit: http://seleniumhq.org/exceptions/no_such_element.html
Build info: version: '3.6.0', revision: '6fbf3ec767', time: '2017-09-27T16:15:40.131Z'
System info: host: 'LENOVO', ip: '10.7.90.232', os.name: 'Windows 10', os.arch: 'amd64', os.version: '10.0', java.version: '1.8.0_121'
Driver info: org.openqa.selenium.firefox.FirefoxDriver
Capabilities [{moz:profile=C:\Users\pc\AppData\Local\Temp\rust_mozprofile.2U7Qpzru7QNZ, rotatable=false, timeouts={implicit=0, pageLoad=300000, script=30000}, pageLoadStrategy=normal, platform=XP, specificationLevel=0, moz:accessibilityChecks=false, acceptInsecureCerts=true, browserVersion=55.0.3, platformVersion=10.0, moz:processID=4300, browserName=firefox, javascriptEnabled=true, platformName=XP}]
Session ID: fac241ee-40cd-4281-9172-bfe85ca05738
*** Element info: {Using=xpath, value=.//*[@id='mainNavbar']/ul/li[4]/a}
[INFO ] 2017-11-23 17:08:20,316 com.webtest.util.Log - linktest=¿¼ÇÚÃ÷Ï¸can't find element by prefix.
[INFO ] 2017-11-23 17:08:23,343 com.webtest.util.Log - org.openqa.selenium.NoSuchElementException: Unable to locate element: .//*[@id='start']
For documentation on this error, please visit: http://seleniumhq.org/exceptions/no_such_element.html
Build info: version: '3.6.0', revision: '6fbf3ec767', time: '2017-09-27T16:15:40.131Z'
System info: host: 'LENOVO', ip: '10.7.90.232', os.name: 'Windows 10', os.arch: 'amd64', os.version: '10.0', java.version: '1.8.0_121'
Driver info: org.openqa.selenium.firefox.FirefoxDriver
Capabilities [{moz:profile=C:\Users\pc\AppData\Local\Temp\rust_mozprofile.2U7Qpzru7QNZ, rotatable=false, timeouts={implicit=0, pageLoad=300000, script=30000}, pageLoadStrategy=normal, platform=XP, specificationLevel=0, moz:accessibilityChecks=false, acceptInsecureCerts=true, browserVersion=55.0.3, platformVersion=10.0, moz:processID=4300, browserName=firefox, javascriptEnabled=true, platformName=XP}]
Session ID: fac241ee-40cd-4281-9172-bfe85ca05738
*** Element info: {Using=xpath, value=.//*[@id='start']}
[INFO ] 2017-11-23 17:08:23,370 com.webtest.util.Log - org.openqa.selenium.NoSuchElementException: Unable to locate element: #\.\/\/\*\[\@id\=\'submit\'\]
For documentation on this error, please visit: http://seleniumhq.org/exceptions/no_such_element.html
Build info: version: '3.6.0', revision: '6fbf3ec767', time: '2017-09-27T16:15:40.131Z'
System info: host: 'LENOVO', ip: '10.7.90.232', os.name: 'Windows 10', os.arch: 'amd64', os.version: '10.0', java.version: '1.8.0_121'
Driver info: org.openqa.selenium.firefox.FirefoxDriver
Capabilities [{moz:profile=C:\Users\pc\AppData\Local\Temp\rust_mozprofile.2U7Qpzru7QNZ, rotatable=false, timeouts={implicit=0, pageLoad=300000, script=30000}, pageLoadStrategy=normal, platform=XP, specificationLevel=0, moz:accessibilityChecks=false, acceptInsecureCerts=true, browserVersion=55.0.3, platformVersion=10.0, moz:processID=4300, browserName=firefox, javascriptEnabled=true, platformName=XP}]
Session ID: fac241ee-40cd-4281-9172-bfe85ca05738
*** Element info: {Using=id, value=.//*[@id='submit']}
[INFO ] 2017-11-23 17:09:10,737 com.webtest.util.Log - Using Firefox
[INFO ] 2017-11-23 17:09:10,746 com.webtest.util.Log - firefox
[INFO ] 2017-11-23 17:09:11,028 com.webtest.util.Log - org.openqa.selenium.NoSuchElementException: Unable to locate element: .//*[@id='s-menu-2']/button
For documentation on this error, please visit: http://seleniumhq.org/exceptions/no_such_element.html
Build info: version: '3.6.0', revision: '6fbf3ec767', time: '2017-09-27T16:15:40.131Z'
System info: host: 'LENOVO', ip: '10.7.90.232', os.name: 'Windows 10', os.arch: 'amd64', os.version: '10.0', java.version: '1.8.0_121'
Driver info: org.openqa.selenium.firefox.FirefoxDriver
Capabilities [{moz:profile=C:\Users\pc\AppData\Local\Temp\rust_mozprofile.VoZsq46KnWit, rotatable=false, timeouts={implicit=0, pageLoad=300000, script=30000}, pageLoadStrategy=normal, platform=XP, specificationLevel=0, moz:accessibilityChecks=false, acceptInsecureCerts=true, browserVersion=55.0.3, platformVersion=10.0, moz:processID=1132, browserName=firefox, javascriptEnabled=true, platformName=XP}]
Session ID: fd70319c-57a7-4c5e-a6f2-a6892861d7a6
*** Element info: {Using=xpath, value=.//*[@id='s-menu-2']/button}
[INFO ] 2017-11-23 17:09:14,110 com.webtest.util.Log - org.openqa.selenium.NoSuchElementException: Unable to locate element: .//*[@id='mainNavbar']/ul/li[4]/a
For documentation on this error, please visit: http://seleniumhq.org/exceptions/no_such_element.html
Build info: version: '3.6.0', revision: '6fbf3ec767', time: '2017-09-27T16:15:40.131Z'
System info: host: 'LENOVO', ip: '10.7.90.232', os.name: 'Windows 10', os.arch: 'amd64', os.version: '10.0', java.version: '1.8.0_121'
Driver info: org.openqa.selenium.firefox.FirefoxDriver
Capabilities [{moz:profile=C:\Users\pc\AppData\Local\Temp\rust_mozprofile.VoZsq46KnWit, rotatable=false, timeouts={implicit=0, pageLoad=300000, script=30000}, pageLoadStrategy=normal, platform=XP, specificationLevel=0, moz:accessibilityChecks=false, acceptInsecureCerts=true, browserVersion=55.0.3, platformVersion=10.0, moz:processID=1132, browserName=firefox, javascriptEnabled=true, platformName=XP}]
Session ID: fd70319c-57a7-4c5e-a6f2-a6892861d7a6
*** Element info: {Using=xpath, value=.//*[@id='mainNavbar']/ul/li[4]/a}
[INFO ] 2017-11-23 17:09:14,111 com.webtest.util.Log - linktest=¿¼ÇÚÃ÷Ï¸can't find element by prefix.
[INFO ] 2017-11-23 17:09:17,142 com.webtest.util.Log - org.openqa.selenium.NoSuchElementException: Unable to locate element: .//*[@id='start']
For documentation on this error, please visit: http://seleniumhq.org/exceptions/no_such_element.html
Build info: version: '3.6.0', revision: '6fbf3ec767', time: '2017-09-27T16:15:40.131Z'
System info: host: 'LENOVO', ip: '10.7.90.232', os.name: 'Windows 10', os.arch: 'amd64', os.version: '10.0', java.version: '1.8.0_121'
Driver info: org.openqa.selenium.firefox.FirefoxDriver
Capabilities [{moz:profile=C:\Users\pc\AppData\Local\Temp\rust_mozprofile.VoZsq46KnWit, rotatable=false, timeouts={implicit=0, pageLoad=300000, script=30000}, pageLoadStrategy=normal, platform=XP, specificationLevel=0, moz:accessibilityChecks=false, acceptInsecureCerts=true, browserVersion=55.0.3, platformVersion=10.0, moz:processID=1132, browserName=firefox, javascriptEnabled=true, platformName=XP}]
Session ID: fd70319c-57a7-4c5e-a6f2-a6892861d7a6
*** Element info: {Using=xpath, value=.//*[@id='start']}
[INFO ] 2017-11-23 17:09:17,165 com.webtest.util.Log - org.openqa.selenium.NoSuchElementException: Unable to locate element: #\.\/\/\*\[\@id\=\'submit\'\]
For documentation on this error, please visit: http://seleniumhq.org/exceptions/no_such_element.html
Build info: version: '3.6.0', revision: '6fbf3ec767', time: '2017-09-27T16:15:40.131Z'
System info: host: 'LENOVO', ip: '10.7.90.232', os.name: 'Windows 10', os.arch: 'amd64', os.version: '10.0', java.version: '1.8.0_121'
Driver info: org.openqa.selenium.firefox.FirefoxDriver
Capabilities [{moz:profile=C:\Users\pc\AppData\Local\Temp\rust_mozprofile.VoZsq46KnWit, rotatable=false, timeouts={implicit=0, pageLoad=300000, script=30000}, pageLoadStrategy=normal, platform=XP, specificationLevel=0, moz:accessibilityChecks=false, acceptInsecureCerts=true, browserVersion=55.0.3, platformVersion=10.0, moz:processID=1132, browserName=firefox, javascriptEnabled=true, platformName=XP}]
Session ID: fd70319c-57a7-4c5e-a6f2-a6892861d7a6
*** Element info: {Using=id, value=.//*[@id='submit']}
[INFO ] 2017-11-23 17:10:36,108 com.webtest.util.Log - Using Firefox
[INFO ] 2017-11-23 17:10:36,115 com.webtest.util.Log - firefox
[INFO ] 2017-11-23 17:10:36,331 com.webtest.util.Log - org.openqa.selenium.NoSuchElementException: Unable to locate element: .//*[@id='s-menu-2']/button
For documentation on this error, please visit: http://seleniumhq.org/exceptions/no_such_element.html
Build info: version: '3.6.0', revision: '6fbf3ec767', time: '2017-09-27T16:15:40.131Z'
System info: host: 'LENOVO', ip: '10.7.90.232', os.name: 'Windows 10', os.arch: 'amd64', os.version: '10.0', java.version: '1.8.0_121'
Driver info: org.openqa.selenium.firefox.FirefoxDriver
Capabilities [{moz:profile=C:\Users\pc\AppData\Local\Temp\rust_mozprofile.K4TAcPyd26pv, rotatable=false, timeouts={implicit=0, pageLoad=300000, script=30000}, pageLoadStrategy=normal, platform=XP, specificationLevel=0, moz:accessibilityChecks=false, acceptInsecureCerts=true, browserVersion=55.0.3, platformVersion=10.0, moz:processID=15756, browserName=firefox, javascriptEnabled=true, platformName=XP}]
Session ID: 293d48be-6b13-4b2b-bd41-b0592554449e
*** Element info: {Using=xpath, value=.//*[@id='s-menu-2']/button}
[INFO ] 2017-11-23 17:10:39,388 com.webtest.util.Log - org.openqa.selenium.NoSuchElementException: Unable to locate element: .//*[@id='mainNavbar']/ul/li[4]/a
For documentation on this error, please visit: http://seleniumhq.org/exceptions/no_such_element.html
Build info: version: '3.6.0', revision: '6fbf3ec767', time: '2017-09-27T16:15:40.131Z'
System info: host: 'LENOVO', ip: '10.7.90.232', os.name: 'Windows 10', os.arch: 'amd64', os.version: '10.0', java.version: '1.8.0_121'
Driver info: org.openqa.selenium.firefox.FirefoxDriver
Capabilities [{moz:profile=C:\Users\pc\AppData\Local\Temp\rust_mozprofile.K4TAcPyd26pv, rotatable=false, timeouts={implicit=0, pageLoad=300000, script=30000}, pageLoadStrategy=normal, platform=XP, specificationLevel=0, moz:accessibilityChecks=false, acceptInsecureCerts=true, browserVersion=55.0.3, platformVersion=10.0, moz:processID=15756, browserName=firefox, javascriptEnabled=true, platformName=XP}]
Session ID: 293d48be-6b13-4b2b-bd41-b0592554449e
*** Element info: {Using=xpath, value=.//*[@id='mainNavbar']/ul/li[4]/a}
[INFO ] 2017-11-23 17:10:39,389 com.webtest.util.Log - linktest=¿¼ÇÚÃ÷Ï¸can't find element by prefix.
[INFO ] 2017-11-23 17:10:42,436 com.webtest.util.Log - org.openqa.selenium.NoSuchElementException: Unable to locate element: .//*[@id='start']
For documentation on this error, please visit: http://seleniumhq.org/exceptions/no_such_element.html
Build info: version: '3.6.0', revision: '6fbf3ec767', time: '2017-09-27T16:15:40.131Z'
System info: host: 'LENOVO', ip: '10.7.90.232', os.name: 'Windows 10', os.arch: 'amd64', os.version: '10.0', java.version: '1.8.0_121'
Driver info: org.openqa.selenium.firefox.FirefoxDriver
Capabilities [{moz:profile=C:\Users\pc\AppData\Local\Temp\rust_mozprofile.K4TAcPyd26pv, rotatable=false, timeouts={implicit=0, pageLoad=300000, script=30000}, pageLoadStrategy=normal, platform=XP, specificationLevel=0, moz:accessibilityChecks=false, acceptInsecureCerts=true, browserVersion=55.0.3, platformVersion=10.0, moz:processID=15756, browserName=firefox, javascriptEnabled=true, platformName=XP}]
Session ID: 293d48be-6b13-4b2b-bd41-b0592554449e
*** Element info: {Using=xpath, value=.//*[@id='start']}
[INFO ] 2017-11-23 17:10:42,458 com.webtest.util.Log - org.openqa.selenium.NoSuchElementException: Unable to locate element: #\.\/\/\*\[\@id\=\'submit\'\]
For documentation on this error, please visit: http://seleniumhq.org/exceptions/no_such_element.html
Build info: version: '3.6.0', revision: '6fbf3ec767', time: '2017-09-27T16:15:40.131Z'
System info: host: 'LENOVO', ip: '10.7.90.232', os.name: 'Windows 10', os.arch: 'amd64', os.version: '10.0', java.version: '1.8.0_121'
Driver info: org.openqa.selenium.firefox.FirefoxDriver
Capabilities [{moz:profile=C:\Users\pc\AppData\Local\Temp\rust_mozprofile.K4TAcPyd26pv, rotatable=false, timeouts={implicit=0, pageLoad=300000, script=30000}, pageLoadStrategy=normal, platform=XP, specificationLevel=0, moz:accessibilityChecks=false, acceptInsecureCerts=true, browserVersion=55.0.3, platformVersion=10.0, moz:processID=15756, browserName=firefox, javascriptEnabled=true, platformName=XP}]
Session ID: 293d48be-6b13-4b2b-bd41-b0592554449e
*** Element info: {Using=id, value=.//*[@id='submit']}
[INFO ] 2017-11-23 17:12:33,765 com.webtest.util.Log - Using Firefox
[INFO ] 2017-11-23 17:12:33,773 com.webtest.util.Log - firefox
[INFO ] 2017-11-23 17:12:37,883 com.webtest.util.Log - Opened url http://127.0.0.1/ranzhi/sys/user-login-L3JhbnpoaS9zeXMv.html
[INFO ] 2017-11-23 17:13:53,297 com.webtest.util.Log - Using Firefox
[INFO ] 2017-11-23 17:13:53,305 com.webtest.util.Log - firefox
[INFO ] 2017-11-23 17:13:53,540 com.webtest.util.Log - org.openqa.selenium.NoSuchElementException: Unable to locate element: .//*[@id='s-menu-2']/button
For documentation on this error, please visit: http://seleniumhq.org/exceptions/no_such_element.html
Build info: version: '3.6.0', revision: '6fbf3ec767', time: '2017-09-27T16:15:40.131Z'
System info: host: 'LENOVO', ip: '10.7.90.232', os.name: 'Windows 10', os.arch: 'amd64', os.version: '10.0', java.version: '1.8.0_121'
Driver info: org.openqa.selenium.firefox.FirefoxDriver
Capabilities [{moz:profile=C:\Users\pc\AppData\Local\Temp\rust_mozprofile.1d6xKroPNqs1, rotatable=false, timeouts={implicit=0, pageLoad=300000, script=30000}, pageLoadStrategy=normal, platform=XP, specificationLevel=0, moz:accessibilityChecks=false, acceptInsecureCerts=true, browserVersion=55.0.3, platformVersion=10.0, moz:processID=8788, browserName=firefox, javascriptEnabled=true, platformName=XP}]
Session ID: 0be81132-db61-494e-9ab9-363e5c20af4b
*** Element info: {Using=xpath, value=.//*[@id='s-menu-2']/button}
[INFO ] 2017-11-23 17:13:56,588 com.webtest.util.Log - org.openqa.selenium.NoSuchElementException: Unable to locate element: .//*[@id='mainNavbar']/ul/li[4]/a
For documentation on this error, please visit: http://seleniumhq.org/exceptions/no_such_element.html
Build info: version: '3.6.0', revision: '6fbf3ec767', time: '2017-09-27T16:15:40.131Z'
System info: host: 'LENOVO', ip: '10.7.90.232', os.name: 'Windows 10', os.arch: 'amd64', os.version: '10.0', java.version: '1.8.0_121'
Driver info: org.openqa.selenium.firefox.FirefoxDriver
Capabilities [{moz:profile=C:\Users\pc\AppData\Local\Temp\rust_mozprofile.1d6xKroPNqs1, rotatable=false, timeouts={implicit=0, pageLoad=300000, script=30000}, pageLoadStrategy=normal, platform=XP, specificationLevel=0, moz:accessibilityChecks=false, acceptInsecureCerts=true, browserVersion=55.0.3, platformVersion=10.0, moz:processID=8788, browserName=firefox, javascriptEnabled=true, platformName=XP}]
Session ID: 0be81132-db61-494e-9ab9-363e5c20af4b
*** Element info: {Using=xpath, value=.//*[@id='mainNavbar']/ul/li[4]/a}
[INFO ] 2017-11-23 17:13:56,589 com.webtest.util.Log - linktest=¿¼ÇÚÃ÷Ï¸can't find element by prefix.
[INFO ] 2017-11-23 17:13:59,626 com.webtest.util.Log - org.openqa.selenium.NoSuchElementException: Unable to locate element: .//*[@id='start']
For documentation on this error, please visit: http://seleniumhq.org/exceptions/no_such_element.html
Build info: version: '3.6.0', revision: '6fbf3ec767', time: '2017-09-27T16:15:40.131Z'
System info: host: 'LENOVO', ip: '10.7.90.232', os.name: 'Windows 10', os.arch: 'amd64', os.version: '10.0', java.version: '1.8.0_121'
Driver info: org.openqa.selenium.firefox.FirefoxDriver
Capabilities [{moz:profile=C:\Users\pc\AppData\Local\Temp\rust_mozprofile.1d6xKroPNqs1, rotatable=false, timeouts={implicit=0, pageLoad=300000, script=30000}, pageLoadStrategy=normal, platform=XP, specificationLevel=0, moz:accessibilityChecks=false, acceptInsecureCerts=true, browserVersion=55.0.3, platformVersion=10.0, moz:processID=8788, browserName=firefox, javascriptEnabled=true, platformName=XP}]
Session ID: 0be81132-db61-494e-9ab9-363e5c20af4b
*** Element info: {Using=xpath, value=.//*[@id='start']}
[INFO ] 2017-11-23 17:13:59,656 com.webtest.util.Log - org.openqa.selenium.NoSuchElementException: Unable to locate element: #\.\/\/\*\[\@id\=\'submit\'\]
For documentation on this error, please visit: http://seleniumhq.org/exceptions/no_such_element.html
Build info: version: '3.6.0', revision: '6fbf3ec767', time: '2017-09-27T16:15:40.131Z'
System info: host: 'LENOVO', ip: '10.7.90.232', os.name: 'Windows 10', os.arch: 'amd64', os.version: '10.0', java.version: '1.8.0_121'
Driver info: org.openqa.selenium.firefox.FirefoxDriver
Capabilities [{moz:profile=C:\Users\pc\AppData\Local\Temp\rust_mozprofile.1d6xKroPNqs1, rotatable=false, timeouts={implicit=0, pageLoad=300000, script=30000}, pageLoadStrategy=normal, platform=XP, specificationLevel=0, moz:accessibilityChecks=false, acceptInsecureCerts=true, browserVersion=55.0.3, platformVersion=10.0, moz:processID=8788, browserName=firefox, javascriptEnabled=true, platformName=XP}]
Session ID: 0be81132-db61-494e-9ab9-363e5c20af4b
*** Element info: {Using=id, value=.//*[@id='submit']}
[INFO ] 2017-11-23 17:31:34,493 com.webtest.util.Log - Using Firefox
[INFO ] 2017-11-23 17:31:34,499 com.webtest.util.Log - firefox
[INFO ] 2017-11-23 17:31:34,740 com.webtest.util.Log - org.openqa.selenium.NoSuchElementException: Unable to locate element: .//*[@id='s-menu-2']/button
For documentation on this error, please visit: http://seleniumhq.org/exceptions/no_such_element.html
Build info: version: '3.6.0', revision: '6fbf3ec767', time: '2017-09-27T16:15:40.131Z'
System info: host: 'LENOVO', ip: '10.7.90.232', os.name: 'Windows 10', os.arch: 'amd64', os.version: '10.0', java.version: '1.8.0_121'
Driver info: org.openqa.selenium.firefox.FirefoxDriver
Capabilities [{moz:profile=C:\Users\pc\AppData\Local\Temp\rust_mozprofile.MpYdvDYzjMQH, rotatable=false, timeouts={implicit=0, pageLoad=300000, script=30000}, pageLoadStrategy=normal, platform=XP, specificationLevel=0, moz:accessibilityChecks=false, acceptInsecureCerts=true, browserVersion=55.0.3, platformVersion=10.0, moz:processID=2836, browserName=firefox, javascriptEnabled=true, platformName=XP}]
Session ID: d31676d5-f4f8-4ab6-887e-1e21f6dcfa7f
*** Element info: {Using=xpath, value=.//*[@id='s-menu-2']/button}
[INFO ] 2017-11-23 17:31:37,781 com.webtest.util.Log - org.openqa.selenium.NoSuchElementException: Unable to locate element: .//*[@id='mainNavbar']/ul/li[4]/a
For documentation on this error, please visit: http://seleniumhq.org/exceptions/no_such_element.html
Build info: version: '3.6.0', revision: '6fbf3ec767', time: '2017-09-27T16:15:40.131Z'
System info: host: 'LENOVO', ip: '10.7.90.232', os.name: 'Windows 10', os.arch: 'amd64', os.version: '10.0', java.version: '1.8.0_121'
Driver info: org.openqa.selenium.firefox.FirefoxDriver
Capabilities [{moz:profile=C:\Users\pc\AppData\Local\Temp\rust_mozprofile.MpYdvDYzjMQH, rotatable=false, timeouts={implicit=0, pageLoad=300000, script=30000}, pageLoadStrategy=normal, platform=XP, specificationLevel=0, moz:accessibilityChecks=false, acceptInsecureCerts=true, browserVersion=55.0.3, platformVersion=10.0, moz:processID=2836, browserName=firefox, javascriptEnabled=true, platformName=XP}]
Session ID: d31676d5-f4f8-4ab6-887e-1e21f6dcfa7f
*** Element info: {Using=xpath, value=.//*[@id='mainNavbar']/ul/li[4]/a}
[INFO ] 2017-11-23 17:31:37,782 com.webtest.util.Log - linktest=¿¼ÇÚÃ÷Ï¸can't find element by prefix.
[INFO ] 2017-11-23 17:31:40,819 com.webtest.util.Log - org.openqa.selenium.NoSuchElementException: Unable to locate element: .//*[@id='start']
For documentation on this error, please visit: http://seleniumhq.org/exceptions/no_such_element.html
Build info: version: '3.6.0', revision: '6fbf3ec767', time: '2017-09-27T16:15:40.131Z'
System info: host: 'LENOVO', ip: '10.7.90.232', os.name: 'Windows 10', os.arch: 'amd64', os.version: '10.0', java.version: '1.8.0_121'
Driver info: org.openqa.selenium.firefox.FirefoxDriver
Capabilities [{moz:profile=C:\Users\pc\AppData\Local\Temp\rust_mozprofile.MpYdvDYzjMQH, rotatable=false, timeouts={implicit=0, pageLoad=300000, script=30000}, pageLoadStrategy=normal, platform=XP, specificationLevel=0, moz:accessibilityChecks=false, acceptInsecureCerts=true, browserVersion=55.0.3, platformVersion=10.0, moz:processID=2836, browserName=firefox, javascriptEnabled=true, platformName=XP}]
Session ID: d31676d5-f4f8-4ab6-887e-1e21f6dcfa7f
*** Element info: {Using=xpath, value=.//*[@id='start']}
[INFO ] 2017-11-23 17:31:40,844 com.webtest.util.Log - org.openqa.selenium.NoSuchElementException: Unable to locate element: #\.\/\/\*\[\@id\=\'submit\'\]
For documentation on this error, please visit: http://seleniumhq.org/exceptions/no_such_element.html
Build info: version: '3.6.0', revision: '6fbf3ec767', time: '2017-09-27T16:15:40.131Z'
System info: host: 'LENOVO', ip: '10.7.90.232', os.name: 'Windows 10', os.arch: 'amd64', os.version: '10.0', java.version: '1.8.0_121'
Driver info: org.openqa.selenium.firefox.FirefoxDriver
Capabilities [{moz:profile=C:\Users\pc\AppData\Local\Temp\rust_mozprofile.MpYdvDYzjMQH, rotatable=false, timeouts={implicit=0, pageLoad=300000, script=30000}, pageLoadStrategy=normal, platform=XP, specificationLevel=0, moz:accessibilityChecks=false, acceptInsecureCerts=true, browserVersion=55.0.3, platformVersion=10.0, moz:processID=2836, browserName=firefox, javascriptEnabled=true, platformName=XP}]
Session ID: d31676d5-f4f8-4ab6-887e-1e21f6dcfa7f
*** Element info: {Using=id, value=.//*[@id='submit']}
[INFO ] 2017-11-23 17:41:32,605 com.webtest.util.Log - Using Firefox
[INFO ] 2017-11-23 17:41:32,611 com.webtest.util.Log - firefox
[INFO ] 2017-11-23 17:41:32,860 com.webtest.util.Log - org.openqa.selenium.NoSuchElementException: Unable to locate element: .//*[@id='s-menu-2']/button
For documentation on this error, please visit: http://seleniumhq.org/exceptions/no_such_element.html
Build info: version: '3.6.0', revision: '6fbf3ec767', time: '2017-09-27T16:15:40.131Z'
System info: host: 'LENOVO', ip: '10.7.90.232', os.name: 'Windows 10', os.arch: 'amd64', os.version: '10.0', java.version: '1.8.0_121'
Driver info: org.openqa.selenium.firefox.FirefoxDriver
Capabilities [{moz:profile=C:\Users\pc\AppData\Local\Temp\rust_mozprofile.sguCc0qQTAt5, rotatable=false, timeouts={implicit=0, pageLoad=300000, script=30000}, pageLoadStrategy=normal, platform=XP, specificationLevel=0, moz:accessibilityChecks=false, acceptInsecureCerts=true, browserVersion=55.0.3, platformVersion=10.0, moz:processID=10880, browserName=firefox, javascriptEnabled=true, platformName=XP}]
Session ID: 641eefa4-b8ad-40bc-8417-8f4c0a4f82ed
*** Element info: {Using=xpath, value=.//*[@id='s-menu-2']/button}
[INFO ] 2017-11-23 17:41:39,596 com.webtest.util.Log - Opened url http://127.0.0.1/ranzhi/sys/user-login-L3JhbnpoaS9zeXMv.html
[INFO ] 2017-11-23 17:41:46,546 com.webtest.util.Log - org.openqa.selenium.NoSuchElementException: Unable to locate element: .//*[@id='mainNavbar']/ul/li[4]/a
For documentation on this error, please visit: http://seleniumhq.org/exceptions/no_such_element.html
Build info: version: '3.6.0', revision: '6fbf3ec767', time: '2017-09-27T16:15:40.131Z'
System info: host: 'LENOVO', ip: '10.7.90.232', os.name: 'Windows 10', os.arch: 'amd64', os.version: '10.0', java.version: '1.8.0_121'
Driver info: org.openqa.selenium.firefox.FirefoxDriver
Capabilities [{moz:profile=C:\Users\pc\AppData\Local\Temp\rust_mozprofile.sguCc0qQTAt5, rotatable=false, timeouts={implicit=0, pageLoad=300000, script=30000}, pageLoadStrategy=normal, platform=XP, specificationLevel=0, moz:accessibilityChecks=false, acceptInsecureCerts=true, browserVersion=55.0.3, platformVersion=10.0, moz:processID=10880, browserName=firefox, javascriptEnabled=true, platformName=XP}]
Session ID: 641eefa4-b8ad-40bc-8417-8f4c0a4f82ed
*** Element info: {Using=xpath, value=.//*[@id='mainNavbar']/ul/li[4]/a}
[INFO ] 2017-11-23 17:41:46,547 com.webtest.util.Log - linktest=¿¼ÇÚÃ÷Ï¸can't find element by prefix.
[INFO ] 2017-11-23 17:41:49,799 com.webtest.util.Log - org.openqa.selenium.NoSuchElementException: Unable to locate element: #\.\/\/\*\[\@id\=\'submit\'\]
For documentation on this error, please visit: http://seleniumhq.org/exceptions/no_such_element.html
Build info: version: '3.6.0', revision: '6fbf3ec767', time: '2017-09-27T16:15:40.131Z'
System info: host: 'LENOVO', ip: '10.7.90.232', os.name: 'Windows 10', os.arch: 'amd64', os.version: '10.0', java.version: '1.8.0_121'
Driver info: org.openqa.selenium.firefox.FirefoxDriver
Capabilities [{moz:profile=C:\Users\pc\AppData\Local\Temp\rust_mozprofile.sguCc0qQTAt5, rotatable=false, timeouts={implicit=0, pageLoad=300000, script=30000}, pageLoadStrategy=normal, platform=XP, specificationLevel=0, moz:accessibilityChecks=false, acceptInsecureCerts=true, browserVersion=55.0.3, platformVersion=10.0, moz:processID=10880, browserName=firefox, javascriptEnabled=true, platformName=XP}]
Session ID: 641eefa4-b8ad-40bc-8417-8f4c0a4f82ed
*** Element info: {Using=id, value=.//*[@id='submit']}
[INFO ] 2017-11-23 17:44:43,532 com.webtest.util.Log - Using Firefox
[INFO ] 2017-11-23 17:44:43,564 com.webtest.util.Log - firefox
[INFO ] 2017-11-23 17:44:43,926 com.webtest.util.Log - org.openqa.selenium.NoSuchElementException: Unable to locate element: .//*[@id='s-menu-2']/button
For documentation on this error, please visit: http://seleniumhq.org/exceptions/no_such_element.html
Build info: version: '3.6.0', revision: '6fbf3ec767', time: '2017-09-27T16:15:40.131Z'
System info: host: 'LENOVO', ip: '10.7.90.232', os.name: 'Windows 10', os.arch: 'amd64', os.version: '10.0', java.version: '1.8.0_121'
Driver info: org.openqa.selenium.firefox.FirefoxDriver
Capabilities [{moz:profile=C:\Users\pc\AppData\Local\Temp\rust_mozprofile.zRiTVNkmozqa, rotatable=false, timeouts={implicit=0, pageLoad=300000, script=30000}, pageLoadStrategy=normal, platform=XP, specificationLevel=0, moz:accessibilityChecks=false, acceptInsecureCerts=true, browserVersion=55.0.3, platformVersion=10.0, moz:processID=2876, browserName=firefox, javascriptEnabled=true, platformName=XP}]
Session ID: 3399b77d-046e-4716-a957-7e6951f5de0c
*** Element info: {Using=xpath, value=.//*[@id='s-menu-2']/button}
[INFO ] 2017-11-23 17:44:50,825 com.webtest.util.Log - Opened url http://127.0.0.1/ranzhi/sys/user-login-L3JhbnpoaS9zeXMv.html
[INFO ] 2017-11-23 17:44:58,793 com.webtest.util.Log - org.openqa.selenium.NoSuchElementException: Unable to locate element: .//*[@id='mainNavbar']/ul/li[4]/a
For documentation on this error, please visit: http://seleniumhq.org/exceptions/no_such_element.html
Build info: version: '3.6.0', revision: '6fbf3ec767', time: '2017-09-27T16:15:40.131Z'
System info: host: 'LENOVO', ip: '10.7.90.232', os.name: 'Windows 10', os.arch: 'amd64', os.version: '10.0', java.version: '1.8.0_121'
Driver info: org.openqa.selenium.firefox.FirefoxDriver
Capabilities [{moz:profile=C:\Users\pc\AppData\Local\Temp\rust_mozprofile.zRiTVNkmozqa, rotatable=false, timeouts={implicit=0, pageLoad=300000, script=30000}, pageLoadStrategy=normal, platform=XP, specificationLevel=0, moz:accessibilityChecks=false, acceptInsecureCerts=true, browserVersion=55.0.3, platformVersion=10.0, moz:processID=2876, browserName=firefox, javascriptEnabled=true, platformName=XP}]
Session ID: 3399b77d-046e-4716-a957-7e6951f5de0c
*** Element info: {Using=xpath, value=.//*[@id='mainNavbar']/ul/li[4]/a}
[INFO ] 2017-11-23 17:44:58,794 com.webtest.util.Log - linktest=¿¼ÇÚÃ÷Ï¸can't find element by prefix.
[INFO ] 2017-11-23 17:45:02,100 com.webtest.util.Log - org.openqa.selenium.NoSuchElementException: Unable to locate element: #\.\/\/\*\[\@id\=\'submit\'\]
For documentation on this error, please visit: http://seleniumhq.org/exceptions/no_such_element.html
Build info: version: '3.6.0', revision: '6fbf3ec767', time: '2017-09-27T16:15:40.131Z'
System info: host: 'LENOVO', ip: '10.7.90.232', os.name: 'Windows 10', os.arch: 'amd64', os.version: '10.0', java.version: '1.8.0_121'
Driver info: org.openqa.selenium.firefox.FirefoxDriver
Capabilities [{moz:profile=C:\Users\pc\AppData\Local\Temp\rust_mozprofile.zRiTVNkmozqa, rotatable=false, timeouts={implicit=0, pageLoad=300000, script=30000}, pageLoadStrategy=normal, platform=XP, specificationLevel=0, moz:accessibilityChecks=false, acceptInsecureCerts=true, browserVersion=55.0.3, platformVersion=10.0, moz:processID=2876, browserName=firefox, javascriptEnabled=true, platformName=XP}]
Session ID: 3399b77d-046e-4716-a957-7e6951f5de0c
*** Element info: {Using=id, value=.//*[@id='submit']}
[INFO ] 2017-11-23 17:49:34,490 com.webtest.util.Log - Using Firefox
[INFO ] 2017-11-23 17:49:34,497 com.webtest.util.Log - firefox
[INFO ] 2017-11-23 17:49:34,654 com.webtest.util.Log - org.openqa.selenium.NoSuchElementException: Unable to locate element: .//*[@id='s-menu-2']/button
For documentation on this error, please visit: http://seleniumhq.org/exceptions/no_such_element.html
Build info: version: '3.6.0', revision: '6fbf3ec767', time: '2017-09-27T16:15:40.131Z'
System info: host: 'LENOVO', ip: '10.7.90.232', os.name: 'Windows 10', os.arch: 'amd64', os.version: '10.0', java.version: '1.8.0_121'
Driver info: org.openqa.selenium.firefox.FirefoxDriver
Capabilities [{moz:profile=C:\Users\pc\AppData\Local\Temp\rust_mozprofile.iWoCMiUzRS07, rotatable=false, timeouts={implicit=0, pageLoad=300000, script=30000}, pageLoadStrategy=normal, platform=XP, specificationLevel=0, moz:accessibilityChecks=false, acceptInsecureCerts=true, browserVersion=55.0.3, platformVersion=10.0, moz:processID=11112, browserName=firefox, javascriptEnabled=true, platformName=XP}]
Session ID: f330ba26-81c3-4bc6-a86c-d1b6bd16c855
*** Element info: {Using=xpath, value=.//*[@id='s-menu-2']/button}
[INFO ] 2017-11-23 17:49:38,436 com.webtest.util.Log - Opened url http://127.0.0.1/ranzhi/sys/user-login-L3JhbnpoaS9zeXMv.html
[INFO ] 2017-11-23 17:52:21,227 com.webtest.util.Log - Using Firefox
[INFO ] 2017-11-23 17:52:21,236 com.webtest.util.Log - firefox
[INFO ] 2017-11-23 17:52:21,472 com.webtest.util.Log - org.openqa.selenium.NoSuchElementException: Unable to locate element: .app\-btn\ s\-menu\-btn\ open\ active
For documentation on this error, please visit: http://seleniumhq.org/exceptions/no_such_element.html
Build info: version: '3.6.0', revision: '6fbf3ec767', time: '2017-09-27T16:15:40.131Z'
System info: host: 'LENOVO', ip: '10.7.90.232', os.name: 'Windows 10', os.arch: 'amd64', os.version: '10.0', java.version: '1.8.0_121'
Driver info: org.openqa.selenium.firefox.FirefoxDriver
Capabilities [{moz:profile=C:\Users\pc\AppData\Local\Temp\rust_mozprofile.jamhT1HkCuh8, rotatable=false, timeouts={implicit=0, pageLoad=300000, script=30000}, pageLoadStrategy=normal, platform=XP, specificationLevel=0, moz:accessibilityChecks=false, acceptInsecureCerts=true, browserVersion=55.0.3, platformVersion=10.0, moz:processID=12392, browserName=firefox, javascriptEnabled=true, platformName=XP}]
Session ID: dca32908-aa93-4da2-b5c0-b3b693d20b8b
*** Element info: {Using=class name, value=app-btn s-menu-btn open active}
[INFO ] 2017-11-23 17:52:25,114 com.webtest.util.Log - Opened url http://127.0.0.1/ranzhi/sys/user-login-L3JhbnpoaS9zeXMv.html
[INFO ] 2017-11-23 17:55:50,994 com.webtest.util.Log - Using Firefox
[INFO ] 2017-11-23 17:55:51,028 com.webtest.util.Log - firefox
[INFO ] 2017-11-23 17:55:51,377 com.webtest.util.Log - org.openqa.selenium.NoSuchElementException: Unable to locate element: .//*[@id='s-menu-2']/button
For documentation on this error, please visit: http://seleniumhq.org/exceptions/no_such_element.html
Build info: version: '3.6.0', revision: '6fbf3ec767', time: '2017-09-27T16:15:40.131Z'
System info: host: 'LENOVO', ip: '10.7.90.232', os.name: 'Windows 10', os.arch: 'amd64', os.version: '10.0', java.version: '1.8.0_121'
Driver info: org.openqa.selenium.firefox.FirefoxDriver
Capabilities [{moz:profile=C:\Users\pc\AppData\Local\Temp\rust_mozprofile.Wbe6bF4MptrW, rotatable=false, timeouts={implicit=0, pageLoad=300000, script=30000}, pageLoadStrategy=normal, platform=XP, specificationLevel=0, moz:accessibilityChecks=false, acceptInsecureCerts=true, browserVersion=55.0.3, platformVersion=10.0, moz:processID=15968, browserName=firefox, javascriptEnabled=true, platformName=XP}]
Session ID: 2c4312b4-8b44-4b21-992a-46a64ad2a75c
*** Element info: {Using=xpath, value=.//*[@id='s-menu-2']/button}
[INFO ] 2017-11-23 17:55:55,647 com.webtest.util.Log - Opened url http://127.0.0.1/ranzhi/sys/user-login-L3JhbnpoaS9zeXMv.html
[INFO ] 2017-11-23 17:58:50,906 com.webtest.util.Log - Using Firefox
[INFO ] 2017-11-23 17:58:50,912 com.webtest.util.Log - firefox
[INFO ] 2017-11-23 17:58:55,620 com.webtest.util.Log - Opened url http://127.0.0.1/ranzhi/sys/user-login-L3JhbnpoaS9zeXMv.html
[INFO ] 2017-11-23 17:59:38,791 com.webtest.util.Log - Using Firefox
[INFO ] 2017-11-23 17:59:38,796 com.webtest.util.Log - firefox
[INFO ] 2017-11-23 17:59:42,347 com.webtest.util.Log - Opened url http://127.0.0.1/ranzhi/sys/user-login-L3JhbnpoaS9zeXMv.html
[INFO ] 2017-11-23 18:00:31,707 com.webtest.util.Log - Using Firefox
[INFO ] 2017-11-23 18:00:31,775 com.webtest.util.Log - firefox
[INFO ] 2017-11-23 18:00:35,952 com.webtest.util.Log - Opened url http://127.0.0.1/ranzhi/sys/user-login-L3JhbnpoaS9zeXMv.html
[INFO ] 2017-11-23 18:03:03,059 com.webtest.util.Log - Using Firefox
[INFO ] 2017-11-23 18:03:03,065 com.webtest.util.Log - firefox
[INFO ] 2017-11-23 18:03:06,998 com.webtest.util.Log - Opened url http://127.0.0.1/ranzhi/sys/user-login-L3JhbnpoaS9zeXMv.html
[INFO ] 2017-11-23 18:03:17,571 com.webtest.util.Log - linkText=¿¼ÇÚcan't find element by prefix.
[INFO ] 2017-11-23 18:03:17,571 com.webtest.util.Log - linkText=¿¼ÇÚÃ÷Ï¸can't find element by prefix.
[INFO ] 2017-11-23 18:03:20,799 com.webtest.util.Log - org.openqa.selenium.NoSuchElementException: Unable to locate element: #\.\/\/\*\[\@id\=\'submit\'\]
For documentation on this error, please visit: http://seleniumhq.org/exceptions/no_such_element.html
Build info: version: '3.6.0', revision: '6fbf3ec767', time: '2017-09-27T16:15:40.131Z'
System info: host: 'LENOVO', ip: '10.7.90.232', os.name: 'Windows 10', os.arch: 'amd64', os.version: '10.0', java.version: '1.8.0_121'
Driver info: org.openqa.selenium.firefox.FirefoxDriver
Capabilities [{moz:profile=C:\Users\pc\AppData\Local\Temp\rust_mozprofile.aC204Jn0uDr1, rotatable=false, timeouts={implicit=0, pageLoad=300000, script=30000}, pageLoadStrategy=normal, platform=XP, specificationLevel=0, moz:accessibilityChecks=false, acceptInsecureCerts=true, browserVersion=55.0.3, platformVersion=10.0, moz:processID=1040, browserName=firefox, javascriptEnabled=true, platformName=XP}]
Session ID: 458f470e-a0fd-44b0-91dd-19e6ad09a0a2
*** Element info: {Using=id, value=.//*[@id='submit']}
[INFO ] 2017-11-23 18:06:32,686 com.webtest.util.Log - Using Firefox
[INFO ] 2017-11-23 18:06:32,702 com.webtest.util.Log - firefox
[INFO ] 2017-11-23 18:06:36,677 com.webtest.util.Log - Opened url http://127.0.0.1/ranzhi/sys/user-login-L3JhbnpoaS9zeXMv.html
[INFO ] 2017-11-23 18:06:53,913 com.webtest.util.Log - Entered iframe iframe-2
[INFO ] 2017-11-23 18:06:53,962 com.webtest.util.Log - org.openqa.selenium.NoSuchElementException: Unable to locate element: .//*[@id='menu']/ul/li[4]/a
For documentation on this error, please visit: http://seleniumhq.org/exceptions/no_such_element.html
Build info: version: '3.6.0', revision: '6fbf3ec767', time: '2017-09-27T16:15:40.131Z'
System info: host: 'LENOVO', ip: '10.7.90.232', os.name: 'Windows 10', os.arch: 'amd64', os.version: '10.0', java.version: '1.8.0_121'
Driver info: org.openqa.selenium.firefox.FirefoxDriver
Capabilities [{moz:profile=C:\Users\pc\AppData\Local\Temp\rust_mozprofile.EL8rasfuzWMP, rotatable=false, timeouts={implicit=0, pageLoad=300000, script=30000}, pageLoadStrategy=normal, platform=XP, specificationLevel=0, moz:accessibilityChecks=false, acceptInsecureCerts=true, browserVersion=55.0.3, platformVersion=10.0, moz:processID=1344, browserName=firefox, javascriptEnabled=true, platformName=XP}]
Session ID: 26648a02-d15a-4182-855c-0089ef80ae1a
*** Element info: {Using=xpath, value=.//*[@id='menu']/ul/li[4]/a}
[INFO ] 2017-11-23 18:06:53,986 com.webtest.util.Log - Left the iframe
[INFO ] 2017-11-23 18:09:14,348 com.webtest.util.Log - Using Firefox
[INFO ] 2017-11-23 18:09:14,355 com.webtest.util.Log - firefox
[INFO ] 2017-11-23 18:09:18,147 com.webtest.util.Log - Opened url http://127.0.0.1/ranzhi/sys/user-login-L3JhbnpoaS9zeXMv.html
[INFO ] 2017-11-23 18:09:31,682 com.webtest.util.Log - Entered iframe iframe-2
[INFO ] 2017-11-23 18:09:31,734 com.webtest.util.Log - org.openqa.selenium.NoSuchElementException: Unable to locate element: .//*[@id='s-menu-2']/button
For documentation on this error, please visit: http://seleniumhq.org/exceptions/no_such_element.html
Build info: version: '3.6.0', revision: '6fbf3ec767', time: '2017-09-27T16:15:40.131Z'
System info: host: 'LENOVO', ip: '10.7.90.232', os.name: 'Windows 10', os.arch: 'amd64', os.version: '10.0', java.version: '1.8.0_121'
Driver info: org.openqa.selenium.firefox.FirefoxDriver
Capabilities [{moz:profile=C:\Users\pc\AppData\Local\Temp\rust_mozprofile.gTyM3GC8IxwX, rotatable=false, timeouts={implicit=0, pageLoad=300000, script=30000}, pageLoadStrategy=normal, platform=XP, specificationLevel=0, moz:accessibilityChecks=false, acceptInsecureCerts=true, browserVersion=55.0.3, platformVersion=10.0, moz:processID=12440, browserName=firefox, javascriptEnabled=true, platformName=XP}]
Session ID: aeb61519-3618-496a-9043-d66e09704193
*** Element info: {Using=xpath, value=.//*[@id='s-menu-2']/button}
[INFO ] 2017-11-23 18:09:31,765 com.webtest.util.Log - org.openqa.selenium.NoSuchElementException: Unable to locate element: .//*[@id='menu']/ul/li[4]/a
For documentation on this error, please visit: http://seleniumhq.org/exceptions/no_such_element.html
Build info: version: '3.6.0', revision: '6fbf3ec767', time: '2017-09-27T16:15:40.131Z'
System info: host: 'LENOVO', ip: '10.7.90.232', os.name: 'Windows 10', os.arch: 'amd64', os.version: '10.0', java.version: '1.8.0_121'
Driver info: org.openqa.selenium.firefox.FirefoxDriver
Capabilities [{moz:profile=C:\Users\pc\AppData\Local\Temp\rust_mozprofile.gTyM3GC8IxwX, rotatable=false, timeouts={implicit=0, pageLoad=300000, script=30000}, pageLoadStrategy=normal, platform=XP, specificationLevel=0, moz:accessibilityChecks=false, acceptInsecureCerts=true, browserVersion=55.0.3, platformVersion=10.0, moz:processID=12440, browserName=firefox, javascriptEnabled=true, platformName=XP}]
Session ID: aeb61519-3618-496a-9043-d66e09704193
*** Element info: {Using=xpath, value=.//*[@id='menu']/ul/li[4]/a}
[INFO ] 2017-11-23 18:09:31,778 com.webtest.util.Log - Left the iframe
[INFO ] 2017-11-23 18:14:09,623 com.webtest.util.Log - Using Firefox
[INFO ] 2017-11-23 18:14:09,633 com.webtest.util.Log - firefox
[INFO ] 2017-11-23 18:14:13,466 com.webtest.util.Log - Opened url http://127.0.0.1/ranzhi/sys/user-login-L3JhbnpoaS9zeXMv.html
[INFO ] 2017-11-23 18:14:27,011 com.webtest.util.Log - Entered iframe iframe-2
[INFO ] 2017-11-23 18:14:35,050 com.webtest.util.Log - Left the iframe
[INFO ] 2017-11-23 18:20:51,224 com.webtest.util.Log - Using Firefox
[INFO ] 2017-11-23 18:20:51,232 com.webtest.util.Log - firefox
[INFO ] 2017-11-23 18:20:54,871 com.webtest.util.Log - Opened url http://127.0.0.1/ranzhi/sys/user-login-L3JhbnpoaS9zeXMv.html
[INFO ] 2017-11-23 18:21:08,630 com.webtest.util.Log - Entered iframe iframe-2
[INFO ] 2017-11-23 18:21:15,748 com.webtest.util.Log - Left the iframe
[INFO ] 2017-11-23 18:21:15,894 com.webtest.util.Log - org.openqa.selenium.NoSuchElementException: Unable to locate element: .//*[@id='account_chosen']/a
For documentation on this error, please visit: http://seleniumhq.org/exceptions/no_such_element.html
Build info: version: '3.6.0', revision: '6fbf3ec767', time: '2017-09-27T16:15:40.131Z'
System info: host: 'LENOVO', ip: '10.7.90.232', os.name: 'Windows 10', os.arch: 'amd64', os.version: '10.0', java.version: '1.8.0_121'
Driver info: org.openqa.selenium.firefox.FirefoxDriver
Capabilities [{moz:profile=C:\Users\pc\AppData\Local\Temp\rust_mozprofile.1S4sozPnrJie, rotatable=false, timeouts={implicit=0, pageLoad=300000, script=30000}, pageLoadStrategy=normal, platform=XP, specificationLevel=0, moz:accessibilityChecks=false, acceptInsecureCerts=true, browserVersion=55.0.3, platformVersion=10.0, moz:processID=11532, browserName=firefox, javascriptEnabled=true, platformName=XP}]
Session ID: 502fffaf-76c0-4b78-9974-73bb8474531f
*** Element info: {Using=xpath, value=.//*[@id='account_chosen']/a}
[INFO ] 2017-11-23 18:22:19,752 com.webtest.util.Log - Using Firefox
[INFO ] 2017-11-23 18:22:19,758 com.webtest.util.Log - firefox
[INFO ] 2017-11-23 18:22:23,549 com.webtest.util.Log - Opened url http://127.0.0.1/ranzhi/sys/user-login-L3JhbnpoaS9zeXMv.html
[INFO ] 2017-11-23 18:22:36,982 com.webtest.util.Log - Entered iframe iframe-2
[INFO ] 2017-11-23 18:22:44,111 com.webtest.util.Log - Left the iframe
[INFO ] 2017-11-23 18:22:47,166 com.webtest.util.Log - Entered iframe iframe-2
[INFO ] 2017-11-23 18:27:36,111 com.webtest.util.Log - Using Firefox
[INFO ] 2017-11-23 18:27:36,118 com.webtest.util.Log - firefox
[INFO ] 2017-11-23 18:27:40,113 com.webtest.util.Log - Opened url http://127.0.0.1/ranzhi/sys/user-login-L3JhbnpoaS9zeXMv.html
[INFO ] 2017-11-23 18:27:53,550 com.webtest.util.Log - Entered iframe iframe-2
[INFO ] 2017-11-23 18:28:00,824 com.webtest.util.Log - Left the iframe
[INFO ] 2017-11-23 18:28:03,900 com.webtest.util.Log - Entered iframe iframe-2
[INFO ] 2017-11-24 08:42:46,330 com.webtest.util.Log - Using Firefox
[INFO ] 2017-11-24 08:42:46,352 com.webtest.util.Log - firefox
[INFO ] 2017-11-24 08:42:50,614 com.webtest.util.Log - Opened url http://127.0.0.1/ranzhi/sys/user-login-L3JhbnpoaS9zeXMv.html
[INFO ] 2017-11-24 08:43:04,976 com.webtest.util.Log - Entered iframe iframe-2
[INFO ] 2017-11-24 08:43:12,325 com.webtest.util.Log - Left the iframe
[INFO ] 2017-11-24 08:43:15,394 com.webtest.util.Log - Entered iframe iframe-2
[INFO ] 2017-11-24 08:43:15,509 com.webtest.util.Log - .//*[@id='account_chosen']/a/spancan't find element by prefix.
[INFO ] 2017-11-24 08:45:38,724 com.webtest.util.Log - Using Firefox
[INFO ] 2017-11-24 08:45:38,730 com.webtest.util.Log - firefox
[INFO ] 2017-11-24 08:45:42,480 com.webtest.util.Log - Opened url http://127.0.0.1/ranzhi/sys/user-login-L3JhbnpoaS9zeXMv.html
[INFO ] 2017-11-24 08:45:56,007 com.webtest.util.Log - Entered iframe iframe-2
[INFO ] 2017-11-24 08:46:03,282 com.webtest.util.Log - Left the iframe
[INFO ] 2017-11-24 08:46:06,343 com.webtest.util.Log - Entered iframe iframe-2
[INFO ] 2017-11-24 08:46:06,346 com.webtest.util.Log - .//*[@id='account_chosen']/a/div/bcan't find element by prefix.
[INFO ] 2017-11-24 08:50:09,621 com.webtest.util.Log - Using Firefox
[INFO ] 2017-11-24 08:50:09,640 com.webtest.util.Log - firefox
[INFO ] 2017-11-24 08:50:13,274 com.webtest.util.Log - Opened url http://127.0.0.1/ranzhi/sys/user-login-L3JhbnpoaS9zeXMv.html
[INFO ] 2017-11-24 08:50:26,722 com.webtest.util.Log - Entered iframe iframe-2
[INFO ] 2017-11-24 08:50:33,951 com.webtest.util.Log - Left the iframe
[INFO ] 2017-11-24 08:50:37,021 com.webtest.util.Log - Entered iframe iframe-2
[INFO ] 2017-11-24 08:50:37,023 com.webtest.util.Log - .//*[@id='account_chosen']/a/div/bcan't find element by prefix.
[INFO ] 2017-11-24 08:52:11,159 com.webtest.util.Log - Using Firefox
[INFO ] 2017-11-24 08:52:11,181 com.webtest.util.Log - firefox
[INFO ] 2017-11-24 08:52:14,792 com.webtest.util.Log - Opened url http://127.0.0.1/ranzhi/sys/user-login-L3JhbnpoaS9zeXMv.html
[INFO ] 2017-11-24 08:52:28,234 com.webtest.util.Log - Entered iframe iframe-2
[INFO ] 2017-11-24 08:52:35,465 com.webtest.util.Log - Left the iframe
[INFO ] 2017-11-24 08:52:38,675 com.webtest.util.Log - Entered iframe iframe-2
[INFO ] 2017-11-24 08:52:38,687 com.webtest.util.Log - ..//*[@id='account_chosen']/acan't find element by prefix.
[INFO ] 2017-11-24 08:56:22,522 com.webtest.util.Log - Using Firefox
[INFO ] 2017-11-24 08:56:22,533 com.webtest.util.Log - firefox
[INFO ] 2017-11-24 08:56:26,413 com.webtest.util.Log - Opened url http://127.0.0.1/ranzhi/sys/user-login-L3JhbnpoaS9zeXMv.html
[INFO ] 2017-11-24 08:56:39,822 com.webtest.util.Log - Entered iframe iframe-2
[INFO ] 2017-11-24 08:56:47,126 com.webtest.util.Log - Left the iframe
[INFO ] 2017-11-24 08:56:50,194 com.webtest.util.Log - Entered iframe iframe-2
[INFO ] 2017-11-24 08:56:50,316 com.webtest.util.Log - org.openqa.selenium.NoSuchElementException: Unable to locate element: *[name='data']
For documentation on this error, please visit: http://seleniumhq.org/exceptions/no_such_element.html
Build info: version: '3.6.0', revision: '6fbf3ec767', time: '2017-09-27T16:15:40.131Z'
System info: host: 'LENOVO', ip: '10.7.90.232', os.name: 'Windows 10', os.arch: 'amd64', os.version: '10.0', java.version: '1.8.0_121'
Driver info: org.openqa.selenium.firefox.FirefoxDriver
Capabilities [{moz:profile=C:\Users\pc\AppData\Local\Temp\rust_mozprofile.mI8DpkdQPja5, rotatable=false, timeouts={implicit=0, pageLoad=300000, script=30000}, pageLoadStrategy=normal, platform=XP, specificationLevel=0, moz:accessibilityChecks=false, acceptInsecureCerts=true, browserVersion=55.0.3, platformVersion=10.0, moz:processID=13208, browserName=firefox, javascriptEnabled=true, platformName=XP}]
Session ID: 5754b526-9747-4811-a78b-6bd0c3d91a91
*** Element info: {Using=name, value=data}
[INFO ] 2017-11-24 08:56:53,946 com.webtest.util.Log - Left the iframe
[INFO ] 2017-11-24 09:08:57,852 com.webtest.util.Log - Using Firefox
[INFO ] 2017-11-24 09:08:57,861 com.webtest.util.Log - firefox
[INFO ] 2017-11-24 09:09:01,584 com.webtest.util.Log - Opened url http://127.0.0.1/ranzhi/sys/user-login-L3JhbnpoaS9zeXMv.html
[INFO ] 2017-11-24 09:09:15,198 com.webtest.util.Log - Entered iframe iframe-2
[INFO ] 2017-11-24 09:09:22,510 com.webtest.util.Log - Left the iframe
[INFO ] 2017-11-24 09:09:25,576 com.webtest.util.Log - Entered iframe iframe-2
[INFO ] 2017-11-24 09:09:25,605 com.webtest.util.Log - org.openqa.selenium.NoSuchElementException: Unable to locate element: *[name='data']
For documentation on this error, please visit: http://seleniumhq.org/exceptions/no_such_element.html
Build info: version: '3.6.0', revision: '6fbf3ec767', time: '2017-09-27T16:15:40.131Z'
System info: host: 'LENOVO', ip: '10.7.90.232', os.name: 'Windows 10', os.arch: 'amd64', os.version: '10.0', java.version: '1.8.0_121'
Driver info: org.openqa.selenium.firefox.FirefoxDriver
Capabilities [{moz:profile=C:\Users\pc\AppData\Local\Temp\rust_mozprofile.7Fls6hCbsFxA, rotatable=false, timeouts={implicit=0, pageLoad=300000, script=30000}, pageLoadStrategy=normal, platform=XP, specificationLevel=0, moz:accessibilityChecks=false, acceptInsecureCerts=true, browserVersion=55.0.3, platformVersion=10.0, moz:processID=11556, browserName=firefox, javascriptEnabled=true, platformName=XP}]
Session ID: 464242bc-91c3-4285-8c17-4bf20daa1c00
*** Element info: {Using=name, value=data}
[INFO ] 2017-11-24 09:09:29,253 com.webtest.util.Log - Left the iframe
[INFO ] 2017-11-24 09:09:29,272 com.webtest.util.Log - org.openqa.selenium.NoSuchElementException: Unable to locate element: .//*[@id='attendStat']/tbody/tr[3]/td/a
For documentation on this error, please visit: http://seleniumhq.org/exceptions/no_such_element.html
Build info: version: '3.6.0', revision: '6fbf3ec767', time: '2017-09-27T16:15:40.131Z'
System info: host: 'LENOVO', ip: '10.7.90.232', os.name: 'Windows 10', os.arch: 'amd64', os.version: '10.0', java.version: '1.8.0_121'
Driver info: org.openqa.selenium.firefox.FirefoxDriver
Capabilities [{moz:profile=C:\Users\pc\AppData\Local\Temp\rust_mozprofile.7Fls6hCbsFxA, rotatable=false, timeouts={implicit=0, pageLoad=300000, script=30000}, pageLoadStrategy=normal, platform=XP, specificationLevel=0, moz:accessibilityChecks=false, acceptInsecureCerts=true, browserVersion=55.0.3, platformVersion=10.0, moz:processID=11556, browserName=firefox, javascriptEnabled=true, platformName=XP}]
Session ID: 464242bc-91c3-4285-8c17-4bf20daa1c00
*** Element info: {Using=xpath, value=.//*[@id='attendStat']/tbody/tr[3]/td/a}
[INFO ] 2017-11-24 09:09:29,282 com.webtest.util.Log - org.openqa.selenium.NoSuchElementException: Unable to locate element: *[name='normal[admin]']
For documentation on this error, please visit: http://seleniumhq.org/exceptions/no_such_element.html
Build info: version: '3.6.0', revision: '6fbf3ec767', time: '2017-09-27T16:15:40.131Z'
System info: host: 'LENOVO', ip: '10.7.90.232', os.name: 'Windows 10', os.arch: 'amd64', os.version: '10.0', java.version: '1.8.0_121'
Driver info: org.openqa.selenium.firefox.FirefoxDriver
Capabilities [{moz:profile=C:\Users\pc\AppData\Local\Temp\rust_mozprofile.7Fls6hCbsFxA, rotatable=false, timeouts={implicit=0, pageLoad=300000, script=30000}, pageLoadStrategy=normal, platform=XP, specificationLevel=0, moz:accessibilityChecks=false, acceptInsecureCerts=true, browserVersion=55.0.3, platformVersion=10.0, moz:processID=11556, browserName=firefox, javascriptEnabled=true, platformName=XP}]
Session ID: 464242bc-91c3-4285-8c17-4bf20daa1c00
*** Element info: {Using=name, value=normal[admin]}
[INFO ] 2017-11-24 09:09:29,297 com.webtest.util.Log - org.openqa.selenium.NoSuchElementException: Unable to locate element: *[name='late[admin]']
For documentation on this error, please visit: http://seleniumhq.org/exceptions/no_such_element.html
Build info: version: '3.6.0', revision: '6fbf3ec767', time: '2017-09-27T16:15:40.131Z'
System info: host: 'LENOVO', ip: '10.7.90.232', os.name: 'Windows 10', os.arch: 'amd64', os.version: '10.0', java.version: '1.8.0_121'
Driver info: org.openqa.selenium.firefox.FirefoxDriver
Capabilities [{moz:profile=C:\Users\pc\AppData\Local\Temp\rust_mozprofile.7Fls6hCbsFxA, rotatable=false, timeouts={implicit=0, pageLoad=300000, script=30000}, pageLoadStrategy=normal, platform=XP, specificationLevel=0, moz:accessibilityChecks=false, acceptInsecureCerts=true, browserVersion=55.0.3, platformVersion=10.0, moz:processID=11556, browserName=firefox, javascriptEnabled=true, platformName=XP}]
Session ID: 464242bc-91c3-4285-8c17-4bf20daa1c00
*** Element info: {Using=name, value=late[admin]}
[INFO ] 2017-11-24 09:09:29,297 com.webtest.util.Log - org.openqa.selenium.NoSuchElementException: Unable to locate element: *[name='actual[admin]']
For documentation on this error, please visit: http://seleniumhq.org/exceptions/no_such_element.html
Build info: version: '3.6.0', revision: '6fbf3ec767', time: '2017-09-27T16:15:40.131Z'
System info: host: 'LENOVO', ip: '10.7.90.232', os.name: 'Windows 10', os.arch: 'amd64', os.version: '10.0', java.version: '1.8.0_121'
Driver info: org.openqa.selenium.firefox.FirefoxDriver
Capabilities [{moz:profile=C:\Users\pc\AppData\Local\Temp\rust_mozprofile.7Fls6hCbsFxA, rotatable=false, timeouts={implicit=0, pageLoad=300000, script=30000}, pageLoadStrategy=normal, platform=XP, specificationLevel=0, moz:accessibilityChecks=false, acceptInsecureCerts=true, browserVersion=55.0.3, platformVersion=10.0, moz:processID=11556, browserName=firefox, javascriptEnabled=true, platformName=XP}]
Session ID: 464242bc-91c3-4285-8c17-4bf20daa1c00
*** Element info: {Using=name, value=actual[admin]}
[INFO ] 2017-11-24 09:09:29,329 com.webtest.util.Log - org.openqa.selenium.NoSuchElementException: Unable to locate element: .//*[@id='submit']
For documentation on this error, please visit: http://seleniumhq.org/exceptions/no_such_element.html
Build info: version: '3.6.0', revision: '6fbf3ec767', time: '2017-09-27T16:15:40.131Z'
System info: host: 'LENOVO', ip: '10.7.90.232', os.name: 'Windows 10', os.arch: 'amd64', os.version: '10.0', java.version: '1.8.0_121'
Driver info: org.openqa.selenium.firefox.FirefoxDriver
Capabilities [{moz:profile=C:\Users\pc\AppData\Local\Temp\rust_mozprofile.7Fls6hCbsFxA, rotatable=false, timeouts={implicit=0, pageLoad=300000, script=30000}, pageLoadStrategy=normal, platform=XP, specificationLevel=0, moz:accessibilityChecks=false, acceptInsecureCerts=true, browserVersion=55.0.3, platformVersion=10.0, moz:processID=11556, browserName=firefox, javascriptEnabled=true, platformName=XP}]
Session ID: 464242bc-91c3-4285-8c17-4bf20daa1c00
*** Element info: {Using=xpath, value=.//*[@id='submit']}
[INFO ] 2017-11-24 09:11:52,935 com.webtest.util.Log - Using Firefox
[INFO ] 2017-11-24 09:11:52,946 com.webtest.util.Log - firefox
[INFO ] 2017-11-24 09:11:57,591 com.webtest.util.Log - Opened url http://127.0.0.1/ranzhi/sys/user-login-L3JhbnpoaS9zeXMv.html
[INFO ] 2017-11-24 09:12:11,063 com.webtest.util.Log - Entered iframe iframe-2
[INFO ] 2017-11-24 09:12:18,278 com.webtest.util.Log - Left the iframe
[INFO ] 2017-11-24 09:12:21,348 com.webtest.util.Log - Entered iframe iframe-2
[INFO ] 2017-11-24 09:12:21,385 com.webtest.util.Log - org.openqa.selenium.NoSuchElementException: Unable to locate element: *[name='data']
For documentation on this error, please visit: http://seleniumhq.org/exceptions/no_such_element.html
Build info: version: '3.6.0', revision: '6fbf3ec767', time: '2017-09-27T16:15:40.131Z'
System info: host: 'LENOVO', ip: '10.7.90.232', os.name: 'Windows 10', os.arch: 'amd64', os.version: '10.0', java.version: '1.8.0_121'
Driver info: org.openqa.selenium.firefox.FirefoxDriver
Capabilities [{moz:profile=C:\Users\pc\AppData\Local\Temp\rust_mozprofile.f1tBtkjBqktC, rotatable=false, timeouts={implicit=0, pageLoad=300000, script=30000}, pageLoadStrategy=normal, platform=XP, specificationLevel=0, moz:accessibilityChecks=false, acceptInsecureCerts=true, browserVersion=55.0.3, platformVersion=10.0, moz:processID=668, browserName=firefox, javascriptEnabled=true, platformName=XP}]
Session ID: fcf40cf5-0821-45f5-b75d-eeb293f13361
*** Element info: {Using=name, value=data}
[INFO ] 2017-11-24 09:12:25,048 com.webtest.util.Log - Left the iframe
[INFO ] 2017-11-24 09:12:25,060 com.webtest.util.Log - org.openqa.selenium.NoSuchElementException: Unable to locate element: .//*[@id='attendStat']/tbody/tr[3]/td/a
For documentation on this error, please visit: http://seleniumhq.org/exceptions/no_such_element.html
Build info: version: '3.6.0', revision: '6fbf3ec767', time: '2017-09-27T16:15:40.131Z'
System info: host: 'LENOVO', ip: '10.7.90.232', os.name: 'Windows 10', os.arch: 'amd64', os.version: '10.0', java.version: '1.8.0_121'
Driver info: org.openqa.selenium.firefox.FirefoxDriver
Capabilities [{moz:profile=C:\Users\pc\AppData\Local\Temp\rust_mozprofile.f1tBtkjBqktC, rotatable=false, timeouts={implicit=0, pageLoad=300000, script=30000}, pageLoadStrategy=normal, platform=XP, specificationLevel=0, moz:accessibilityChecks=false, acceptInsecureCerts=true, browserVersion=55.0.3, platformVersion=10.0, moz:processID=668, browserName=firefox, javascriptEnabled=true, platformName=XP}]
Session ID: fcf40cf5-0821-45f5-b75d-eeb293f13361
*** Element info: {Using=xpath, value=.//*[@id='attendStat']/tbody/tr[3]/td/a}
[INFO ] 2017-11-24 09:12:25,082 com.webtest.util.Log - org.openqa.selenium.NoSuchElementException: Unable to locate element: .//*[@id='normal[admin]']
For documentation on this error, please visit: http://seleniumhq.org/exceptions/no_such_element.html
Build info: version: '3.6.0', revision: '6fbf3ec767', time: '2017-09-27T16:15:40.131Z'
System info: host: 'LENOVO', ip: '10.7.90.232', os.name: 'Windows 10', os.arch: 'amd64', os.version: '10.0', java.version: '1.8.0_121'
Driver info: org.openqa.selenium.firefox.FirefoxDriver
Capabilities [{moz:profile=C:\Users\pc\AppData\Local\Temp\rust_mozprofile.f1tBtkjBqktC, rotatable=false, timeouts={implicit=0, pageLoad=300000, script=30000}, pageLoadStrategy=normal, platform=XP, specificationLevel=0, moz:accessibilityChecks=false, acceptInsecureCerts=true, browserVersion=55.0.3, platformVersion=10.0, moz:processID=668, browserName=firefox, javascriptEnabled=true, platformName=XP}]
Session ID: fcf40cf5-0821-45f5-b75d-eeb293f13361
*** Element info: {Using=xpath, value=.//*[@id='normal[admin]']}
[INFO ] 2017-11-24 09:12:25,092 com.webtest.util.Log - org.openqa.selenium.NoSuchElementException: Unable to locate element: .//*[@id='late[admin]']
For documentation on this error, please visit: http://seleniumhq.org/exceptions/no_such_element.html
Build info: version: '3.6.0', revision: '6fbf3ec767', time: '2017-09-27T16:15:40.131Z'
System info: host: 'LENOVO', ip: '10.7.90.232', os.name: 'Windows 10', os.arch: 'amd64', os.version: '10.0', java.version: '1.8.0_121'
Driver info: org.openqa.selenium.firefox.FirefoxDriver
Capabilities [{moz:profile=C:\Users\pc\AppData\Local\Temp\rust_mozprofile.f1tBtkjBqktC, rotatable=false, timeouts={implicit=0, pageLoad=300000, script=30000}, pageLoadStrategy=normal, platform=XP, specificationLevel=0, moz:accessibilityChecks=false, acceptInsecureCerts=true, browserVersion=55.0.3, platformVersion=10.0, moz:processID=668, browserName=firefox, javascriptEnabled=true, platformName=XP}]
Session ID: fcf40cf5-0821-45f5-b75d-eeb293f13361
*** Element info: {Using=xpath, value=.//*[@id='late[admin]']}
[INFO ] 2017-11-24 09:12:25,092 com.webtest.util.Log - .//*[@id='actual[admin]']can't find element by prefix.
[INFO ] 2017-11-24 09:12:25,107 com.webtest.util.Log - org.openqa.selenium.NoSuchElementException: Unable to locate element: .//*[@id='submit']
For documentation on this error, please visit: http://seleniumhq.org/exceptions/no_such_element.html
Build info: version: '3.6.0', revision: '6fbf3ec767', time: '2017-09-27T16:15:40.131Z'
System info: host: 'LENOVO', ip: '10.7.90.232', os.name: 'Windows 10', os.arch: 'amd64', os.version: '10.0', java.version: '1.8.0_121'
Driver info: org.openqa.selenium.firefox.FirefoxDriver
Capabilities [{moz:profile=C:\Users\pc\AppData\Local\Temp\rust_mozprofile.f1tBtkjBqktC, rotatable=false, timeouts={implicit=0, pageLoad=300000, script=30000}, pageLoadStrategy=normal, platform=XP, specificationLevel=0, moz:accessibilityChecks=false, acceptInsecureCerts=true, browserVersion=55.0.3, platformVersion=10.0, moz:processID=668, browserName=firefox, javascriptEnabled=true, platformName=XP}]
Session ID: fcf40cf5-0821-45f5-b75d-eeb293f13361
*** Element info: {Using=xpath, value=.//*[@id='submit']}
[INFO ] 2017-11-24 09:13:44,802 com.webtest.util.Log - Using Firefox
[INFO ] 2017-11-24 09:13:44,815 com.webtest.util.Log - firefox
[INFO ] 2017-11-24 09:13:48,552 com.webtest.util.Log - Opened url http://127.0.0.1/ranzhi/sys/user-login-L3JhbnpoaS9zeXMv.html
[INFO ] 2017-11-24 09:14:01,972 com.webtest.util.Log - Entered iframe iframe-2
[INFO ] 2017-11-24 09:14:09,565 com.webtest.util.Log - Left the iframe
[INFO ] 2017-11-24 09:14:12,634 com.webtest.util.Log - Entered iframe iframe-2
[INFO ] 2017-11-24 09:14:12,671 com.webtest.util.Log - org.openqa.selenium.NoSuchElementException: Unable to locate element: *[name='data']
For documentation on this error, please visit: http://seleniumhq.org/exceptions/no_such_element.html
Build info: version: '3.6.0', revision: '6fbf3ec767', time: '2017-09-27T16:15:40.131Z'
System info: host: 'LENOVO', ip: '10.7.90.232', os.name: 'Windows 10', os.arch: 'amd64', os.version: '10.0', java.version: '1.8.0_121'
Driver info: org.openqa.selenium.firefox.FirefoxDriver
Capabilities [{moz:profile=C:\Users\pc\AppData\Local\Temp\rust_mozprofile.q3tgFDxaaVDX, rotatable=false, timeouts={implicit=0, pageLoad=300000, script=30000}, pageLoadStrategy=normal, platform=XP, specificationLevel=0, moz:accessibilityChecks=false, acceptInsecureCerts=true, browserVersion=55.0.3, platformVersion=10.0, moz:processID=9668, browserName=firefox, javascriptEnabled=true, platformName=XP}]
Session ID: 47b433cb-1b0d-4690-8972-82a7edabfc2d
*** Element info: {Using=name, value=data}
[INFO ] 2017-11-24 09:14:16,354 com.webtest.util.Log - Left the iframe
[INFO ] 2017-11-24 09:14:16,377 com.webtest.util.Log - org.openqa.selenium.NoSuchElementException: Unable to locate element: .//*[@id='menu']/ul/li[6]/a
For documentation on this error, please visit: http://seleniumhq.org/exceptions/no_such_element.html
Build info: version: '3.6.0', revision: '6fbf3ec767', time: '2017-09-27T16:15:40.131Z'
System info: host: 'LENOVO', ip: '10.7.90.232', os.name: 'Windows 10', os.arch: 'amd64', os.version: '10.0', java.version: '1.8.0_121'
Driver info: org.openqa.selenium.firefox.FirefoxDriver
Capabilities [{moz:profile=C:\Users\pc\AppData\Local\Temp\rust_mozprofile.q3tgFDxaaVDX, rotatable=false, timeouts={implicit=0, pageLoad=300000, script=30000}, pageLoadStrategy=normal, platform=XP, specificationLevel=0, moz:accessibilityChecks=false, acceptInsecureCerts=true, browserVersion=55.0.3, platformVersion=10.0, moz:processID=9668, browserName=firefox, javascriptEnabled=true, platformName=XP}]
Session ID: 47b433cb-1b0d-4690-8972-82a7edabfc2d
*** Element info: {Using=xpath, value=.//*[@id='menu']/ul/li[6]/a}
[INFO ] 2017-11-24 09:15:52,880 com.webtest.util.Log - Using Firefox
[INFO ] 2017-11-24 09:15:52,887 com.webtest.util.Log - firefox
[INFO ] 2017-11-24 09:15:56,507 com.webtest.util.Log - Opened url http://127.0.0.1/ranzhi/sys/user-login-L3JhbnpoaS9zeXMv.html
[INFO ] 2017-11-24 09:16:09,755 com.webtest.util.Log - Entered iframe iframe-2
[INFO ] 2017-11-24 09:16:17,040 com.webtest.util.Log - Left the iframe
[INFO ] 2017-11-24 09:16:20,105 com.webtest.util.Log - Entered iframe iframe-2
[INFO ] 2017-11-24 09:16:20,127 com.webtest.util.Log - org.openqa.selenium.NoSuchElementException: Unable to locate element: *[name='data']
For documentation on this error, please visit: http://seleniumhq.org/exceptions/no_such_element.html
Build info: version: '3.6.0', revision: '6fbf3ec767', time: '2017-09-27T16:15:40.131Z'
System info: host: 'LENOVO', ip: '10.7.90.232', os.name: 'Windows 10', os.arch: 'amd64', os.version: '10.0', java.version: '1.8.0_121'
Driver info: org.openqa.selenium.firefox.FirefoxDriver
Capabilities [{moz:profile=C:\Users\pc\AppData\Local\Temp\rust_mozprofile.3PTnnfKZdqBO, rotatable=false, timeouts={implicit=0, pageLoad=300000, script=30000}, pageLoadStrategy=normal, platform=XP, specificationLevel=0, moz:accessibilityChecks=false, acceptInsecureCerts=true, browserVersion=55.0.3, platformVersion=10.0, moz:processID=9268, browserName=firefox, javascriptEnabled=true, platformName=XP}]
Session ID: 1895c896-9183-4b0c-a535-6522fa4a7990
*** Element info: {Using=name, value=data}
[INFO ] 2017-11-24 09:16:23,833 com.webtest.util.Log - Left the iframe
[INFO ] 2017-11-24 09:16:26,906 com.webtest.util.Log - Entered iframe iframe-2
[INFO ] 2017-11-24 09:16:30,357 com.webtest.util.Log - Left the iframe
[INFO ] 2017-11-24 09:17:00,632 com.webtest.util.Log - Using Firefox
[INFO ] 2017-11-24 09:17:00,641 com.webtest.util.Log - firefox
[INFO ] 2017-11-24 09:17:05,359 com.webtest.util.Log - Opened url http://127.0.0.1/ranzhi/sys/user-login-L3JhbnpoaS9zeXMv.html
[INFO ] 2017-11-24 09:17:18,727 com.webtest.util.Log - Entered iframe iframe-2
[INFO ] 2017-11-24 09:17:25,996 com.webtest.util.Log - Left the iframe
[INFO ] 2017-11-24 09:17:29,070 com.webtest.util.Log - Entered iframe iframe-2
[INFO ] 2017-11-24 09:17:29,108 com.webtest.util.Log - org.openqa.selenium.NoSuchElementException: Unable to locate element: *[name='data']
For documentation on this error, please visit: http://seleniumhq.org/exceptions/no_such_element.html
Build info: version: '3.6.0', revision: '6fbf3ec767', time: '2017-09-27T16:15:40.131Z'
System info: host: 'LENOVO', ip: '10.7.90.232', os.name: 'Windows 10', os.arch: 'amd64', os.version: '10.0', java.version: '1.8.0_121'
Driver info: org.openqa.selenium.firefox.FirefoxDriver
Capabilities [{moz:profile=C:\Users\pc\AppData\Local\Temp\rust_mozprofile.PGQeMCo6yNf4, rotatable=false, timeouts={implicit=0, pageLoad=300000, script=30000}, pageLoadStrategy=normal, platform=XP, specificationLevel=0, moz:accessibilityChecks=false, acceptInsecureCerts=true, browserVersion=55.0.3, platformVersion=10.0, moz:processID=1916, browserName=firefox, javascriptEnabled=true, platformName=XP}]
Session ID: 61704d7a-22a0-406b-bc09-aa6f6dde5e10
*** Element info: {Using=name, value=data}
[INFO ] 2017-11-24 09:17:32,807 com.webtest.util.Log - Left the iframe
[INFO ] 2017-11-24 09:17:35,882 com.webtest.util.Log - Entered iframe iframe-2
[INFO ] 2017-11-24 09:17:39,319 com.webtest.util.Log - Left the iframe
[INFO ] 2017-11-24 09:35:07,522 com.webtest.util.Log - Using Firefox
[INFO ] 2017-11-24 09:35:07,572 com.webtest.util.Log - firefox
[INFO ] 2017-11-24 09:35:12,904 com.webtest.util.Log - Opened url http://127.0.0.1/ranzhi/sys/user-login-L3JhbnpoaS9zeXMv.html
[INFO ] 2017-11-24 09:35:26,589 com.webtest.util.Log - Entered iframe iframe-2
[INFO ] 2017-11-24 09:35:34,218 com.webtest.util.Log - Left the iframe
[INFO ] 2017-11-24 09:35:37,300 com.webtest.util.Log - Entered iframe iframe-2
[INFO ] 2017-11-24 09:35:37,368 com.webtest.util.Log - org.openqa.selenium.NoSuchElementException: Unable to locate element: *[name='data']
For documentation on this error, please visit: http://seleniumhq.org/exceptions/no_such_element.html
Build info: version: '3.6.0', revision: '6fbf3ec767', time: '2017-09-27T16:15:40.131Z'
System info: host: 'LENOVO', ip: '10.7.90.232', os.name: 'Windows 10', os.arch: 'amd64', os.version: '10.0', java.version: '1.8.0_121'
Driver info: org.openqa.selenium.firefox.FirefoxDriver
Capabilities [{moz:profile=C:\Users\pc\AppData\Local\Temp\rust_mozprofile.90IsHLGnglMs, rotatable=false, timeouts={implicit=0, pageLoad=300000, script=30000}, pageLoadStrategy=normal, platform=XP, specificationLevel=0, moz:accessibilityChecks=false, acceptInsecureCerts=true, browserVersion=55.0.3, platformVersion=10.0, moz:processID=1700, browserName=firefox, javascriptEnabled=true, platformName=XP}]
Session ID: 0c227a93-1ca5-4e21-b063-b759aaa3ca2c
*** Element info: {Using=name, value=data}
[INFO ] 2017-11-24 09:35:41,298 com.webtest.util.Log - Left the iframe
[INFO ] 2017-11-24 09:35:44,382 com.webtest.util.Log - Entered iframe iframe-2
[INFO ] 2017-11-24 09:37:56,203 com.webtest.util.Log - Using Firefox
[INFO ] 2017-11-24 09:37:56,210 com.webtest.util.Log - firefox
[INFO ] 2017-11-24 09:37:59,974 com.webtest.util.Log - Opened url http://127.0.0.1/ranzhi/sys/user-login-L3JhbnpoaS9zeXMv.html
[INFO ] 2017-11-24 09:38:13,442 com.webtest.util.Log - Entered iframe iframe-2
[INFO ] 2017-11-24 09:38:20,946 com.webtest.util.Log - Left the iframe
[INFO ] 2017-11-24 09:38:24,021 com.webtest.util.Log - Entered iframe iframe-2
[INFO ] 2017-11-24 09:38:24,064 com.webtest.util.Log - org.openqa.selenium.NoSuchElementException: Unable to locate element: *[name='data']
For documentation on this error, please visit: http://seleniumhq.org/exceptions/no_such_element.html
Build info: version: '3.6.0', revision: '6fbf3ec767', time: '2017-09-27T16:15:40.131Z'
System info: host: 'LENOVO', ip: '10.7.90.232', os.name: 'Windows 10', os.arch: 'amd64', os.version: '10.0', java.version: '1.8.0_121'
Driver info: org.openqa.selenium.firefox.FirefoxDriver
Capabilities [{moz:profile=C:\Users\pc\AppData\Local\Temp\rust_mozprofile.1mH9VLvvLGI8, rotatable=false, timeouts={implicit=0, pageLoad=300000, script=30000}, pageLoadStrategy=normal, platform=XP, specificationLevel=0, moz:accessibilityChecks=false, acceptInsecureCerts=true, browserVersion=55.0.3, platformVersion=10.0, moz:processID=6284, browserName=firefox, javascriptEnabled=true, platformName=XP}]
Session ID: 2859917b-9286-4608-ad4b-b06c7f2f62a2
*** Element info: {Using=name, value=data}
[INFO ] 2017-11-24 09:38:27,827 com.webtest.util.Log - Left the iframe
[INFO ] 2017-11-24 09:38:30,903 com.webtest.util.Log - Entered iframe iframe-2
[INFO ] 2017-11-24 09:38:38,399 com.webtest.util.Log - Left the iframe
[INFO ] 2017-11-24 09:50:00,673 com.webtest.util.Log - Using Firefox
[INFO ] 2017-11-24 09:50:00,682 com.webtest.util.Log - firefox
[INFO ] 2017-11-24 09:50:04,761 com.webtest.util.Log - Opened url http://127.0.0.1/ranzhi/sys/user-login-L3JhbnpoaS9zeXMv.html
[INFO ] 2017-11-24 09:50:18,226 com.webtest.util.Log - Entered iframe iframe-2
[INFO ] 2017-11-24 09:50:25,635 com.webtest.util.Log - Left the iframe
[INFO ] 2017-11-24 09:50:28,710 com.webtest.util.Log - Entered iframe iframe-2
[INFO ] 2017-11-24 09:50:28,730 com.webtest.util.Log - org.openqa.selenium.NoSuchElementException: Unable to locate element: *[name='data']
For documentation on this error, please visit: http://seleniumhq.org/exceptions/no_such_element.html
Build info: version: '3.6.0', revision: '6fbf3ec767', time: '2017-09-27T16:15:40.131Z'
System info: host: 'LENOVO', ip: '10.7.90.232', os.name: 'Windows 10', os.arch: 'amd64', os.version: '10.0', java.version: '1.8.0_121'
Driver info: org.openqa.selenium.firefox.FirefoxDriver
Capabilities [{moz:profile=C:\Users\pc\AppData\Local\Temp\rust_mozprofile.TEPd59LNbDoh, rotatable=false, timeouts={implicit=0, pageLoad=300000, script=30000}, pageLoadStrategy=normal, platform=XP, specificationLevel=0, moz:accessibilityChecks=false, acceptInsecureCerts=true, browserVersion=55.0.3, platformVersion=10.0, moz:processID=11252, browserName=firefox, javascriptEnabled=true, platformName=XP}]
Session ID: 96b7e23c-6661-4186-be84-77bc158770b1
*** Element info: {Using=name, value=data}
[INFO ] 2017-11-24 09:50:32,467 com.webtest.util.Log - Left the iframe
[INFO ] 2017-11-24 09:50:35,543 com.webtest.util.Log - Entered iframe iframe-2
[INFO ] 2017-11-24 09:50:42,888 com.webtest.util.Log - Left the iframe
[INFO ] 2017-11-24 09:52:23,484 com.webtest.util.Log - Using Firefox
[INFO ] 2017-11-24 09:52:23,495 com.webtest.util.Log - firefox
[INFO ] 2017-11-24 09:52:28,225 com.webtest.util.Log - Opened url http://127.0.0.1/ranzhi/sys/user-login-L3JhbnpoaS9zeXMv.html
[INFO ] 2017-11-24 09:52:41,400 com.webtest.util.Log - Entered iframe iframe-2
[INFO ] 2017-11-24 09:52:48,817 com.webtest.util.Log - Left the iframe
[INFO ] 2017-11-24 09:52:51,893 com.webtest.util.Log - Entered iframe iframe-2
[INFO ] 2017-11-24 09:55:30,828 com.webtest.util.Log - Using Firefox
[INFO ] 2017-11-24 09:55:30,838 com.webtest.util.Log - firefox
[INFO ] 2017-11-24 09:55:34,588 com.webtest.util.Log - Opened url http://127.0.0.1/ranzhi/sys/user-login-L3JhbnpoaS9zeXMv.html
[INFO ] 2017-11-24 09:55:47,939 com.webtest.util.Log - Entered iframe iframe-2
[INFO ] 2017-11-24 09:55:55,250 com.webtest.util.Log - Left the iframe
[INFO ] 2017-11-24 09:55:58,336 com.webtest.util.Log - Entered iframe iframe-2
[INFO ] 2017-11-24 09:56:05,131 com.webtest.util.Log - org.openqa.selenium.NoSuchElementException: Unable to locate element: *[name='data']
For documentation on this error, please visit: http://seleniumhq.org/exceptions/no_such_element.html
Build info: version: '3.6.0', revision: '6fbf3ec767', time: '2017-09-27T16:15:40.131Z'
System info: host: 'LENOVO', ip: '10.7.90.232', os.name: 'Windows 10', os.arch: 'amd64', os.version: '10.0', java.version: '1.8.0_121'
Driver info: org.openqa.selenium.firefox.FirefoxDriver
Capabilities [{moz:profile=C:\Users\pc\AppData\Local\Temp\rust_mozprofile.AKb6yjOkbJb1, rotatable=false, timeouts={implicit=0, pageLoad=300000, script=30000}, pageLoadStrategy=normal, platform=XP, specificationLevel=0, moz:accessibilityChecks=false, acceptInsecureCerts=true, browserVersion=55.0.3, platformVersion=10.0, moz:processID=9684, browserName=firefox, javascriptEnabled=true, platformName=XP}]
Session ID: d9d1ba87-1670-494f-92c1-62db6faf95a8
*** Element info: {Using=name, value=data}
[INFO ] 2017-11-24 09:56:08,806 com.webtest.util.Log - Left the iframe
[INFO ] 2017-11-24 09:56:11,869 com.webtest.util.Log - Entered iframe iframe-2
[INFO ] 2017-11-24 09:56:19,043 com.webtest.util.Log - Left the iframe
[INFO ] 2017-11-24 10:04:32,359 com.webtest.util.Log - Using Firefox
[INFO ] 2017-11-24 10:04:32,366 com.webtest.util.Log - firefox
[INFO ] 2017-11-24 10:04:36,075 com.webtest.util.Log - Opened url http://127.0.0.1/ranzhi/sys/user-login-L3JhbnpoaS9zeXMv.html
[INFO ] 2017-11-24 10:04:49,702 com.webtest.util.Log - Entered iframe iframe-2
[INFO ] 2017-11-24 10:04:56,995 com.webtest.util.Log - Left the iframe
[INFO ] 2017-11-24 10:05:00,071 com.webtest.util.Log - Entered iframe iframe-2
[INFO ] 2017-11-24 10:05:06,799 com.webtest.util.Log - org.openqa.selenium.NoSuchElementException: Unable to locate element: *[name='data']
For documentation on this error, please visit: http://seleniumhq.org/exceptions/no_such_element.html
Build info: version: '3.6.0', revision: '6fbf3ec767', time: '2017-09-27T16:15:40.131Z'
System info: host: 'LENOVO', ip: '10.7.90.232', os.name: 'Windows 10', os.arch: 'amd64', os.version: '10.0', java.version: '1.8.0_121'
Driver info: org.openqa.selenium.firefox.FirefoxDriver
Capabilities [{moz:profile=C:\Users\pc\AppData\Local\Temp\rust_mozprofile.CM0U2kcoQ8e9, rotatable=false, timeouts={implicit=0, pageLoad=300000, script=30000}, pageLoadStrategy=normal, platform=XP, specificationLevel=0, moz:accessibilityChecks=false, acceptInsecureCerts=true, browserVersion=55.0.3, platformVersion=10.0, moz:processID=14332, browserName=firefox, javascriptEnabled=true, platformName=XP}]
Session ID: 1f300666-98c9-4185-a041-e36614a3ee9e
*** Element info: {Using=name, value=data}
[INFO ] 2017-11-24 10:05:10,591 com.webtest.util.Log - Left the iframe
[INFO ] 2017-11-24 10:05:13,667 com.webtest.util.Log - Entered iframe iframe-2
[INFO ] 2017-11-24 10:05:21,146 com.webtest.util.Log - Left the iframe
[INFO ] 2017-11-24 10:31:49,278 com.webtest.util.Log - Using Firefox
[INFO ] 2017-11-24 10:31:49,287 com.webtest.util.Log - firefox
[INFO ] 2017-11-24 10:31:53,103 com.webtest.util.Log - Opened url http://127.0.0.1/ranzhi/sys/user-login-L3JhbnpoaS9zeXMv.html
[INFO ] 2017-11-24 10:32:06,453 com.webtest.util.Log - Entered iframe iframe-2
[INFO ] 2017-11-24 10:32:13,891 com.webtest.util.Log - Left the iframe
[INFO ] 2017-11-24 10:32:16,960 com.webtest.util.Log - Entered iframe iframe-2
[INFO ] 2017-11-24 10:32:23,612 com.webtest.util.Log - org.openqa.selenium.NoSuchElementException: Unable to locate element: *[name='data']
For documentation on this error, please visit: http://seleniumhq.org/exceptions/no_such_element.html
Build info: version: '3.6.0', revision: '6fbf3ec767', time: '2017-09-27T16:15:40.131Z'
System info: host: 'LENOVO', ip: '10.7.90.232', os.name: 'Windows 10', os.arch: 'amd64', os.version: '10.0', java.version: '1.8.0_121'
Driver info: org.openqa.selenium.firefox.FirefoxDriver
Capabilities [{moz:profile=C:\Users\pc\AppData\Local\Temp\rust_mozprofile.hrclxaM0ctbN, rotatable=false, timeouts={implicit=0, pageLoad=300000, script=30000}, pageLoadStrategy=normal, platform=XP, specificationLevel=0, moz:accessibilityChecks=false, acceptInsecureCerts=true, browserVersion=55.0.3, platformVersion=10.0, moz:processID=10312, browserName=firefox, javascriptEnabled=true, platformName=XP}]
Session ID: e6411688-4947-4d94-baa1-f22c9c3cee15
*** Element info: {Using=name, value=data}
[INFO ] 2017-11-24 10:32:27,461 com.webtest.util.Log - Left the iframe
[INFO ] 2017-11-24 10:32:30,536 com.webtest.util.Log - Entered iframe iframe-2
[INFO ] 2017-11-24 10:38:48,505 com.webtest.util.Log - Using Firefox
[INFO ] 2017-11-24 10:38:48,513 com.webtest.util.Log - firefox
[INFO ] 2017-11-24 10:38:52,107 com.webtest.util.Log - Opened url http://127.0.0.1/ranzhi/sys/user-login-L3JhbnpoaS9zeXMv.html
[INFO ] 2017-11-24 10:39:05,510 com.webtest.util.Log - Entered iframe iframe-2
[INFO ] 2017-11-24 10:39:12,887 com.webtest.util.Log - Left the iframe
[INFO ] 2017-11-24 10:39:15,962 com.webtest.util.Log - Entered iframe iframe-2
[INFO ] 2017-11-24 10:39:22,641 com.webtest.util.Log - org.openqa.selenium.NoSuchElementException: Unable to locate element: *[name='data']
For documentation on this error, please visit: http://seleniumhq.org/exceptions/no_such_element.html
Build info: version: '3.6.0', revision: '6fbf3ec767', time: '2017-09-27T16:15:40.131Z'
System info: host: 'LENOVO', ip: '10.7.90.232', os.name: 'Windows 10', os.arch: 'amd64', os.version: '10.0', java.version: '1.8.0_121'
Driver info: org.openqa.selenium.firefox.FirefoxDriver
Capabilities [{moz:profile=C:\Users\pc\AppData\Local\Temp\rust_mozprofile.C99j15CVBnyC, rotatable=false, timeouts={implicit=0, pageLoad=300000, script=30000}, pageLoadStrategy=normal, platform=XP, specificationLevel=0, moz:accessibilityChecks=false, acceptInsecureCerts=true, browserVersion=55.0.3, platformVersion=10.0, moz:processID=5724, browserName=firefox, javascriptEnabled=true, platformName=XP}]
Session ID: 03eb79fb-782d-4d25-af87-621fdcd77e77
*** Element info: {Using=name, value=data}
[INFO ] 2017-11-24 10:39:26,315 com.webtest.util.Log - Left the iframe
[INFO ] 2017-11-24 10:39:29,405 com.webtest.util.Log - Entered iframe iframe-2
[INFO ] 2017-11-24 10:39:36,991 com.webtest.util.Log - Left the iframe
[INFO ] 2017-11-24 10:39:37,005 com.webtest.util.Log - org.openqa.selenium.NoSuchElementException: Unable to locate element: .//*[@id='submit']
For documentation on this error, please visit: http://seleniumhq.org/exceptions/no_such_element.html
Build info: version: '3.6.0', revision: '6fbf3ec767', time: '2017-09-27T16:15:40.131Z'
System info: host: 'LENOVO', ip: '10.7.90.232', os.name: 'Windows 10', os.arch: 'amd64', os.version: '10.0', java.version: '1.8.0_121'
Driver info: org.openqa.selenium.firefox.FirefoxDriver
Capabilities [{moz:profile=C:\Users\pc\AppData\Local\Temp\rust_mozprofile.C99j15CVBnyC, rotatable=false, timeouts={implicit=0, pageLoad=300000, script=30000}, pageLoadStrategy=normal, platform=XP, specificationLevel=0, moz:accessibilityChecks=false, acceptInsecureCerts=true, browserVersion=55.0.3, platformVersion=10.0, moz:processID=5724, browserName=firefox, javascriptEnabled=true, platformName=XP}]
Session ID: 03eb79fb-782d-4d25-af87-621fdcd77e77
*** Element info: {Using=xpath, value=.//*[@id='submit']}
[INFO ] 2017-11-28 08:38:01,093 com.webtest.util.Log - Using Firefox
[INFO ] 2017-11-28 08:38:01,121 com.webtest.util.Log - firefox
[INFO ] 2017-11-28 08:38:05,208 com.webtest.util.Log - Opened url http://127.0.0.1/ranzhi/sys/user-login-L3JhbnpoaS9zeXMv.html
[INFO ] 2017-11-28 08:38:19,555 com.webtest.util.Log - Entered iframe iframe-2
[INFO ] 2017-11-28 08:38:27,056 com.webtest.util.Log - Left the iframe
[INFO ] 2017-11-28 08:38:30,143 com.webtest.util.Log - Entered iframe iframe-2
[INFO ] 2017-11-28 08:38:36,935 com.webtest.util.Log - org.openqa.selenium.NoSuchElementException: Unable to locate element: *[name='data']
For documentation on this error, please visit: http://seleniumhq.org/exceptions/no_such_element.html
Build info: version: '3.6.0', revision: '6fbf3ec767', time: '2017-09-27T16:15:40.131Z'
System info: host: 'LENOVO', ip: '10.7.90.232', os.name: 'Windows 10', os.arch: 'amd64', os.version: '10.0', java.version: '1.8.0_121'
Driver info: org.openqa.selenium.firefox.FirefoxDriver
Capabilities [{moz:profile=C:\Users\pc\AppData\Local\Temp\rust_mozprofile.zjUfvBBou2GJ, rotatable=false, timeouts={implicit=0, pageLoad=300000, script=30000}, pageLoadStrategy=normal, platform=XP, specificationLevel=0, moz:accessibilityChecks=false, acceptInsecureCerts=true, browserVersion=55.0.3, platformVersion=10.0, moz:processID=8860, browserName=firefox, javascriptEnabled=true, platformName=XP}]
Session ID: ffbee243-1e09-4843-9abf-e9b1cbdcb4bc
*** Element info: {Using=name, value=data}
[INFO ] 2017-11-28 08:38:40,551 com.webtest.util.Log - Left the iframe
[INFO ] 2017-11-28 08:38:43,666 com.webtest.util.Log - Entered iframe iframe-2
[INFO ] 2017-11-28 08:38:51,100 com.webtest.util.Log - Left the iframe
[INFO ] 2017-11-28 08:38:51,137 com.webtest.util.Log - org.openqa.selenium.NoSuchElementException: Unable to locate element: .//*[@id='submit']
For documentation on this error, please visit: http://seleniumhq.org/exceptions/no_such_element.html
Build info: version: '3.6.0', revision: '6fbf3ec767', time: '2017-09-27T16:15:40.131Z'
System info: host: 'LENOVO', ip: '10.7.90.232', os.name: 'Windows 10', os.arch: 'amd64', os.version: '10.0', java.version: '1.8.0_121'
Driver info: org.openqa.selenium.firefox.FirefoxDriver
Capabilities [{moz:profile=C:\Users\pc\AppData\Local\Temp\rust_mozprofile.zjUfvBBou2GJ, rotatable=false, timeouts={implicit=0, pageLoad=300000, script=30000}, pageLoadStrategy=normal, platform=XP, specificationLevel=0, moz:accessibilityChecks=false, acceptInsecureCerts=true, browserVersion=55.0.3, platformVersion=10.0, moz:processID=8860, browserName=firefox, javascriptEnabled=true, platformName=XP}]
Session ID: ffbee243-1e09-4843-9abf-e9b1cbdcb4bc
*** Element info: {Using=xpath, value=.//*[@id='submit']}
[INFO ] 2017-11-28 08:41:20,150 com.webtest.util.Log - Using Firefox
[INFO ] 2017-11-28 08:41:20,167 com.webtest.util.Log - firefox
[INFO ] 2017-11-28 08:41:44,520 com.webtest.util.Log - Opened url http://127.0.0.1/ranzhi/sys/user-login-L3JhbnpoaS9zeXMv.html
[INFO ] 2017-11-28 08:41:57,779 com.webtest.util.Log - Entered iframe iframe-2
[INFO ] 2017-11-28 08:42:04,962 com.webtest.util.Log - Left the iframe
[INFO ] 2017-11-28 08:42:08,054 com.webtest.util.Log - Entered iframe iframe-2
[INFO ] 2017-11-28 08:42:14,656 com.webtest.util.Log - org.openqa.selenium.NoSuchElementException: Unable to locate element: *[name='data']
For documentation on this error, please visit: http://seleniumhq.org/exceptions/no_such_element.html
Build info: version: '3.6.0', revision: '6fbf3ec767', time: '2017-09-27T16:15:40.131Z'
System info: host: 'LENOVO', ip: '10.7.90.232', os.name: 'Windows 10', os.arch: 'amd64', os.version: '10.0', java.version: '1.8.0_121'
Driver info: org.openqa.selenium.firefox.FirefoxDriver
Capabilities [{moz:profile=C:\Users\pc\AppData\Local\Temp\rust_mozprofile.5anJ6KYKEpfL, rotatable=false, timeouts={implicit=0, pageLoad=300000, script=30000}, pageLoadStrategy=normal, platform=XP, specificationLevel=0, moz:accessibilityChecks=false, acceptInsecureCerts=true, browserVersion=55.0.3, platformVersion=10.0, moz:processID=6812, browserName=firefox, javascriptEnabled=true, platformName=XP}]
Session ID: 453348bd-5480-4ae3-8907-5fd2680cd86c
*** Element info: {Using=name, value=data}
[INFO ] 2017-11-28 08:42:18,279 com.webtest.util.Log - Left the iframe
[INFO ] 2017-11-28 08:42:21,337 com.webtest.util.Log - Entered iframe iframe-2
[INFO ] 2017-11-28 09:13:28,230 com.webtest.util.Log - Using Firefox
[INFO ] 2017-11-28 09:13:28,248 com.webtest.util.Log - firefox
[INFO ] 2017-11-28 09:13:33,068 com.webtest.util.Log - Opened url http://127.0.0.1/ranzhi/sys/user-login-L3JhbnpoaS9zeXMv.html
[INFO ] 2017-11-28 09:13:46,354 com.webtest.util.Log - Entered iframe iframe-2
[INFO ] 2017-11-28 09:13:53,497 com.webtest.util.Log - Left the iframe
[INFO ] 2017-11-28 09:13:56,559 com.webtest.util.Log - Entered iframe iframe-2
[INFO ] 2017-11-28 09:14:03,218 com.webtest.util.Log - org.openqa.selenium.NoSuchElementException: Unable to locate element: *[name='data']
For documentation on this error, please visit: http://seleniumhq.org/exceptions/no_such_element.html
Build info: version: '3.6.0', revision: '6fbf3ec767', time: '2017-09-27T16:15:40.131Z'
System info: host: 'LENOVO', ip: '10.7.90.232', os.name: 'Windows 10', os.arch: 'amd64', os.version: '10.0', java.version: '1.8.0_121'
Driver info: org.openqa.selenium.firefox.FirefoxDriver
Capabilities [{moz:profile=C:\Users\pc\AppData\Local\Temp\rust_mozprofile.mIFj2vZHzxjs, rotatable=false, timeouts={implicit=0, pageLoad=300000, script=30000}, pageLoadStrategy=normal, platform=XP, specificationLevel=0, moz:accessibilityChecks=false, acceptInsecureCerts=true, browserVersion=55.0.3, platformVersion=10.0, moz:processID=13100, browserName=firefox, javascriptEnabled=true, platformName=XP}]
Session ID: ff90f65f-1bde-41c4-b353-b2e42252d24d
*** Element info: {Using=name, value=data}
[INFO ] 2017-11-28 09:14:06,776 com.webtest.util.Log - Left the iframe
[INFO ] 2017-11-28 09:14:09,831 com.webtest.util.Log - Entered iframe iframe-2
[INFO ] 2017-11-28 09:24:29,419 com.webtest.util.Log - Using Firefox
[INFO ] 2017-11-28 09:24:29,429 com.webtest.util.Log - firefox
[INFO ] 2017-11-28 09:24:33,021 com.webtest.util.Log - Opened url http://127.0.0.1/ranzhi/sys/user-login-L3JhbnpoaS9zeXMv.html
[INFO ] 2017-11-28 09:24:46,530 com.webtest.util.Log - Entered iframe iframe-2
[INFO ] 2017-11-28 09:24:54,076 com.webtest.util.Log - Left the iframe
[INFO ] 2017-11-28 09:24:57,152 com.webtest.util.Log - Entered iframe iframe-2
[INFO ] 2017-11-28 09:25:03,818 com.webtest.util.Log - org.openqa.selenium.NoSuchElementException: Unable to locate element: *[name='data']
For documentation on this error, please visit: http://seleniumhq.org/exceptions/no_such_element.html
Build info: version: '3.6.0', revision: '6fbf3ec767', time: '2017-09-27T16:15:40.131Z'
System info: host: 'LENOVO', ip: '10.7.90.232', os.name: 'Windows 10', os.arch: 'amd64', os.version: '10.0', java.version: '1.8.0_121'
Driver info: org.openqa.selenium.firefox.FirefoxDriver
Capabilities [{moz:profile=C:\Users\pc\AppData\Local\Temp\rust_mozprofile.dBgYqEoT5Ucq, rotatable=false, timeouts={implicit=0, pageLoad=300000, script=30000}, pageLoadStrategy=normal, platform=XP, specificationLevel=0, moz:accessibilityChecks=false, acceptInsecureCerts=true, browserVersion=55.0.3, platformVersion=10.0, moz:processID=8804, browserName=firefox, javascriptEnabled=true, platformName=XP}]
Session ID: a80c4cfc-d14d-4b45-ba67-4114b2183e0d
*** Element info: {Using=name, value=data}
[INFO ] 2017-11-28 09:25:07,647 com.webtest.util.Log - Left the iframe
[INFO ] 2017-11-28 09:25:10,718 com.webtest.util.Log - Entered iframe iframe-2
[INFO ] 2017-11-28 09:25:18,216 com.webtest.util.Log - Left the iframe
[INFO ] 2017-11-28 09:25:18,238 com.webtest.util.Log - org.openqa.selenium.NoSuchElementException: Unable to locate element: #submit
For documentation on this error, please visit: http://seleniumhq.org/exceptions/no_such_element.html
Build info: version: '3.6.0', revision: '6fbf3ec767', time: '2017-09-27T16:15:40.131Z'
System info: host: 'LENOVO', ip: '10.7.90.232', os.name: 'Windows 10', os.arch: 'amd64', os.version: '10.0', java.version: '1.8.0_121'
Driver info: org.openqa.selenium.firefox.FirefoxDriver
Capabilities [{moz:profile=C:\Users\pc\AppData\Local\Temp\rust_mozprofile.dBgYqEoT5Ucq, rotatable=false, timeouts={implicit=0, pageLoad=300000, script=30000}, pageLoadStrategy=normal, platform=XP, specificationLevel=0, moz:accessibilityChecks=false, acceptInsecureCerts=true, browserVersion=55.0.3, platformVersion=10.0, moz:processID=8804, browserName=firefox, javascriptEnabled=true, platformName=XP}]
Session ID: a80c4cfc-d14d-4b45-ba67-4114b2183e0d
*** Element info: {Using=id, value=submit}
[INFO ] 2017-11-30 14:36:48,811 com.webtest.util.Log - Using Firefox
[INFO ] 2017-11-30 14:36:48,827 com.webtest.util.Log - firefox
[INFO ] 2017-11-30 14:36:52,791 com.webtest.util.Log - Opened url http://127.0.0.1/ranzhi/sys/user-login-L3JhbnpoaS9zeXMv.html
[INFO ] 2017-11-30 14:37:06,573 com.webtest.util.Log - Entered iframe iframe-2
[INFO ] 2017-11-30 14:37:13,793 com.webtest.util.Log - Left the iframe
[INFO ] 2017-11-30 14:37:16,856 com.webtest.util.Log - Entered iframe iframe-2
[INFO ] 2017-11-30 14:37:23,661 com.webtest.util.Log - org.openqa.selenium.NoSuchElementException: Unable to locate element: *[name='data']
For documentation on this error, please visit: http://seleniumhq.org/exceptions/no_such_element.html
Build info: version: '3.6.0', revision: '6fbf3ec767', time: '2017-09-27T16:15:40.131Z'
System info: host: 'LENOVO', ip: '10.7.90.232', os.name: 'Windows 10', os.arch: 'amd64', os.version: '10.0', java.version: '1.8.0_121'
Driver info: org.openqa.selenium.firefox.FirefoxDriver
Capabilities [{moz:profile=C:\Users\pc\AppData\Local\Temp\rust_mozprofile.ECofPCzfTuTs, rotatable=false, timeouts={implicit=0, pageLoad=300000, script=30000}, pageLoadStrategy=normal, platform=XP, specificationLevel=0, moz:accessibilityChecks=false, acceptInsecureCerts=true, browserVersion=55.0.3, platformVersion=10.0, moz:processID=13624, browserName=firefox, javascriptEnabled=true, platformName=XP}]
Session ID: c622c308-b0aa-4273-9d7f-e2587ec2b6bc
*** Element info: {Using=name, value=data}
[INFO ] 2017-11-30 14:37:27,305 com.webtest.util.Log - Left the iframe
[INFO ] 2017-11-30 14:37:30,365 com.webtest.util.Log - Entered iframe iframe-2
[INFO ] 2017-11-30 14:37:38,215 com.webtest.util.Log - Left the iframe
[INFO ] 2017-11-30 14:54:33,786 com.webtest.util.Log - Using Firefox
[INFO ] 2017-11-30 14:54:33,806 com.webtest.util.Log - firefox
[INFO ] 2017-11-30 14:54:37,509 com.webtest.util.Log - Opened url http://127.0.0.1/ranzhi/sys/user-login-L3JhbnpoaS9zeXMv.html
[INFO ] 2017-11-30 14:54:44,820 com.webtest.util.Log - org.openqa.selenium.NoSuchElementException: Unable to locate element: .//*[@id='mainNavbar']/ul/li[5]/a
For documentation on this error, please visit: http://seleniumhq.org/exceptions/no_such_element.html
Build info: version: '3.6.0', revision: '6fbf3ec767', time: '2017-09-27T16:15:40.131Z'
System info: host: 'LENOVO', ip: '10.7.90.232', os.name: 'Windows 10', os.arch: 'amd64', os.version: '10.0', java.version: '1.8.0_121'
Driver info: org.openqa.selenium.firefox.FirefoxDriver
Capabilities [{moz:profile=C:\Users\pc\AppData\Local\Temp\rust_mozprofile.YiSRanvsFTwi, rotatable=false, timeouts={implicit=0, pageLoad=300000, script=30000}, pageLoadStrategy=normal, platform=XP, specificationLevel=0, moz:accessibilityChecks=false, acceptInsecureCerts=true, browserVersion=55.0.3, platformVersion=10.0, moz:processID=11564, browserName=firefox, javascriptEnabled=true, platformName=XP}]
Session ID: b7a421df-fdb5-4c95-b1d0-4884cac8d9e2
*** Element info: {Using=xpath, value=.//*[@id='mainNavbar']/ul/li[5]/a}
[INFO ] 2017-11-30 14:54:44,863 com.webtest.util.Log - org.openqa.selenium.NoSuchElementException: Unable to locate element: .//*[@id='menuActions']/a[2]
For documentation on this error, please visit: http://seleniumhq.org/exceptions/no_such_element.html
Build info: version: '3.6.0', revision: '6fbf3ec767', time: '2017-09-27T16:15:40.131Z'
System info: host: 'LENOVO', ip: '10.7.90.232', os.name: 'Windows 10', os.arch: 'amd64', os.version: '10.0', java.version: '1.8.0_121'
Driver info: org.openqa.selenium.firefox.FirefoxDriver
Capabilities [{moz:profile=C:\Users\pc\AppData\Local\Temp\rust_mozprofile.YiSRanvsFTwi, rotatable=false, timeouts={implicit=0, pageLoad=300000, script=30000}, pageLoadStrategy=normal, platform=XP, specificationLevel=0, moz:accessibilityChecks=false, acceptInsecureCerts=true, browserVersion=55.0.3, platformVersion=10.0, moz:processID=11564, browserName=firefox, javascriptEnabled=true, platformName=XP}]
Session ID: b7a421df-fdb5-4c95-b1d0-4884cac8d9e2
*** Element info: {Using=xpath, value=.//*[@id='menuActions']/a[2]}
[INFO ] 2017-11-30 14:57:25,027 com.webtest.util.Log - Using Firefox
[INFO ] 2017-11-30 14:57:25,032 com.webtest.util.Log - firefox
[INFO ] 2017-11-30 14:57:28,883 com.webtest.util.Log - Opened url http://127.0.0.1/ranzhi/sys/user-login-L3JhbnpoaS9zeXMv.html
[INFO ] 2017-11-30 14:57:35,962 com.webtest.util.Log - org.openqa.selenium.NoSuchElementException: Unable to locate element: .//*[@id='mainNavbar']/ul/li[5]/a
For documentation on this error, please visit: http://seleniumhq.org/exceptions/no_such_element.html
Build info: version: '3.6.0', revision: '6fbf3ec767', time: '2017-09-27T16:15:40.131Z'
System info: host: 'LENOVO', ip: '10.7.90.232', os.name: 'Windows 10', os.arch: 'amd64', os.version: '10.0', java.version: '1.8.0_121'
Driver info: org.openqa.selenium.firefox.FirefoxDriver
Capabilities [{moz:profile=C:\Users\pc\AppData\Local\Temp\rust_mozprofile.eWB2h4RZ83Fk, rotatable=false, timeouts={implicit=0, pageLoad=300000, script=30000}, pageLoadStrategy=normal, platform=XP, specificationLevel=0, moz:accessibilityChecks=false, acceptInsecureCerts=true, browserVersion=55.0.3, platformVersion=10.0, moz:processID=3048, browserName=firefox, javascriptEnabled=true, platformName=XP}]
Session ID: a6dd49f6-14fc-4602-9553-6c4492bf956e
*** Element info: {Using=xpath, value=.//*[@id='mainNavbar']/ul/li[5]/a}
[INFO ] 2017-11-30 14:59:05,293 com.webtest.util.Log - Using Firefox
[INFO ] 2017-11-30 14:59:05,298 com.webtest.util.Log - firefox
[INFO ] 2017-11-30 14:59:09,067 com.webtest.util.Log - Opened url http://127.0.0.1/ranzhi/sys/user-login-L3JhbnpoaS9zeXMv.html
[INFO ] 2017-11-30 14:59:15,967 com.webtest.util.Log - org.openqa.selenium.NoSuchElementException: Unable to locate element: .//*[@id='mainNavbar']/ul/li[5]/a
For documentation on this error, please visit: http://seleniumhq.org/exceptions/no_such_element.html
Build info: version: '3.6.0', revision: '6fbf3ec767', time: '2017-09-27T16:15:40.131Z'
System info: host: 'LENOVO', ip: '10.7.90.232', os.name: 'Windows 10', os.arch: 'amd64', os.version: '10.0', java.version: '1.8.0_121'
Driver info: org.openqa.selenium.firefox.FirefoxDriver
Capabilities [{moz:profile=C:\Users\pc\AppData\Local\Temp\rust_mozprofile.9STaLhFuhS5b, rotatable=false, timeouts={implicit=0, pageLoad=300000, script=30000}, pageLoadStrategy=normal, platform=XP, specificationLevel=0, moz:accessibilityChecks=false, acceptInsecureCerts=true, browserVersion=55.0.3, platformVersion=10.0, moz:processID=14000, browserName=firefox, javascriptEnabled=true, platformName=XP}]
Session ID: aedd4125-0718-4220-a326-36e6c3e89d1b
*** Element info: {Using=xpath, value=.//*[@id='mainNavbar']/ul/li[5]/a}
[INFO ] 2017-11-30 15:00:41,880 com.webtest.util.Log - Using Firefox
[INFO ] 2017-11-30 15:00:41,897 com.webtest.util.Log - firefox
[INFO ] 2017-11-30 15:00:45,747 com.webtest.util.Log - Opened url http://127.0.0.1/ranzhi/sys/user-login-L3JhbnpoaS9zeXMv.html
[INFO ] 2017-11-30 15:00:52,804 com.webtest.util.Log - org.openqa.selenium.NoSuchElementException: Unable to locate element: .//*[@id='mainNavbar']/ul/li[5]/a
For documentation on this error, please visit: http://seleniumhq.org/exceptions/no_such_element.html
Build info: version: '3.6.0', revision: '6fbf3ec767', time: '2017-09-27T16:15:40.131Z'
System info: host: 'LENOVO', ip: '10.7.90.232', os.name: 'Windows 10', os.arch: 'amd64', os.version: '10.0', java.version: '1.8.0_121'
Driver info: org.openqa.selenium.firefox.FirefoxDriver
Capabilities [{moz:profile=C:\Users\pc\AppData\Local\Temp\rust_mozprofile.3sI7ELltOwA0, rotatable=false, timeouts={implicit=0, pageLoad=300000, script=30000}, pageLoadStrategy=normal, platform=XP, specificationLevel=0, moz:accessibilityChecks=false, acceptInsecureCerts=true, browserVersion=55.0.3, platformVersion=10.0, moz:processID=13412, browserName=firefox, javascriptEnabled=true, platformName=XP}]
Session ID: 81d40683-3466-4919-bb1a-b05936889e03
*** Element info: {Using=xpath, value=.//*[@id='mainNavbar']/ul/li[5]/a}
[INFO ] 2017-11-30 15:03:17,172 com.webtest.util.Log - Using Firefox
[INFO ] 2017-11-30 15:03:17,180 com.webtest.util.Log - firefox
[INFO ] 2017-11-30 15:03:20,777 com.webtest.util.Log - Opened url http://127.0.0.1/ranzhi/sys/user-login-L3JhbnpoaS9zeXMv.html
[INFO ] 2017-11-30 15:03:31,169 com.webtest.util.Log - org.openqa.selenium.NoSuchElementException: Unable to locate element: .//*[@id='mainNavbar']/ul/li[5]/a
For documentation on this error, please visit: http://seleniumhq.org/exceptions/no_such_element.html
Build info: version: '3.6.0', revision: '6fbf3ec767', time: '2017-09-27T16:15:40.131Z'
System info: host: 'LENOVO', ip: '10.7.90.232', os.name: 'Windows 10', os.arch: 'amd64', os.version: '10.0', java.version: '1.8.0_121'
Driver info: org.openqa.selenium.firefox.FirefoxDriver
Capabilities [{moz:profile=C:\Users\pc\AppData\Local\Temp\rust_mozprofile.ixVmbsyKYw5K, rotatable=false, timeouts={implicit=0, pageLoad=300000, script=30000}, pageLoadStrategy=normal, platform=XP, specificationLevel=0, moz:accessibilityChecks=false, acceptInsecureCerts=true, browserVersion=55.0.3, platformVersion=10.0, moz:processID=13488, browserName=firefox, javascriptEnabled=true, platformName=XP}]
Session ID: 53daa781-0f18-4730-b440-59b372f0a413
*** Element info: {Using=xpath, value=.//*[@id='mainNavbar']/ul/li[5]/a}
[INFO ] 2017-11-30 15:03:56,031 com.webtest.util.Log - Using Firefox
[INFO ] 2017-11-30 15:03:56,046 com.webtest.util.Log - firefox
[INFO ] 2017-11-30 15:04:00,102 com.webtest.util.Log - Opened url http://127.0.0.1/ranzhi/sys/user-login-L3JhbnpoaS9zeXMv.html
[INFO ] 2017-11-30 15:04:10,820 com.webtest.util.Log - org.openqa.selenium.NoSuchElementException: Unable to locate element: .//*[@id='mainNavbar']/ul/li[5]/a
For documentation on this error, please visit: http://seleniumhq.org/exceptions/no_such_element.html
Build info: version: '3.6.0', revision: '6fbf3ec767', time: '2017-09-27T16:15:40.131Z'
System info: host: 'LENOVO', ip: '10.7.90.232', os.name: 'Windows 10', os.arch: 'amd64', os.version: '10.0', java.version: '1.8.0_121'
Driver info: org.openqa.selenium.firefox.FirefoxDriver
Capabilities [{moz:profile=C:\Users\pc\AppData\Local\Temp\rust_mozprofile.jrErTTYxDGha, rotatable=false, timeouts={implicit=0, pageLoad=300000, script=30000}, pageLoadStrategy=normal, platform=XP, specificationLevel=0, moz:accessibilityChecks=false, acceptInsecureCerts=true, browserVersion=55.0.3, platformVersion=10.0, moz:processID=444, browserName=firefox, javascriptEnabled=true, platformName=XP}]
Session ID: c8c56897-87f1-45a3-90e1-f62f07dcdd21
*** Element info: {Using=xpath, value=.//*[@id='mainNavbar']/ul/li[5]/a}
[INFO ] 2017-11-30 15:04:10,850 com.webtest.util.Log - org.openqa.selenium.NoSuchElementException: Unable to locate element: .//*[@id='menuActions']/a[2]
For documentation on this error, please visit: http://seleniumhq.org/exceptions/no_such_element.html
Build info: version: '3.6.0', revision: '6fbf3ec767', time: '2017-09-27T16:15:40.131Z'
System info: host: 'LENOVO', ip: '10.7.90.232', os.name: 'Windows 10', os.arch: 'amd64', os.version: '10.0', java.version: '1.8.0_121'
Driver info: org.openqa.selenium.firefox.FirefoxDriver
Capabilities [{moz:profile=C:\Users\pc\AppData\Local\Temp\rust_mozprofile.jrErTTYxDGha, rotatable=false, timeouts={implicit=0, pageLoad=300000, script=30000}, pageLoadStrategy=normal, platform=XP, specificationLevel=0, moz:accessibilityChecks=false, acceptInsecureCerts=true, browserVersion=55.0.3, platformVersion=10.0, moz:processID=444, browserName=firefox, javascriptEnabled=true, platformName=XP}]
Session ID: c8c56897-87f1-45a3-90e1-f62f07dcdd21
*** Element info: {Using=xpath, value=.//*[@id='menuActions']/a[2]}
[INFO ] 2017-11-30 15:04:13,933 com.webtest.util.Log - Entered iframe iframe-2
[INFO ] 2017-11-30 15:04:13,949 com.webtest.util.Log - org.openqa.selenium.NoSuchElementException: Unable to locate element: .//*[@id='typesick']
For documentation on this error, please visit: http://seleniumhq.org/exceptions/no_such_element.html
Build info: version: '3.6.0', revision: '6fbf3ec767', time: '2017-09-27T16:15:40.131Z'
System info: host: 'LENOVO', ip: '10.7.90.232', os.name: 'Windows 10', os.arch: 'amd64', os.version: '10.0', java.version: '1.8.0_121'
Driver info: org.openqa.selenium.firefox.FirefoxDriver
Capabilities [{moz:profile=C:\Users\pc\AppData\Local\Temp\rust_mozprofile.jrErTTYxDGha, rotatable=false, timeouts={implicit=0, pageLoad=300000, script=30000}, pageLoadStrategy=normal, platform=XP, specificationLevel=0, moz:accessibilityChecks=false, acceptInsecureCerts=true, browserVersion=55.0.3, platformVersion=10.0, moz:processID=444, browserName=firefox, javascriptEnabled=true, platformName=XP}]
Session ID: c8c56897-87f1-45a3-90e1-f62f07dcdd21
*** Element info: {Using=xpath, value=.//*[@id='typesick']}
[INFO ] 2017-11-30 15:04:13,980 com.webtest.util.Log - org.openqa.selenium.NoSuchElementException: Unable to locate element: *[name='begin']
For documentation on this error, please visit: http://seleniumhq.org/exceptions/no_such_element.html
Build info: version: '3.6.0', revision: '6fbf3ec767', time: '2017-09-27T16:15:40.131Z'
System info: host: 'LENOVO', ip: '10.7.90.232', os.name: 'Windows 10', os.arch: 'amd64', os.version: '10.0', java.version: '1.8.0_121'
Driver info: org.openqa.selenium.firefox.FirefoxDriver
Capabilities [{moz:profile=C:\Users\pc\AppData\Local\Temp\rust_mozprofile.jrErTTYxDGha, rotatable=false, timeouts={implicit=0, pageLoad=300000, script=30000}, pageLoadStrategy=normal, platform=XP, specificationLevel=0, moz:accessibilityChecks=false, acceptInsecureCerts=true, browserVersion=55.0.3, platformVersion=10.0, moz:processID=444, browserName=firefox, javascriptEnabled=true, platformName=XP}]
Session ID: c8c56897-87f1-45a3-90e1-f62f07dcdd21
*** Element info: {Using=name, value=begin}
[INFO ] 2017-11-30 15:04:14,012 com.webtest.util.Log - org.openqa.selenium.NoSuchElementException: Unable to locate element: *[name='start']
For documentation on this error, please visit: http://seleniumhq.org/exceptions/no_such_element.html
Build info: version: '3.6.0', revision: '6fbf3ec767', time: '2017-09-27T16:15:40.131Z'
System info: host: 'LENOVO', ip: '10.7.90.232', os.name: 'Windows 10', os.arch: 'amd64', os.version: '10.0', java.version: '1.8.0_121'
Driver info: org.openqa.selenium.firefox.FirefoxDriver
Capabilities [{moz:profile=C:\Users\pc\AppData\Local\Temp\rust_mozprofile.jrErTTYxDGha, rotatable=false, timeouts={implicit=0, pageLoad=300000, script=30000}, pageLoadStrategy=normal, platform=XP, specificationLevel=0, moz:accessibilityChecks=false, acceptInsecureCerts=true, browserVersion=55.0.3, platformVersion=10.0, moz:processID=444, browserName=firefox, javascriptEnabled=true, platformName=XP}]
Session ID: c8c56897-87f1-45a3-90e1-f62f07dcdd21
*** Element info: {Using=name, value=start}
[INFO ] 2017-11-30 15:04:14,028 com.webtest.util.Log - org.openqa.selenium.NoSuchElementException: Unable to locate element: *[name='start']
For documentation on this error, please visit: http://seleniumhq.org/exceptions/no_such_element.html
Build info: version: '3.6.0', revision: '6fbf3ec767', time: '2017-09-27T16:15:40.131Z'
System info: host: 'LENOVO', ip: '10.7.90.232', os.name: 'Windows 10', os.arch: 'amd64', os.version: '10.0', java.version: '1.8.0_121'
Driver info: org.openqa.selenium.firefox.FirefoxDriver
Capabilities [{moz:profile=C:\Users\pc\AppData\Local\Temp\rust_mozprofile.jrErTTYxDGha, rotatable=false, timeouts={implicit=0, pageLoad=300000, script=30000}, pageLoadStrategy=normal, platform=XP, specificationLevel=0, moz:accessibilityChecks=false, acceptInsecureCerts=true, browserVersion=55.0.3, platformVersion=10.0, moz:processID=444, browserName=firefox, javascriptEnabled=true, platformName=XP}]
Session ID: c8c56897-87f1-45a3-90e1-f62f07dcdd21
*** Element info: {Using=name, value=start}
[INFO ] 2017-11-30 15:04:14,059 com.webtest.util.Log - org.openqa.selenium.NoSuchElementException: Unable to locate element: .//*[@id='end']
For documentation on this error, please visit: http://seleniumhq.org/exceptions/no_such_element.html
Build info: version: '3.6.0', revision: '6fbf3ec767', time: '2017-09-27T16:15:40.131Z'
System info: host: 'LENOVO', ip: '10.7.90.232', os.name: 'Windows 10', os.arch: 'amd64', os.version: '10.0', java.version: '1.8.0_121'
Driver info: org.openqa.selenium.firefox.FirefoxDriver
Capabilities [{moz:profile=C:\Users\pc\AppData\Local\Temp\rust_mozprofile.jrErTTYxDGha, rotatable=false, timeouts={implicit=0, pageLoad=300000, script=30000}, pageLoadStrategy=normal, platform=XP, specificationLevel=0, moz:accessibilityChecks=false, acceptInsecureCerts=true, browserVersion=55.0.3, platformVersion=10.0, moz:processID=444, browserName=firefox, javascriptEnabled=true, platformName=XP}]
Session ID: c8c56897-87f1-45a3-90e1-f62f07dcdd21
*** Element info: {Using=xpath, value=.//*[@id='end']}
[INFO ] 2017-11-30 15:04:14,090 com.webtest.util.Log - org.openqa.selenium.NoSuchElementException: Unable to locate element: *[name='hours']
For documentation on this error, please visit: http://seleniumhq.org/exceptions/no_such_element.html
Build info: version: '3.6.0', revision: '6fbf3ec767', time: '2017-09-27T16:15:40.131Z'
System info: host: 'LENOVO', ip: '10.7.90.232', os.name: 'Windows 10', os.arch: 'amd64', os.version: '10.0', java.version: '1.8.0_121'
Driver info: org.openqa.selenium.firefox.FirefoxDriver
Capabilities [{moz:profile=C:\Users\pc\AppData\Local\Temp\rust_mozprofile.jrErTTYxDGha, rotatable=false, timeouts={implicit=0, pageLoad=300000, script=30000}, pageLoadStrategy=normal, platform=XP, specificationLevel=0, moz:accessibilityChecks=false, acceptInsecureCerts=true, browserVersion=55.0.3, platformVersion=10.0, moz:processID=444, browserName=firefox, javascriptEnabled=true, platformName=XP}]
Session ID: c8c56897-87f1-45a3-90e1-f62f07dcdd21
*** Element info: {Using=name, value=hours}
[INFO ] 2017-11-30 15:04:14,112 com.webtest.util.Log - org.openqa.selenium.NoSuchElementException: Unable to locate element: .//*[@id='desc']
For documentation on this error, please visit: http://seleniumhq.org/exceptions/no_such_element.html
Build info: version: '3.6.0', revision: '6fbf3ec767', time: '2017-09-27T16:15:40.131Z'
System info: host: 'LENOVO', ip: '10.7.90.232', os.name: 'Windows 10', os.arch: 'amd64', os.version: '10.0', java.version: '1.8.0_121'
Driver info: org.openqa.selenium.firefox.FirefoxDriver
Capabilities [{moz:profile=C:\Users\pc\AppData\Local\Temp\rust_mozprofile.jrErTTYxDGha, rotatable=false, timeouts={implicit=0, pageLoad=300000, script=30000}, pageLoadStrategy=normal, platform=XP, specificationLevel=0, moz:accessibilityChecks=false, acceptInsecureCerts=true, browserVersion=55.0.3, platformVersion=10.0, moz:processID=444, browserName=firefox, javascriptEnabled=true, platformName=XP}]
Session ID: c8c56897-87f1-45a3-90e1-f62f07dcdd21
*** Element info: {Using=xpath, value=.//*[@id='desc']}
[INFO ] 2017-11-30 15:04:14,128 com.webtest.util.Log - org.openqa.selenium.NoSuchElementException: Unable to locate element: #submit
For documentation on this error, please visit: http://seleniumhq.org/exceptions/no_such_element.html
Build info: version: '3.6.0', revision: '6fbf3ec767', time: '2017-09-27T16:15:40.131Z'
System info: host: 'LENOVO', ip: '10.7.90.232', os.name: 'Windows 10', os.arch: 'amd64', os.version: '10.0', java.version: '1.8.0_121'
Driver info: org.openqa.selenium.firefox.FirefoxDriver
Capabilities [{moz:profile=C:\Users\pc\AppData\Local\Temp\rust_mozprofile.jrErTTYxDGha, rotatable=false, timeouts={implicit=0, pageLoad=300000, script=30000}, pageLoadStrategy=normal, platform=XP, specificationLevel=0, moz:accessibilityChecks=false, acceptInsecureCerts=true, browserVersion=55.0.3, platformVersion=10.0, moz:processID=444, browserName=firefox, javascriptEnabled=true, platformName=XP}]
Session ID: c8c56897-87f1-45a3-90e1-f62f07dcdd21
*** Element info: {Using=id, value=submit}
[INFO ] 2017-11-30 15:06:53,160 com.webtest.util.Log - Using Firefox
[INFO ] 2017-11-30 15:06:53,167 com.webtest.util.Log - firefox
[INFO ] 2017-11-30 15:06:56,767 com.webtest.util.Log - Opened url http://127.0.0.1/ranzhi/sys/user-login-L3JhbnpoaS9zeXMv.html
[INFO ] 2017-11-30 15:07:07,571 com.webtest.util.Log - org.openqa.selenium.NoSuchElementException: Unable to locate element: .//*[@id='mainNavbar']/ul/li[5]/a
For documentation on this error, please visit: http://seleniumhq.org/exceptions/no_such_element.html
Build info: version: '3.6.0', revision: '6fbf3ec767', time: '2017-09-27T16:15:40.131Z'
System info: host: 'LENOVO', ip: '10.7.90.232', os.name: 'Windows 10', os.arch: 'amd64', os.version: '10.0', java.version: '1.8.0_121'
Driver info: org.openqa.selenium.firefox.FirefoxDriver
Capabilities [{moz:profile=C:\Users\pc\AppData\Local\Temp\rust_mozprofile.CHGSHhcQTJaG, rotatable=false, timeouts={implicit=0, pageLoad=300000, script=30000}, pageLoadStrategy=normal, platform=XP, specificationLevel=0, moz:accessibilityChecks=false, acceptInsecureCerts=true, browserVersion=55.0.3, platformVersion=10.0, moz:processID=9756, browserName=firefox, javascriptEnabled=true, platformName=XP}]
Session ID: 047a3a43-1683-48e5-a383-2d366ab37927
*** Element info: {Using=xpath, value=.//*[@id='mainNavbar']/ul/li[5]/a}
[INFO ] 2017-11-30 15:07:07,599 com.webtest.util.Log - org.openqa.selenium.NoSuchElementException: Unable to locate element: .//*[@id='menuActions']/a[2]
For documentation on this error, please visit: http://seleniumhq.org/exceptions/no_such_element.html
Build info: version: '3.6.0', revision: '6fbf3ec767', time: '2017-09-27T16:15:40.131Z'
System info: host: 'LENOVO', ip: '10.7.90.232', os.name: 'Windows 10', os.arch: 'amd64', os.version: '10.0', java.version: '1.8.0_121'
Driver info: org.openqa.selenium.firefox.FirefoxDriver
Capabilities [{moz:profile=C:\Users\pc\AppData\Local\Temp\rust_mozprofile.CHGSHhcQTJaG, rotatable=false, timeouts={implicit=0, pageLoad=300000, script=30000}, pageLoadStrategy=normal, platform=XP, specificationLevel=0, moz:accessibilityChecks=false, acceptInsecureCerts=true, browserVersion=55.0.3, platformVersion=10.0, moz:processID=9756, browserName=firefox, javascriptEnabled=true, platformName=XP}]
Session ID: 047a3a43-1683-48e5-a383-2d366ab37927
*** Element info: {Using=xpath, value=.//*[@id='menuActions']/a[2]}
[INFO ] 2017-11-30 15:07:10,678 com.webtest.util.Log - Entered iframe iframe-2
[INFO ] 2017-11-30 15:07:10,712 com.webtest.util.Log - org.openqa.selenium.NoSuchElementException: Unable to locate element: .//*[@id='typesick']
For documentation on this error, please visit: http://seleniumhq.org/exceptions/no_such_element.html
Build info: version: '3.6.0', revision: '6fbf3ec767', time: '2017-09-27T16:15:40.131Z'
System info: host: 'LENOVO', ip: '10.7.90.232', os.name: 'Windows 10', os.arch: 'amd64', os.version: '10.0', java.version: '1.8.0_121'
Driver info: org.openqa.selenium.firefox.FirefoxDriver
Capabilities [{moz:profile=C:\Users\pc\AppData\Local\Temp\rust_mozprofile.CHGSHhcQTJaG, rotatable=false, timeouts={implicit=0, pageLoad=300000, script=30000}, pageLoadStrategy=normal, platform=XP, specificationLevel=0, moz:accessibilityChecks=false, acceptInsecureCerts=true, browserVersion=55.0.3, platformVersion=10.0, moz:processID=9756, browserName=firefox, javascriptEnabled=true, platformName=XP}]
Session ID: 047a3a43-1683-48e5-a383-2d366ab37927
*** Element info: {Using=xpath, value=.//*[@id='typesick']}
[INFO ] 2017-11-30 15:07:10,728 com.webtest.util.Log - org.openqa.selenium.NoSuchElementException: Unable to locate element: *[name='begin']
For documentation on this error, please visit: http://seleniumhq.org/exceptions/no_such_element.html
Build info: version: '3.6.0', revision: '6fbf3ec767', time: '2017-09-27T16:15:40.131Z'
System info: host: 'LENOVO', ip: '10.7.90.232', os.name: 'Windows 10', os.arch: 'amd64', os.version: '10.0', java.version: '1.8.0_121'
Driver info: org.openqa.selenium.firefox.FirefoxDriver
Capabilities [{moz:profile=C:\Users\pc\AppData\Local\Temp\rust_mozprofile.CHGSHhcQTJaG, rotatable=false, timeouts={implicit=0, pageLoad=300000, script=30000}, pageLoadStrategy=normal, platform=XP, specificationLevel=0, moz:accessibilityChecks=false, acceptInsecureCerts=true, browserVersion=55.0.3, platformVersion=10.0, moz:processID=9756, browserName=firefox, javascriptEnabled=true, platformName=XP}]
Session ID: 047a3a43-1683-48e5-a383-2d366ab37927
*** Element info: {Using=name, value=begin}
[INFO ] 2017-11-30 15:07:10,744 com.webtest.util.Log - org.openqa.selenium.NoSuchElementException: Unable to locate element: *[name='start']
For documentation on this error, please visit: http://seleniumhq.org/exceptions/no_such_element.html
Build info: version: '3.6.0', revision: '6fbf3ec767', time: '2017-09-27T16:15:40.131Z'
System info: host: 'LENOVO', ip: '10.7.90.232', os.name: 'Windows 10', os.arch: 'amd64', os.version: '10.0', java.version: '1.8.0_121'
Driver info: org.openqa.selenium.firefox.FirefoxDriver
Capabilities [{moz:profile=C:\Users\pc\AppData\Local\Temp\rust_mozprofile.CHGSHhcQTJaG, rotatable=false, timeouts={implicit=0, pageLoad=300000, script=30000}, pageLoadStrategy=normal, platform=XP, specificationLevel=0, moz:accessibilityChecks=false, acceptInsecureCerts=true, browserVersion=55.0.3, platformVersion=10.0, moz:processID=9756, browserName=firefox, javascriptEnabled=true, platformName=XP}]
Session ID: 047a3a43-1683-48e5-a383-2d366ab37927
*** Element info: {Using=name, value=start}
[INFO ] 2017-11-30 15:07:10,763 com.webtest.util.Log - org.openqa.selenium.NoSuchElementException: Unable to locate element: *[name='start']
For documentation on this error, please visit: http://seleniumhq.org/exceptions/no_such_element.html
Build info: version: '3.6.0', revision: '6fbf3ec767', time: '2017-09-27T16:15:40.131Z'
System info: host: 'LENOVO', ip: '10.7.90.232', os.name: 'Windows 10', os.arch: 'amd64', os.version: '10.0', java.version: '1.8.0_121'
Driver info: org.openqa.selenium.firefox.FirefoxDriver
Capabilities [{moz:profile=C:\Users\pc\AppData\Local\Temp\rust_mozprofile.CHGSHhcQTJaG, rotatable=false, timeouts={implicit=0, pageLoad=300000, script=30000}, pageLoadStrategy=normal, platform=XP, specificationLevel=0, moz:accessibilityChecks=false, acceptInsecureCerts=true, browserVersion=55.0.3, platformVersion=10.0, moz:processID=9756, browserName=firefox, javascriptEnabled=true, platformName=XP}]
Session ID: 047a3a43-1683-48e5-a383-2d366ab37927
*** Element info: {Using=name, value=start}
[INFO ] 2017-11-30 15:07:10,778 com.webtest.util.Log - org.openqa.selenium.NoSuchElementException: Unable to locate element: .//*[@id='end']
For documentation on this error, please visit: http://seleniumhq.org/exceptions/no_such_element.html
Build info: version: '3.6.0', revision: '6fbf3ec767', time: '2017-09-27T16:15:40.131Z'
System info: host: 'LENOVO', ip: '10.7.90.232', os.name: 'Windows 10', os.arch: 'amd64', os.version: '10.0', java.version: '1.8.0_121'
Driver info: org.openqa.selenium.firefox.FirefoxDriver
Capabilities [{moz:profile=C:\Users\pc\AppData\Local\Temp\rust_mozprofile.CHGSHhcQTJaG, rotatable=false, timeouts={implicit=0, pageLoad=300000, script=30000}, pageLoadStrategy=normal, platform=XP, specificationLevel=0, moz:accessibilityChecks=false, acceptInsecureCerts=true, browserVersion=55.0.3, platformVersion=10.0, moz:processID=9756, browserName=firefox, javascriptEnabled=true, platformName=XP}]
Session ID: 047a3a43-1683-48e5-a383-2d366ab37927
*** Element info: {Using=xpath, value=.//*[@id='end']}
[INFO ] 2017-11-30 15:07:10,794 com.webtest.util.Log - org.openqa.selenium.NoSuchElementException: Unable to locate element: *[name='hours']
For documentation on this error, please visit: http://seleniumhq.org/exceptions/no_such_element.html
Build info: version: '3.6.0', revision: '6fbf3ec767', time: '2017-09-27T16:15:40.131Z'
System info: host: 'LENOVO', ip: '10.7.90.232', os.name: 'Windows 10', os.arch: 'amd64', os.version: '10.0', java.version: '1.8.0_121'
Driver info: org.openqa.selenium.firefox.FirefoxDriver
Capabilities [{moz:profile=C:\Users\pc\AppData\Local\Temp\rust_mozprofile.CHGSHhcQTJaG, rotatable=false, timeouts={implicit=0, pageLoad=300000, script=30000}, pageLoadStrategy=normal, platform=XP, specificationLevel=0, moz:accessibilityChecks=false, acceptInsecureCerts=true, browserVersion=55.0.3, platformVersion=10.0, moz:processID=9756, browserName=firefox, javascriptEnabled=true, platformName=XP}]
Session ID: 047a3a43-1683-48e5-a383-2d366ab37927
*** Element info: {Using=name, value=hours}
[INFO ] 2017-11-30 15:07:10,810 com.webtest.util.Log - org.openqa.selenium.NoSuchElementException: Unable to locate element: .//*[@id='desc']
For documentation on this error, please visit: http://seleniumhq.org/exceptions/no_such_element.html
Build info: version: '3.6.0', revision: '6fbf3ec767', time: '2017-09-27T16:15:40.131Z'
System info: host: 'LENOVO', ip: '10.7.90.232', os.name: 'Windows 10', os.arch: 'amd64', os.version: '10.0', java.version: '1.8.0_121'
Driver info: org.openqa.selenium.firefox.FirefoxDriver
Capabilities [{moz:profile=C:\Users\pc\AppData\Local\Temp\rust_mozprofile.CHGSHhcQTJaG, rotatable=false, timeouts={implicit=0, pageLoad=300000, script=30000}, pageLoadStrategy=normal, platform=XP, specificationLevel=0, moz:accessibilityChecks=false, acceptInsecureCerts=true, browserVersion=55.0.3, platformVersion=10.0, moz:processID=9756, browserName=firefox, javascriptEnabled=true, platformName=XP}]
Session ID: 047a3a43-1683-48e5-a383-2d366ab37927
*** Element info: {Using=xpath, value=.//*[@id='desc']}
[INFO ] 2017-11-30 15:07:10,825 com.webtest.util.Log - org.openqa.selenium.NoSuchElementException: Unable to locate element: #submit
For documentation on this error, please visit: http://seleniumhq.org/exceptions/no_such_element.html
Build info: version: '3.6.0', revision: '6fbf3ec767', time: '2017-09-27T16:15:40.131Z'
System info: host: 'LENOVO', ip: '10.7.90.232', os.name: 'Windows 10', os.arch: 'amd64', os.version: '10.0', java.version: '1.8.0_121'
Driver info: org.openqa.selenium.firefox.FirefoxDriver
Capabilities [{moz:profile=C:\Users\pc\AppData\Local\Temp\rust_mozprofile.CHGSHhcQTJaG, rotatable=false, timeouts={implicit=0, pageLoad=300000, script=30000}, pageLoadStrategy=normal, platform=XP, specificationLevel=0, moz:accessibilityChecks=false, acceptInsecureCerts=true, browserVersion=55.0.3, platformVersion=10.0, moz:processID=9756, browserName=firefox, javascriptEnabled=true, platformName=XP}]
Session ID: 047a3a43-1683-48e5-a383-2d366ab37927
*** Element info: {Using=id, value=submit}
[INFO ] 2017-11-30 15:08:27,864 com.webtest.util.Log - Using Firefox
[INFO ] 2017-11-30 15:08:27,871 com.webtest.util.Log - firefox
[INFO ] 2017-11-30 15:08:31,470 com.webtest.util.Log - Opened url http://127.0.0.1/ranzhi/sys/user-login-L3JhbnpoaS9zeXMv.html
[INFO ] 2017-11-30 15:11:33,703 com.webtest.util.Log - Using Firefox
[INFO ] 2017-11-30 15:11:33,711 com.webtest.util.Log - firefox
[INFO ] 2017-11-30 15:11:37,996 com.webtest.util.Log - Opened url http://127.0.0.1/ranzhi/sys/user-login-L3JhbnpoaS9zeXMv.html
[INFO ] 2017-11-30 15:12:45,404 com.webtest.util.Log - Using Firefox
[INFO ] 2017-11-30 15:12:45,421 com.webtest.util.Log - firefox
[INFO ] 2017-11-30 15:12:49,013 com.webtest.util.Log - Opened url http://127.0.0.1/ranzhi/sys/user-login-L3JhbnpoaS9zeXMv.html
[INFO ] 2017-11-30 15:14:25,519 com.webtest.util.Log - Using Firefox
[INFO ] 2017-11-30 15:14:25,538 com.webtest.util.Log - firefox
[INFO ] 2017-11-30 15:14:29,482 com.webtest.util.Log - Opened url http://127.0.0.1/ranzhi/sys/user-login-L3JhbnpoaS9zeXMv.html
[INFO ] 2017-11-30 15:16:24,803 com.webtest.util.Log - Using Firefox
[INFO ] 2017-11-30 15:16:24,816 com.webtest.util.Log - firefox
[INFO ] 2017-11-30 15:16:29,729 com.webtest.util.Log - Opened url http://127.0.0.1/ranzhi/sys/user-login-L3JhbnpoaS9zeXMv.html
[INFO ] 2017-11-30 15:16:40,126 com.webtest.util.Log - org.openqa.selenium.NoSuchElementException: Unable to locate element: .//*[@id='mainNavbar']/ul/li[5]/a
For documentation on this error, please visit: http://seleniumhq.org/exceptions/no_such_element.html
Build info: version: '3.6.0', revision: '6fbf3ec767', time: '2017-09-27T16:15:40.131Z'
System info: host: 'LENOVO', ip: '10.7.90.232', os.name: 'Windows 10', os.arch: 'amd64', os.version: '10.0', java.version: '1.8.0_121'
Driver info: org.openqa.selenium.firefox.FirefoxDriver
Capabilities [{moz:profile=C:\Users\pc\AppData\Local\Temp\rust_mozprofile.kdJjQztYqSwh, rotatable=false, timeouts={implicit=0, pageLoad=300000, script=30000}, pageLoadStrategy=normal, platform=XP, specificationLevel=0, moz:accessibilityChecks=false, acceptInsecureCerts=true, browserVersion=55.0.3, platformVersion=10.0, moz:processID=10464, browserName=firefox, javascriptEnabled=true, platformName=XP}]
Session ID: 4baa1a98-1fd4-4b8c-a7d8-786d68c4fb6a
*** Element info: {Using=xpath, value=.//*[@id='mainNavbar']/ul/li[5]/a}
[INFO ] 2017-11-30 15:20:54,074 com.webtest.util.Log - Using Firefox
[INFO ] 2017-11-30 15:20:54,080 com.webtest.util.Log - firefox
[INFO ] 2017-11-30 15:20:57,829 com.webtest.util.Log - Opened url http://127.0.0.1/ranzhi/sys/user-login-L3JhbnpoaS9zeXMv.html
[INFO ] 2017-11-30 15:21:11,179 com.webtest.util.Log - Entered iframe iframe-2
[INFO ] 2017-11-30 15:23:45,100 com.webtest.util.Log - Using Firefox
[INFO ] 2017-11-30 15:23:45,113 com.webtest.util.Log - firefox
[INFO ] 2017-11-30 15:23:48,768 com.webtest.util.Log - Opened url http://127.0.0.1/ranzhi/sys/user-login-L3JhbnpoaS9zeXMv.html
[INFO ] 2017-11-30 15:24:02,036 com.webtest.util.Log - Entered iframe iframe-2
[INFO ] 2017-11-30 15:25:46,432 com.webtest.util.Log - Using Firefox
[INFO ] 2017-11-30 15:25:46,443 com.webtest.util.Log - firefox
[INFO ] 2017-11-30 15:25:53,044 com.webtest.util.Log - Opened url http://127.0.0.1/ranzhi/sys/user-login-L3JhbnpoaS9zeXMv.html
[INFO ] 2017-11-30 15:26:06,664 com.webtest.util.Log - Entered iframe iframe-2
[INFO ] 2017-11-30 15:33:15,731 com.webtest.util.Log - Using Firefox
[INFO ] 2017-11-30 15:33:15,859 com.webtest.util.Log - firefox
[INFO ] 2017-11-30 15:33:19,753 com.webtest.util.Log - Opened url http://127.0.0.1/ranzhi/sys/user-login-L3JhbnpoaS9zeXMv.html
[INFO ] 2017-11-30 15:33:33,147 com.webtest.util.Log - Entered iframe iframe-2
[INFO ] 2017-11-30 15:39:26,265 com.webtest.util.Log - Using Firefox
[INFO ] 2017-11-30 15:39:26,278 com.webtest.util.Log - firefox
[INFO ] 2017-11-30 15:39:30,142 com.webtest.util.Log - Opened url http://127.0.0.1/ranzhi/sys/user-login-L3JhbnpoaS9zeXMv.html
[INFO ] 2017-11-30 15:39:43,454 com.webtest.util.Log - Entered iframe iframe-2
[INFO ] 2017-11-30 15:41:15,032 com.webtest.util.Log - Using Firefox
[INFO ] 2017-11-30 15:41:15,041 com.webtest.util.Log - firefox
[INFO ] 2017-11-30 15:41:19,142 com.webtest.util.Log - Opened url http://127.0.0.1/ranzhi/sys/user-login-L3JhbnpoaS9zeXMv.html
[INFO ] 2017-11-30 15:41:32,645 com.webtest.util.Log - Entered iframe iframe-2
[INFO ] 2017-11-30 15:53:44,498 com.webtest.util.Log - Using Firefox
[INFO ] 2017-11-30 15:53:44,516 com.webtest.util.Log - firefox
[INFO ] 2017-11-30 15:53:48,037 com.webtest.util.Log - Opened url http://127.0.0.1/ranzhi/sys/user-login-L3JhbnpoaS9zeXMv.html
[INFO ] 2017-11-30 15:54:01,528 com.webtest.util.Log - Entered iframe iframe-2
[INFO ] 2017-11-30 16:20:56,290 com.webtest.util.Log - Using Firefox
[INFO ] 2017-11-30 16:20:56,297 com.webtest.util.Log - firefox
[INFO ] 2017-11-30 16:20:59,898 com.webtest.util.Log - Opened url http://127.0.0.1/ranzhi/sys/user-login-L3JhbnpoaS9zeXMv.html
[INFO ] 2017-11-30 16:21:13,527 com.webtest.util.Log - Entered iframe iframe-2
[INFO ] 2017-11-30 16:22:02,948 com.webtest.util.Log - Using Firefox
[INFO ] 2017-11-30 16:22:02,959 com.webtest.util.Log - firefox
[INFO ] 2017-11-30 16:22:06,687 com.webtest.util.Log - Opened url http://127.0.0.1/ranzhi/sys/user-login-L3JhbnpoaS9zeXMv.html
[INFO ] 2017-11-30 16:22:20,262 com.webtest.util.Log - Entered iframe iframe-2
[INFO ] 2017-11-30 16:23:07,844 com.webtest.util.Log - Using Firefox
[INFO ] 2017-11-30 16:23:07,852 com.webtest.util.Log - firefox
[INFO ] 2017-11-30 16:23:12,985 com.webtest.util.Log - Opened url http://127.0.0.1/ranzhi/sys/user-login-L3JhbnpoaS9zeXMv.html
[INFO ] 2017-11-30 16:23:26,548 com.webtest.util.Log - Entered iframe iframe-2
[INFO ] 2017-11-30 16:25:33,478 com.webtest.util.Log - Using Firefox
[INFO ] 2017-11-30 16:25:33,489 com.webtest.util.Log - firefox
[INFO ] 2017-11-30 16:25:37,191 com.webtest.util.Log - Opened url http://127.0.0.1/ranzhi/sys/user-login-L3JhbnpoaS9zeXMv.html
[INFO ] 2017-11-30 16:25:50,586 com.webtest.util.Log - Entered iframe iframe-2
[INFO ] 2017-11-30 16:26:34,976 com.webtest.util.Log - Using Firefox
[INFO ] 2017-11-30 16:26:34,990 com.webtest.util.Log - firefox
[INFO ] 2017-11-30 16:26:38,626 com.webtest.util.Log - Opened url http://127.0.0.1/ranzhi/sys/user-login-L3JhbnpoaS9zeXMv.html
[INFO ] 2017-11-30 16:26:52,247 com.webtest.util.Log - Entered iframe iframe-2
[INFO ] 2017-11-30 16:29:18,221 com.webtest.util.Log - Using Firefox
[INFO ] 2017-11-30 16:29:18,228 com.webtest.util.Log - firefox
[INFO ] 2017-11-30 16:29:21,904 com.webtest.util.Log - Opened url http://127.0.0.1/ranzhi/sys/user-login-L3JhbnpoaS9zeXMv.html
[INFO ] 2017-11-30 16:29:35,344 com.webtest.util.Log - Entered iframe iframe-2
[INFO ] 2017-11-30 16:31:51,167 com.webtest.util.Log - Using Firefox
[INFO ] 2017-11-30 16:31:51,189 com.webtest.util.Log - firefox
[INFO ] 2017-11-30 16:31:55,235 com.webtest.util.Log - Opened url http://127.0.0.1/ranzhi/sys/user-login-L3JhbnpoaS9zeXMv.html
[INFO ] 2017-11-30 16:32:08,547 com.webtest.util.Log - Entered iframe iframe-2
[INFO ] 2017-11-30 16:34:17,522 com.webtest.util.Log - Using Firefox
[INFO ] 2017-11-30 16:34:17,531 com.webtest.util.Log - firefox
[INFO ] 2017-11-30 16:34:21,062 com.webtest.util.Log - Opened url http://127.0.0.1/ranzhi/sys/user-login-L3JhbnpoaS9zeXMv.html
[INFO ] 2017-11-30 16:34:34,285 com.webtest.util.Log - Entered iframe iframe-2
[INFO ] 2017-11-30 16:35:56,449 com.webtest.util.Log - Using Firefox
[INFO ] 2017-11-30 16:35:56,458 com.webtest.util.Log - firefox
[INFO ] 2017-11-30 16:36:00,241 com.webtest.util.Log - Opened url http://127.0.0.1/ranzhi/sys/user-login-L3JhbnpoaS9zeXMv.html
[INFO ] 2017-11-30 16:36:14,154 com.webtest.util.Log - Entered iframe iframe-2
[INFO ] 2017-11-30 16:49:34,931 com.webtest.util.Log - Using Firefox
[INFO ] 2017-11-30 16:49:34,947 com.webtest.util.Log - firefox
[INFO ] 2017-11-30 16:49:38,577 com.webtest.util.Log - Opened url http://127.0.0.1/ranzhi/sys/user-login-L3JhbnpoaS9zeXMv.html
[INFO ] 2017-11-30 16:49:49,105 com.webtest.util.Log - org.openqa.selenium.NoSuchElementException: Unable to locate element: .//*[@id='mainNavbar']/ul/li[6]/a
For documentation on this error, please visit: http://seleniumhq.org/exceptions/no_such_element.html
Build info: version: '3.6.0', revision: '6fbf3ec767', time: '2017-09-27T16:15:40.131Z'
System info: host: 'LENOVO', ip: '10.7.90.232', os.name: 'Windows 10', os.arch: 'amd64', os.version: '10.0', java.version: '1.8.0_121'
Driver info: org.openqa.selenium.firefox.FirefoxDriver
Capabilities [{moz:profile=C:\Users\pc\AppData\Local\Temp\rust_mozprofile.xjobDiTps6xc, rotatable=false, timeouts={implicit=0, pageLoad=300000, script=30000}, pageLoadStrategy=normal, platform=XP, specificationLevel=0, moz:accessibilityChecks=false, acceptInsecureCerts=true, browserVersion=55.0.3, platformVersion=10.0, moz:processID=14664, browserName=firefox, javascriptEnabled=true, platformName=XP}]
Session ID: 0d0b3161-3206-4204-960a-769f15ee9430
*** Element info: {Using=xpath, value=.//*[@id='mainNavbar']/ul/li[6]/a}
[INFO ] 2017-11-30 16:49:52,189 com.webtest.util.Log - Entered iframe iframe-2
[INFO ] 2017-11-30 16:49:52,210 com.webtest.util.Log - org.openqa.selenium.NoSuchElementException: Unable to locate element: .//*[@id='menuActions']/a[2]
For documentation on this error, please visit: http://seleniumhq.org/exceptions/no_such_element.html
Build info: version: '3.6.0', revision: '6fbf3ec767', time: '2017-09-27T16:15:40.131Z'
System info: host: 'LENOVO', ip: '10.7.90.232', os.name: 'Windows 10', os.arch: 'amd64', os.version: '10.0', java.version: '1.8.0_121'
Driver info: org.openqa.selenium.firefox.FirefoxDriver
Capabilities [{moz:profile=C:\Users\pc\AppData\Local\Temp\rust_mozprofile.xjobDiTps6xc, rotatable=false, timeouts={implicit=0, pageLoad=300000, script=30000}, pageLoadStrategy=normal, platform=XP, specificationLevel=0, moz:accessibilityChecks=false, acceptInsecureCerts=true, browserVersion=55.0.3, platformVersion=10.0, moz:processID=14664, browserName=firefox, javascriptEnabled=true, platformName=XP}]
Session ID: 0d0b3161-3206-4204-960a-769f15ee9430
*** Element info: {Using=xpath, value=.//*[@id='menuActions']/a[2]}
[INFO ] 2017-11-30 16:49:52,226 com.webtest.util.Log - org.openqa.selenium.NoSuchElementException: Unable to locate element: .//*[@id='begin']
For documentation on this error, please visit: http://seleniumhq.org/exceptions/no_such_element.html
Build info: version: '3.6.0', revision: '6fbf3ec767', time: '2017-09-27T16:15:40.131Z'
System info: host: 'LENOVO', ip: '10.7.90.232', os.name: 'Windows 10', os.arch: 'amd64', os.version: '10.0', java.version: '1.8.0_121'
Driver info: org.openqa.selenium.firefox.FirefoxDriver
Capabilities [{moz:profile=C:\Users\pc\AppData\Local\Temp\rust_mozprofile.xjobDiTps6xc, rotatable=false, timeouts={implicit=0, pageLoad=300000, script=30000}, pageLoadStrategy=normal, platform=XP, specificationLevel=0, moz:accessibilityChecks=false, acceptInsecureCerts=true, browserVersion=55.0.3, platformVersion=10.0, moz:processID=14664, browserName=firefox, javascriptEnabled=true, platformName=XP}]
Session ID: 0d0b3161-3206-4204-960a-769f15ee9430
*** Element info: {Using=xpath, value=.//*[@id='begin']}
[INFO ] 2017-11-30 16:49:52,242 com.webtest.util.Log - org.openqa.selenium.NoSuchElementException: Unable to locate element: .//*[@id='end']
For documentation on this error, please visit: http://seleniumhq.org/exceptions/no_such_element.html
Build info: version: '3.6.0', revision: '6fbf3ec767', time: '2017-09-27T16:15:40.131Z'
System info: host: 'LENOVO', ip: '10.7.90.232', os.name: 'Windows 10', os.arch: 'amd64', os.version: '10.0', java.version: '1.8.0_121'
Driver info: org.openqa.selenium.firefox.FirefoxDriver
Capabilities [{moz:profile=C:\Users\pc\AppData\Local\Temp\rust_mozprofile.xjobDiTps6xc, rotatable=false, timeouts={implicit=0, pageLoad=300000, script=30000}, pageLoadStrategy=normal, platform=XP, specificationLevel=0, moz:accessibilityChecks=false, acceptInsecureCerts=true, browserVersion=55.0.3, platformVersion=10.0, moz:processID=14664, browserName=firefox, javascriptEnabled=true, platformName=XP}]
Session ID: 0d0b3161-3206-4204-960a-769f15ee9430
*** Element info: {Using=xpath, value=.//*[@id='end']}
[INFO ] 2017-11-30 16:49:52,258 com.webtest.util.Log - org.openqa.selenium.NoSuchElementException: Unable to locate element: .//*[@id='hours']
For documentation on this error, please visit: http://seleniumhq.org/exceptions/no_such_element.html
Build info: version: '3.6.0', revision: '6fbf3ec767', time: '2017-09-27T16:15:40.131Z'
System info: host: 'LENOVO', ip: '10.7.90.232', os.name: 'Windows 10', os.arch: 'amd64', os.version: '10.0', java.version: '1.8.0_121'
Driver info: org.openqa.selenium.firefox.FirefoxDriver
Capabilities [{moz:profile=C:\Users\pc\AppData\Local\Temp\rust_mozprofile.xjobDiTps6xc, rotatable=false, timeouts={implicit=0, pageLoad=300000, script=30000}, pageLoadStrategy=normal, platform=XP, specificationLevel=0, moz:accessibilityChecks=false, acceptInsecureCerts=true, browserVersion=55.0.3, platformVersion=10.0, moz:processID=14664, browserName=firefox, javascriptEnabled=true, platformName=XP}]
Session ID: 0d0b3161-3206-4204-960a-769f15ee9430
*** Element info: {Using=xpath, value=.//*[@id='hours']}
[INFO ] 2017-11-30 16:49:52,273 com.webtest.util.Log - org.openqa.selenium.NoSuchElementException: Unable to locate element: .//*[@id='hours']
For documentation on this error, please visit: http://seleniumhq.org/exceptions/no_such_element.html
Build info: version: '3.6.0', revision: '6fbf3ec767', time: '2017-09-27T16:15:40.131Z'
System info: host: 'LENOVO', ip: '10.7.90.232', os.name: 'Windows 10', os.arch: 'amd64', os.version: '10.0', java.version: '1.8.0_121'
Driver info: org.openqa.selenium.firefox.FirefoxDriver
Capabilities [{moz:profile=C:\Users\pc\AppData\Local\Temp\rust_mozprofile.xjobDiTps6xc, rotatable=false, timeouts={implicit=0, pageLoad=300000, script=30000}, pageLoadStrategy=normal, platform=XP, specificationLevel=0, moz:accessibilityChecks=false, acceptInsecureCerts=true, browserVersion=55.0.3, platformVersion=10.0, moz:processID=14664, browserName=firefox, javascriptEnabled=true, platformName=XP}]
Session ID: 0d0b3161-3206-4204-960a-769f15ee9430
*** Element info: {Using=xpath, value=.//*[@id='hours']}
[INFO ] 2017-11-30 16:49:52,311 com.webtest.util.Log - org.openqa.selenium.NoSuchElementException: Unable to locate element: .//*[@id='leave_chosen']/ul
For documentation on this error, please visit: http://seleniumhq.org/exceptions/no_such_element.html
Build info: version: '3.6.0', revision: '6fbf3ec767', time: '2017-09-27T16:15:40.131Z'
System info: host: 'LENOVO', ip: '10.7.90.232', os.name: 'Windows 10', os.arch: 'amd64', os.version: '10.0', java.version: '1.8.0_121'
Driver info: org.openqa.selenium.firefox.FirefoxDriver
Capabilities [{moz:profile=C:\Users\pc\AppData\Local\Temp\rust_mozprofile.xjobDiTps6xc, rotatable=false, timeouts={implicit=0, pageLoad=300000, script=30000}, pageLoadStrategy=normal, platform=XP, specificationLevel=0, moz:accessibilityChecks=false, acceptInsecureCerts=true, browserVersion=55.0.3, platformVersion=10.0, moz:processID=14664, browserName=firefox, javascriptEnabled=true, platformName=XP}]
Session ID: 0d0b3161-3206-4204-960a-769f15ee9430
*** Element info: {Using=xpath, value=.//*[@id='leave_chosen']/ul}
[INFO ] 2017-11-30 16:49:52,327 com.webtest.util.Log - org.openqa.selenium.NoSuchElementException: Unable to locate element: .//*[@id='submit']
For documentation on this error, please visit: http://seleniumhq.org/exceptions/no_such_element.html
Build info: version: '3.6.0', revision: '6fbf3ec767', time: '2017-09-27T16:15:40.131Z'
System info: host: 'LENOVO', ip: '10.7.90.232', os.name: 'Windows 10', os.arch: 'amd64', os.version: '10.0', java.version: '1.8.0_121'
Driver info: org.openqa.selenium.firefox.FirefoxDriver
Capabilities [{moz:profile=C:\Users\pc\AppData\Local\Temp\rust_mozprofile.xjobDiTps6xc, rotatable=false, timeouts={implicit=0, pageLoad=300000, script=30000}, pageLoadStrategy=normal, platform=XP, specificationLevel=0, moz:accessibilityChecks=false, acceptInsecureCerts=true, browserVersion=55.0.3, platformVersion=10.0, moz:processID=14664, browserName=firefox, javascriptEnabled=true, platformName=XP}]
Session ID: 0d0b3161-3206-4204-960a-769f15ee9430
*** Element info: {Using=xpath, value=.//*[@id='submit']}
[INFO ] 2017-11-30 16:54:03,441 com.webtest.util.Log - Using Firefox
[INFO ] 2017-11-30 16:54:03,449 com.webtest.util.Log - firefox
[INFO ] 2017-11-30 16:54:07,053 com.webtest.util.Log - Opened url http://127.0.0.1/ranzhi/sys/user-login-L3JhbnpoaS9zeXMv.html
[INFO ] 2017-11-30 16:54:17,390 com.webtest.util.Log - org.openqa.selenium.NoSuchElementException: Unable to locate element: .//*[@id='mainNavbar']/ul/li[6]/a
For documentation on this error, please visit: http://seleniumhq.org/exceptions/no_such_element.html
Build info: version: '3.6.0', revision: '6fbf3ec767', time: '2017-09-27T16:15:40.131Z'
System info: host: 'LENOVO', ip: '10.7.90.232', os.name: 'Windows 10', os.arch: 'amd64', os.version: '10.0', java.version: '1.8.0_121'
Driver info: org.openqa.selenium.firefox.FirefoxDriver
Capabilities [{moz:profile=C:\Users\pc\AppData\Local\Temp\rust_mozprofile.6H9nsJLSSliB, rotatable=false, timeouts={implicit=0, pageLoad=300000, script=30000}, pageLoadStrategy=normal, platform=XP, specificationLevel=0, moz:accessibilityChecks=false, acceptInsecureCerts=true, browserVersion=55.0.3, platformVersion=10.0, moz:processID=13500, browserName=firefox, javascriptEnabled=true, platformName=XP}]
Session ID: 96cf4d50-923b-4623-bcaa-2d5da8c8a84a
*** Element info: {Using=xpath, value=.//*[@id='mainNavbar']/ul/li[6]/a}
[INFO ] 2017-11-30 16:56:20,320 com.webtest.util.Log - Using Firefox
[INFO ] 2017-11-30 16:56:20,330 com.webtest.util.Log - firefox
[INFO ] 2017-11-30 16:56:23,959 com.webtest.util.Log - Opened url http://127.0.0.1/ranzhi/sys/user-login-L3JhbnpoaS9zeXMv.html
[INFO ] 2017-11-30 16:56:37,366 com.webtest.util.Log - Entered iframe iframe-2
[INFO ] 2017-11-30 16:57:21,237 com.webtest.util.Log - Using Firefox
[INFO ] 2017-11-30 16:57:21,258 com.webtest.util.Log - firefox
[INFO ] 2017-11-30 16:57:24,889 com.webtest.util.Log - Opened url http://127.0.0.1/ranzhi/sys/user-login-L3JhbnpoaS9zeXMv.html
[INFO ] 2017-11-30 16:57:38,496 com.webtest.util.Log - Entered iframe iframe-2
[INFO ] 2017-11-30 16:58:18,095 com.webtest.util.Log - Using Firefox
[INFO ] 2017-11-30 16:58:18,099 com.webtest.util.Log - firefox
[INFO ] 2017-11-30 16:58:21,773 com.webtest.util.Log - Opened url http://127.0.0.1/ranzhi/sys/user-login-L3JhbnpoaS9zeXMv.html
[INFO ] 2017-11-30 16:58:35,027 com.webtest.util.Log - Entered iframe iframe-2
[INFO ] 2017-11-30 17:00:20,335 com.webtest.util.Log - Using Firefox
[INFO ] 2017-11-30 17:00:20,350 com.webtest.util.Log - firefox
[INFO ] 2017-11-30 17:00:24,449 com.webtest.util.Log - Opened url http://127.0.0.1/ranzhi/sys/user-login-L3JhbnpoaS9zeXMv.html
[INFO ] 2017-11-30 17:00:37,770 com.webtest.util.Log - Entered iframe iframe-2
[INFO ] 2017-11-30 17:02:32,238 com.webtest.util.Log - Using Firefox
[INFO ] 2017-11-30 17:02:32,242 com.webtest.util.Log - firefox
[INFO ] 2017-11-30 17:02:35,820 com.webtest.util.Log - Opened url http://127.0.0.1/ranzhi/sys/user-login-L3JhbnpoaS9zeXMv.html
[INFO ] 2017-11-30 17:02:49,274 com.webtest.util.Log - Entered iframe iframe-2
[INFO ] 2017-11-30 17:04:40,740 com.webtest.util.Log - Using Firefox
[INFO ] 2017-11-30 17:04:40,792 com.webtest.util.Log - firefox
[INFO ] 2017-11-30 17:04:44,399 com.webtest.util.Log - Opened url http://127.0.0.1/ranzhi/sys/user-login-L3JhbnpoaS9zeXMv.html
[INFO ] 2017-11-30 17:04:57,962 com.webtest.util.Log - Entered iframe iframe-2
[INFO ] 2017-11-30 17:05:42,944 com.webtest.util.Log - Using Firefox
[INFO ] 2017-11-30 17:05:42,962 com.webtest.util.Log - firefox
[INFO ] 2017-11-30 17:05:46,535 com.webtest.util.Log - Opened url http://127.0.0.1/ranzhi/sys/user-login-L3JhbnpoaS9zeXMv.html
[INFO ] 2017-11-30 17:05:59,988 com.webtest.util.Log - Entered iframe iframe-2
[INFO ] 2017-11-30 17:08:57,006 com.webtest.util.Log - Using Firefox
[INFO ] 2017-11-30 17:08:57,015 com.webtest.util.Log - firefox
[INFO ] 2017-11-30 17:09:01,990 com.webtest.util.Log - Opened url http://127.0.0.1/ranzhi/sys/user-login-L3JhbnpoaS9zeXMv.html
[INFO ] 2017-11-30 17:09:15,520 com.webtest.util.Log - Entered iframe iframe-2
[INFO ] 2017-11-30 17:10:08,955 com.webtest.util.Log - Using Firefox
[INFO ] 2017-11-30 17:10:08,962 com.webtest.util.Log - firefox
[INFO ] 2017-11-30 17:10:12,523 com.webtest.util.Log - Opened url http://127.0.0.1/ranzhi/sys/user-login-L3JhbnpoaS9zeXMv.html
[INFO ] 2017-11-30 17:10:25,894 com.webtest.util.Log - Entered iframe iframe-2
[INFO ] 2017-11-30 17:10:37,401 com.webtest.util.Log - .//*[@id='leave_chosen']/div/ul/li[1]can't find element by prefix.
[INFO ] 2017-11-30 17:13:01,434 com.webtest.util.Log - Using Firefox
[INFO ] 2017-11-30 17:13:01,442 com.webtest.util.Log - firefox
[INFO ] 2017-11-30 17:13:05,050 com.webtest.util.Log - Opened url http://127.0.0.1/ranzhi/sys/user-login-L3JhbnpoaS9zeXMv.html
[INFO ] 2017-11-30 17:13:18,420 com.webtest.util.Log - Entered iframe iframe-2
[INFO ] 2017-11-30 17:14:31,853 com.webtest.util.Log - Using Firefox
[INFO ] 2017-11-30 17:14:31,863 com.webtest.util.Log - firefox
[INFO ] 2017-11-30 17:14:36,004 com.webtest.util.Log - Opened url http://127.0.0.1/ranzhi/sys/user-login-L3JhbnpoaS9zeXMv.html
[INFO ] 2017-11-30 17:14:49,406 com.webtest.util.Log - Entered iframe iframe-2
[INFO ] 2017-11-30 17:15:51,062 com.webtest.util.Log - Using Firefox
[INFO ] 2017-11-30 17:15:51,068 com.webtest.util.Log - firefox
[INFO ] 2017-11-30 17:15:55,830 com.webtest.util.Log - Opened url http://127.0.0.1/ranzhi/sys/user-login-L3JhbnpoaS9zeXMv.html
[INFO ] 2017-11-30 17:16:09,239 com.webtest.util.Log - Entered iframe iframe-2
